1171, 0, 150, 80, 157, Tue Aug 20 16:25:48 2024
1213, 0, 134, 67, 141, Tue Aug 20 16:26:48 2024
1210, 0, 139, 65, 136, Tue Aug 20 16:27:48 2024
1149, 0, 145, 71, 148, Tue Aug 20 16:28:48 2024
1251, 0, 130, 48, 125, Tue Aug 20 16:29:48 2024
1245, 0, 140, 75, 169, Tue Aug 20 16:30:48 2024
1178, 0, 124, 59, 127, Tue Aug 20 16:31:48 2024
1216, 0, 148, 86, 166, Tue Aug 20 16:32:48 2024
1210, 0, 140, 63, 141, Tue Aug 20 16:33:48 2024
1239, 0, 147, 74, 161, Tue Aug 20 16:35:27 2024
1219, 0, 145, 69, 139, Tue Aug 20 16:36:27 2024
1207, 0, 143, 65, 145, Tue Aug 20 16:37:27 2024
1227, 0, 145, 68, 145, Tue Aug 20 16:39:08 2024
1289, 0, 127, 71, 154, Tue Aug 20 16:40:08 2024
1132, 0, 121, 60, 123, Tue Aug 20 16:41:08 2024
1121, 0, 147, 75, 138, Tue Aug 20 16:42:08 2024
1177, 0, 150, 62, 130, Tue Aug 20 16:43:08 2024
1187, 0, 142, 54, 130, Tue Aug 20 16:44:08 2024
1166, 0, 124, 61, 135, Tue Aug 20 16:45:08 2024
1168, 0, 122, 54, 117, Tue Aug 20 16:46:08 2024
1182, 0, 150, 75, 148, Tue Aug 20 16:47:08 2024
1148, 0, 128, 55, 121, Tue Aug 20 16:48:08 2024
1138, 0, 144, 73, 140, Tue Aug 20 16:49:08 2024
1169, 0, 128, 52, 131, Tue Aug 20 16:50:08 2024
1206, 0, 144, 63, 143, Tue Aug 20 16:51:08 2024
1202, 0, 152, 71, 147, Tue Aug 20 16:52:08 2024
1149, 0, 135, 66, 137, Tue Aug 20 16:53:08 2024
1129, 0, 147, 72, 147, Tue Aug 20 16:54:08 2024
1166, 0, 131, 59, 124, Tue Aug 20 16:55:08 2024
1135, 0, 140, 70, 142, Tue Aug 20 16:56:08 2024
1185, 0, 119, 50, 121, Tue Aug 20 16:57:08 2024
1144, 0, 147, 64, 129, Tue Aug 20 16:58:08 2024
1186, 0, 157, 66, 130, Tue Aug 20 16:59:08 2024
1161, 0, 126, 78, 156, Tue Aug 20 17:00:08 2024
1166, 0, 147, 70, 127, Tue Aug 20 17:01:08 2024
1204, 0, 137, 63, 134, Tue Aug 20 17:02:08 2024
1135, 0, 120, 60, 129, Tue Aug 20 17:03:08 2024
1273, 0, 166, 86, 158, Tue Aug 20 17:04:08 2024
1143, 0, 152, 74, 131, Tue Aug 20 17:05:08 2024
1170, 0, 131, 57, 129, Tue Aug 20 17:06:08 2024
1133, 0, 136, 66, 139, Tue Aug 20 17:07:08 2024
1186, 0, 137, 59, 128, Tue Aug 20 17:08:08 2024
1140, 0, 143, 62, 121, Tue Aug 20 17:09:08 2024
1191, 0, 133, 76, 146, Tue Aug 20 17:10:08 2024
1172, 0, 140, 64, 135, Tue Aug 20 17:11:08 2024
1203, 0, 146, 64, 147, Tue Aug 20 17:12:08 2024
1131, 0, 143, 65, 126, Tue Aug 20 17:13:08 2024
1123, 0, 177, 72, 139, Tue Aug 20 17:14:08 2024
1186, 0, 155, 69, 155, Tue Aug 20 17:15:08 2024
1190, 0, 121, 54, 130, Tue Aug 20 17:16:08 2024
1202, 0, 145, 72, 147, Tue Aug 20 17:17:08 2024
1141, 0, 131, 53, 116, Tue Aug 20 17:18:08 2024
1178, 0, 149, 72, 159, Tue Aug 20 17:19:08 2024
1124, 0, 109, 56, 128, Tue Aug 20 17:20:08 2024
1118, 0, 128, 60, 121, Tue Aug 20 17:21:08 2024
1206, 0, 153, 76, 153, Tue Aug 20 17:22:08 2024
1215, 0, 128, 65, 126, Tue Aug 20 17:23:08 2024
1184, 0, 157, 84, 143, Tue Aug 20 17:24:08 2024
1236, 0, 163, 83, 141, Tue Aug 20 17:25:08 2024
1224, 0, 132, 70, 139, Tue Aug 20 17:26:08 2024
1124, 0, 134, 50, 120, Tue Aug 20 17:27:08 2024
1120, 0, 115, 60, 143, Tue Aug 20 17:28:08 2024
1215, 0, 123, 55, 116, Tue Aug 20 17:29:08 2024
1153, 0, 146, 84, 163, Tue Aug 20 17:30:08 2024
1155, 0, 132, 58, 115, Tue Aug 20 17:31:08 2024
1206, 0, 156, 79, 134, Tue Aug 20 17:32:08 2024
1172, 0, 121, 70, 147, Tue Aug 20 17:33:08 2024
1098, 0, 146, 70, 137, Tue Aug 20 17:34:08 2024
1203, 0, 148, 73, 159, Tue Aug 20 17:35:08 2024
1176, 0, 128, 75, 144, Tue Aug 20 17:36:08 2024
1209, 0, 153, 76, 148, Tue Aug 20 17:37:08 2024
1207, 0, 126, 59, 117, Tue Aug 20 17:38:08 2024
1205, 0, 166, 90, 155, Tue Aug 20 17:39:08 2024
1147, 0, 133, 68, 138, Tue Aug 20 17:40:08 2024
1157, 0, 136, 80, 154, Tue Aug 20 17:41:08 2024
1172, 0, 136, 60, 126, Tue Aug 20 17:42:08 2024
1179, 0, 141, 72, 149, Tue Aug 20 17:43:08 2024
1157, 0, 113, 67, 142, Tue Aug 20 17:44:08 2024
1129, 0, 121, 54, 122, Tue Aug 20 17:45:08 2024
1213, 0, 173, 81, 147, Tue Aug 20 17:46:08 2024
1172, 0, 159, 72, 125, Tue Aug 20 17:47:08 2024
1158, 0, 132, 69, 145, Tue Aug 20 17:48:08 2024
1208, 0, 138, 76, 136, Tue Aug 20 17:49:08 2024
1241, 0, 120, 58, 130, Tue Aug 20 17:50:08 2024
1213, 0, 135, 63, 145, Tue Aug 20 17:51:08 2024
1177, 0, 138, 70, 143, Tue Aug 20 17:52:08 2024
1200, 0, 134, 61, 122, Tue Aug 20 17:53:08 2024
1265, 0, 116, 62, 152, Tue Aug 20 17:54:08 2024
1237, 0, 134, 65, 121, Tue Aug 20 17:55:08 2024
1168, 0, 138, 64, 122, Tue Aug 20 17:56:08 2024
1150, 0, 157, 68, 135, Tue Aug 20 17:57:08 2024
1139, 0, 132, 64, 135, Tue Aug 20 17:58:08 2024
1187, 0, 133, 60, 141, Tue Aug 20 17:59:08 2024
1172, 0, 129, 56, 133, Tue Aug 20 18:00:08 2024
1198, 0, 133, 60, 131, Tue Aug 20 18:01:08 2024
1178, 0, 142, 71, 136, Tue Aug 20 18:02:08 2024
1168, 0, 139, 78, 153, Tue Aug 20 18:03:08 2024
1179, 0, 128, 69, 155, Tue Aug 20 18:04:08 2024
1218, 0, 133, 60, 114, Tue Aug 20 18:05:08 2024
1223, 0, 146, 79, 148, Tue Aug 20 18:06:08 2024
1218, 0, 118, 59, 142, Tue Aug 20 18:07:08 2024
1193, 0, 124, 54, 141, Tue Aug 20 18:08:08 2024
1213, 0, 137, 65, 133, Tue Aug 20 18:09:08 2024
1233, 0, 149, 74, 138, Tue Aug 20 18:10:08 2024
1214, 0, 158, 76, 142, Tue Aug 20 18:11:08 2024
1183, 0, 137, 75, 140, Tue Aug 20 18:12:08 2024
1156, 0, 128, 55, 125, Tue Aug 20 18:13:08 2024
1207, 0, 155, 69, 146, Tue Aug 20 18:14:08 2024
1177, 0, 130, 55, 114, Tue Aug 20 18:15:08 2024
1189, 0, 140, 62, 135, Tue Aug 20 18:16:08 2024
1215, 0, 136, 69, 122, Tue Aug 20 18:17:08 2024
1156, 0, 128, 70, 144, Tue Aug 20 18:18:08 2024
1197, 0, 136, 74, 149, Tue Aug 20 18:19:08 2024
1187, 0, 130, 59, 134, Tue Aug 20 18:20:08 2024
1142, 0, 142, 70, 138, Tue Aug 20 18:21:08 2024
1299, 0, 109, 51, 130, Tue Aug 20 18:22:08 2024
1260, 0, 158, 87, 154, Tue Aug 20 18:23:08 2024
1205, 0, 139, 69, 134, Tue Aug 20 18:24:08 2024
1224, 0, 155, 71, 148, Tue Aug 20 18:25:08 2024
1229, 0, 142, 67, 152, Tue Aug 20 18:26:08 2024
1160, 0, 139, 66, 138, Tue Aug 20 18:27:08 2024
1210, 0, 157, 72, 151, Tue Aug 20 18:28:08 2024
1209, 0, 136, 68, 138, Tue Aug 20 18:29:08 2024
1168, 0, 128, 49, 116, Tue Aug 20 18:30:08 2024
1259, 0, 135, 66, 143, Tue Aug 20 18:31:08 2024
1132, 0, 122, 53, 125, Tue Aug 20 18:32:08 2024
1179, 0, 151, 71, 127, Tue Aug 20 18:33:08 2024
1177, 0, 145, 77, 122, Tue Aug 20 18:34:08 2024
1235, 0, 144, 69, 146, Tue Aug 20 18:35:08 2024
1199, 0, 129, 61, 133, Tue Aug 20 18:36:08 2024
1184, 0, 135, 64, 146, Tue Aug 20 18:37:08 2024
1246, 0, 170, 79, 167, Tue Aug 20 18:38:08 2024
1216, 0, 126, 60, 152, Tue Aug 20 18:39:08 2024
1241, 0, 121, 63, 138, Tue Aug 20 18:40:08 2024
1254, 0, 141, 64, 135, Tue Aug 20 18:41:08 2024
1238, 0, 125, 60, 136, Tue Aug 20 18:42:08 2024
1255, 0, 148, 77, 156, Tue Aug 20 18:43:08 2024
1199, 0, 124, 52, 120, Tue Aug 20 18:44:08 2024
1254, 0, 148, 89, 163, Tue Aug 20 18:45:08 2024
1326, 0, 137, 81, 148, Tue Aug 20 18:46:08 2024
1212, 0, 146, 65, 132, Tue Aug 20 18:47:08 2024
1195, 0, 137, 66, 142, Tue Aug 20 18:48:08 2024
1239, 0, 157, 82, 154, Tue Aug 20 18:49:08 2024
1204, 0, 123, 65, 145, Tue Aug 20 18:50:08 2024
1240, 0, 143, 83, 145, Tue Aug 20 18:51:08 2024
1248, 0, 120, 52, 124, Tue Aug 20 18:52:08 2024
1198, 0, 138, 70, 143, Tue Aug 20 18:53:08 2024
1169, 0, 136, 60, 138, Tue Aug 20 18:54:08 2024
1172, 0, 161, 81, 161, Tue Aug 20 18:55:08 2024
1212, 0, 160, 78, 158, Tue Aug 20 18:56:08 2024
1215, 0, 132, 56, 140, Tue Aug 20 18:57:08 2024
1192, 0, 141, 61, 133, Tue Aug 20 18:58:08 2024
1170, 0, 155, 66, 129, Tue Aug 20 18:59:08 2024
1186, 0, 145, 64, 138, Tue Aug 20 19:00:08 2024
1219, 0, 156, 82, 146, Tue Aug 20 19:01:08 2024
1301, 0, 140, 70, 154, Tue Aug 20 19:02:08 2024
1217, 0, 148, 71, 142, Tue Aug 20 19:03:08 2024
1138, 0, 148, 67, 143, Tue Aug 20 19:04:08 2024
1170, 0, 127, 64, 127, Tue Aug 20 19:05:08 2024
1240, 0, 131, 62, 139, Tue Aug 20 19:06:08 2024
1188, 0, 144, 66, 159, Tue Aug 20 19:07:08 2024
1217, 0, 139, 67, 151, Tue Aug 20 19:08:08 2024
1221, 0, 144, 72, 138, Tue Aug 20 19:09:08 2024
1224, 0, 134, 66, 140, Tue Aug 20 19:10:08 2024
1251, 0, 166, 88, 165, Tue Aug 20 19:11:08 2024
1203, 0, 147, 66, 113, Tue Aug 20 19:12:08 2024
1201, 0, 126, 53, 124, Tue Aug 20 19:13:08 2024
1247, 0, 136, 60, 135, Tue Aug 20 19:14:08 2024
1200, 0, 158, 70, 123, Tue Aug 20 19:15:08 2024
1196, 0, 145, 74, 137, Tue Aug 20 19:16:08 2024
1242, 0, 133, 63, 128, Tue Aug 20 19:17:08 2024
1230, 0, 136, 60, 135, Tue Aug 20 19:18:08 2024
1178, 0, 131, 52, 122, Tue Aug 20 19:19:08 2024
1157, 0, 139, 62, 131, Tue Aug 20 19:20:08 2024
1241, 0, 146, 74, 158, Tue Aug 20 19:21:08 2024
1208, 0, 153, 82, 148, Tue Aug 20 19:22:08 2024
1212, 0, 124, 57, 129, Tue Aug 20 19:23:08 2024
1176, 0, 131, 75, 137, Tue Aug 20 19:24:08 2024
1232, 0, 142, 67, 133, Tue Aug 20 19:25:08 2024
1237, 0, 135, 77, 133, Tue Aug 20 19:26:08 2024
1258, 0, 146, 59, 127, Tue Aug 20 19:27:08 2024
1169, 0, 139, 71, 126, Tue Aug 20 19:28:08 2024
1215, 0, 147, 74, 132, Tue Aug 20 19:29:08 2024
1207, 0, 149, 78, 145, Tue Aug 20 19:30:08 2024
1148, 0, 114, 47, 120, Tue Aug 20 19:31:08 2024
1251, 0, 154, 70, 132, Tue Aug 20 19:32:08 2024
1181, 0, 152, 79, 149, Tue Aug 20 19:33:08 2024
1276, 0, 146, 74, 164, Tue Aug 20 19:34:08 2024
1212, 0, 158, 65, 138, Tue Aug 20 19:35:08 2024
1151, 0, 135, 54, 116, Tue Aug 20 19:36:08 2024
1244, 0, 152, 88, 167, Tue Aug 20 19:37:08 2024
1203, 0, 135, 65, 136, Tue Aug 20 19:38:08 2024
1149, 0, 136, 70, 148, Tue Aug 20 19:39:08 2024
1176, 0, 123, 62, 137, Tue Aug 20 19:40:08 2024
1193, 0, 128, 55, 135, Tue Aug 20 19:41:08 2024
1210, 0, 116, 51, 128, Tue Aug 20 19:42:08 2024
1160, 0, 143, 73, 134, Tue Aug 20 19:43:08 2024
1200, 0, 139, 71, 138, Tue Aug 20 19:44:08 2024
1151, 0, 132, 61, 129, Tue Aug 20 19:45:08 2024
1173, 0, 132, 61, 130, Tue Aug 20 19:46:08 2024
1184, 0, 134, 69, 141, Tue Aug 20 19:47:08 2024
1149, 0, 139, 69, 129, Tue Aug 20 19:48:08 2024
1164, 0, 158, 74, 122, Tue Aug 20 19:49:08 2024
1185, 0, 143, 59, 120, Tue Aug 20 19:50:08 2024
1242, 0, 141, 65, 128, Tue Aug 20 19:51:08 2024
1219, 0, 126, 63, 154, Tue Aug 20 19:52:08 2024
1169, 0, 125, 64, 136, Tue Aug 20 19:53:08 2024
1255, 0, 143, 74, 151, Tue Aug 20 19:54:08 2024
1268, 0, 140, 68, 144, Tue Aug 20 19:55:08 2024
1145, 0, 134, 59, 128, Tue Aug 20 19:56:08 2024
1216, 0, 123, 62, 140, Tue Aug 20 19:57:08 2024
1267, 0, 156, 78, 154, Tue Aug 20 19:58:08 2024
1178, 0, 134, 63, 126, Tue Aug 20 19:59:08 2024
1254, 0, 122, 54, 116, Tue Aug 20 20:00:08 2024
1190, 0, 124, 63, 130, Tue Aug 20 20:01:08 2024
1175, 0, 159, 78, 143, Tue Aug 20 20:02:08 2024
1239, 0, 142, 73, 139, Tue Aug 20 20:03:08 2024
1184, 0, 157, 62, 145, Tue Aug 20 20:04:08 2024
1241, 0, 148, 77, 147, Tue Aug 20 20:05:08 2024
1212, 0, 152, 75, 154, Tue Aug 20 20:06:08 2024
1236, 0, 151, 68, 149, Tue Aug 20 20:07:08 2024
1208, 0, 150, 76, 144, Tue Aug 20 20:08:08 2024
1232, 0, 135, 69, 149, Tue Aug 20 20:09:08 2024
1232, 0, 143, 79, 166, Tue Aug 20 20:10:08 2024
1182, 0, 146, 67, 134, Tue Aug 20 20:11:08 2024
1181, 0, 134, 59, 154, Tue Aug 20 20:12:08 2024
1276, 0, 135, 69, 152, Tue Aug 20 20:13:08 2024
1264, 0, 141, 69, 148, Tue Aug 20 20:14:08 2024
1212, 0, 141, 68, 138, Tue Aug 20 20:15:08 2024
1269, 0, 129, 61, 141, Tue Aug 20 20:16:08 2024
1183, 0, 127, 61, 133, Tue Aug 20 20:17:08 2024
1209, 0, 134, 67, 140, Tue Aug 20 20:18:08 2024
1214, 0, 147, 72, 150, Tue Aug 20 20:19:08 2024
1161, 0, 120, 54, 129, Tue Aug 20 20:20:08 2024
1231, 0, 137, 58, 143, Tue Aug 20 20:21:08 2024
1154, 0, 125, 54, 135, Tue Aug 20 20:22:08 2024
1240, 0, 120, 63, 125, Tue Aug 20 20:23:08 2024
1231, 0, 135, 66, 129, Tue Aug 20 20:24:08 2024
1251, 0, 131, 68, 142, Tue Aug 20 20:25:08 2024
1218, 0, 124, 60, 145, Tue Aug 20 20:26:08 2024
1206, 0, 138, 52, 123, Tue Aug 20 20:27:08 2024
1181, 0, 133, 66, 143, Tue Aug 20 20:28:08 2024
1231, 0, 142, 68, 150, Tue Aug 20 20:29:08 2024
1226, 0, 140, 59, 132, Tue Aug 20 20:30:08 2024
1182, 0, 138, 61, 130, Tue Aug 20 20:31:08 2024
1203, 0, 151, 75, 152, Tue Aug 20 20:32:08 2024
1220, 0, 151, 75, 148, Tue Aug 20 20:33:08 2024
1208, 0, 137, 66, 141, Tue Aug 20 20:34:08 2024
1254, 0, 146, 70, 138, Tue Aug 20 20:35:08 2024
1224, 0, 146, 78, 166, Tue Aug 20 20:36:08 2024
1208, 0, 126, 52, 125, Tue Aug 20 20:37:08 2024
1212, 0, 120, 63, 144, Tue Aug 20 20:38:08 2024
1189, 0, 156, 68, 125, Tue Aug 20 20:39:08 2024
1232, 0, 129, 48, 122, Tue Aug 20 20:40:08 2024
1196, 0, 142, 72, 140, Tue Aug 20 20:41:08 2024
1210, 0, 126, 58, 141, Tue Aug 20 20:42:08 2024
1163, 0, 132, 56, 138, Tue Aug 20 20:43:08 2024
1181, 0, 143, 66, 134, Tue Aug 20 20:44:08 2024
1165, 0, 150, 73, 142, Tue Aug 20 20:45:08 2024
1198, 0, 161, 81, 158, Tue Aug 20 20:46:08 2024
1252, 0, 146, 77, 148, Tue Aug 20 20:47:08 2024
1181, 0, 133, 57, 120, Tue Aug 20 20:48:08 2024
1225, 0, 142, 67, 132, Tue Aug 20 20:49:08 2024
1200, 0, 142, 73, 142, Tue Aug 20 20:50:08 2024
1178, 0, 143, 69, 142, Tue Aug 20 20:51:08 2024
1234, 0, 128, 64, 142, Tue Aug 20 20:52:08 2024
1171, 0, 146, 79, 128, Tue Aug 20 20:53:08 2024
1166, 0, 139, 68, 128, Tue Aug 20 20:54:08 2024
1178, 0, 135, 69, 127, Tue Aug 20 20:55:08 2024
1214, 0, 153, 72, 140, Tue Aug 20 20:56:08 2024
1287, 0, 124, 73, 149, Tue Aug 20 20:57:08 2024
1212, 0, 128, 72, 136, Tue Aug 20 20:58:08 2024
1246, 0, 137, 65, 129, Tue Aug 20 20:59:08 2024
1185, 0, 131, 60, 131, Tue Aug 20 21:00:08 2024
1183, 0, 138, 75, 141, Tue Aug 20 21:01:08 2024
1139, 0, 145, 64, 140, Tue Aug 20 21:02:08 2024
1230, 0, 157, 80, 152, Tue Aug 20 21:03:08 2024
1190, 0, 134, 65, 137, Tue Aug 20 21:04:08 2024
1160, 0, 131, 61, 121, Tue Aug 20 21:05:08 2024
1261, 0, 134, 66, 154, Tue Aug 20 21:06:08 2024
1232, 0, 130, 54, 122, Tue Aug 20 21:07:08 2024
1195, 0, 153, 69, 141, Tue Aug 20 21:08:08 2024
1225, 0, 143, 72, 150, Tue Aug 20 21:09:08 2024
1226, 0, 129, 68, 148, Tue Aug 20 21:10:08 2024
1143, 0, 143, 65, 132, Tue Aug 20 21:11:08 2024
1184, 0, 121, 50, 124, Tue Aug 20 21:12:08 2024
1178, 0, 153, 65, 125, Tue Aug 20 21:13:08 2024
1202, 0, 128, 57, 131, Tue Aug 20 21:14:08 2024
1199, 0, 127, 66, 125, Tue Aug 20 21:15:08 2024
1196, 0, 132, 60, 127, Tue Aug 20 21:16:08 2024
1201, 0, 152, 77, 143, Tue Aug 20 21:17:08 2024
1234, 0, 142, 74, 137, Tue Aug 20 21:18:08 2024
1188, 0, 127, 60, 115, Tue Aug 20 21:19:08 2024
1201, 0, 144, 63, 144, Tue Aug 20 21:20:08 2024
1210, 0, 136, 70, 134, Tue Aug 20 21:21:08 2024
1251, 0, 120, 56, 127, Tue Aug 20 21:22:08 2024
1192, 0, 140, 62, 147, Tue Aug 20 21:23:08 2024
1234, 0, 142, 65, 142, Tue Aug 20 21:24:08 2024
1222, 0, 146, 70, 145, Tue Aug 20 21:25:08 2024
1242, 0, 120, 64, 135, Tue Aug 20 21:26:08 2024
1162, 0, 136, 57, 134, Tue Aug 20 21:27:08 2024
1248, 0, 154, 86, 151, Tue Aug 20 21:28:08 2024
1268, 0, 139, 65, 148, Tue Aug 20 21:29:08 2024
1218, 0, 139, 66, 138, Tue Aug 20 21:30:08 2024
1176, 0, 124, 53, 134, Tue Aug 20 21:31:08 2024
1298, 0, 127, 54, 124, Tue Aug 20 21:32:08 2024
1213, 0, 141, 65, 136, Tue Aug 20 21:33:08 2024
1175, 0, 136, 70, 134, Tue Aug 20 21:34:08 2024
1277, 0, 133, 67, 140, Tue Aug 20 21:35:08 2024
1232, 0, 146, 65, 132, Tue Aug 20 21:36:08 2024
1172, 0, 156, 77, 135, Tue Aug 20 21:37:08 2024
1188, 0, 139, 64, 143, Tue Aug 20 21:38:08 2024
1248, 0, 123, 56, 136, Tue Aug 20 21:39:08 2024
1127, 0, 143, 64, 135, Tue Aug 20 21:40:08 2024
1232, 0, 142, 70, 134, Tue Aug 20 21:41:08 2024
1211, 0, 122, 56, 135, Tue Aug 20 21:42:08 2024
1223, 0, 137, 66, 138, Tue Aug 20 21:43:08 2024
1236, 0, 139, 66, 133, Tue Aug 20 21:44:08 2024
1200, 0, 143, 59, 134, Tue Aug 20 21:45:08 2024
1230, 0, 134, 61, 121, Tue Aug 20 21:46:08 2024
1239, 0, 152, 82, 158, Tue Aug 20 21:47:08 2024
1194, 0, 130, 63, 142, Tue Aug 20 21:48:08 2024
1199, 0, 130, 57, 119, Tue Aug 20 21:49:08 2024
1236, 0, 138, 64, 140, Tue Aug 20 21:50:08 2024
1187, 0, 142, 72, 133, Tue Aug 20 21:51:08 2024
1193, 0, 129, 66, 140, Tue Aug 20 21:52:08 2024
1178, 0, 132, 59, 147, Tue Aug 20 21:53:08 2024
1189, 0, 148, 77, 147, Tue Aug 20 21:54:08 2024
1153, 0, 139, 62, 120, Tue Aug 20 21:55:08 2024
1221, 0, 134, 66, 132, Tue Aug 20 21:56:08 2024
1214, 0, 135, 68, 140, Tue Aug 20 21:57:08 2024
1243, 0, 139, 70, 134, Tue Aug 20 21:58:08 2024
1170, 0, 119, 51, 119, Tue Aug 20 21:59:08 2024
1187, 0, 138, 62, 136, Tue Aug 20 22:00:08 2024
1174, 0, 157, 77, 150, Tue Aug 20 22:01:08 2024
1234, 0, 131, 70, 141, Tue Aug 20 22:02:08 2024
1264, 0, 151, 69, 140, Tue Aug 20 22:03:08 2024
1267, 0, 149, 72, 153, Tue Aug 20 22:04:08 2024
1256, 0, 137, 82, 152, Tue Aug 20 22:05:08 2024
1205, 0, 139, 73, 149, Tue Aug 20 22:06:08 2024
1262, 0, 148, 66, 136, Tue Aug 20 22:07:08 2024
1276, 0, 138, 63, 155, Tue Aug 20 22:08:08 2024
1252, 0, 126, 62, 136, Tue Aug 20 22:09:08 2024
1260, 0, 166, 76, 164, Tue Aug 20 22:10:08 2024
1153, 0, 130, 61, 125, Tue Aug 20 22:11:08 2024
1185, 0, 137, 70, 114, Tue Aug 20 22:12:08 2024
1201, 0, 137, 68, 134, Tue Aug 20 22:13:08 2024
1215, 0, 118, 68, 150, Tue Aug 20 22:14:08 2024
1238, 0, 119, 62, 132, Tue Aug 20 22:15:08 2024
1153, 0, 139, 61, 145, Tue Aug 20 22:16:08 2024
1225, 0, 175, 74, 152, Tue Aug 20 22:17:08 2024
1234, 0, 148, 72, 162, Tue Aug 20 22:18:08 2024
1220, 0, 140, 73, 132, Tue Aug 20 22:19:08 2024
1247, 0, 141, 74, 141, Tue Aug 20 22:20:08 2024
1195, 0, 149, 67, 134, Tue Aug 20 22:21:08 2024
1264, 0, 143, 68, 150, Tue Aug 20 22:22:08 2024
1253, 0, 142, 63, 132, Tue Aug 20 22:23:08 2024
1221, 0, 134, 60, 141, Tue Aug 20 22:24:08 2024
1201, 0, 146, 67, 148, Tue Aug 20 22:25:08 2024
1192, 0, 130, 48, 120, Tue Aug 20 22:26:08 2024
1257, 0, 158, 74, 142, Tue Aug 20 22:27:08 2024
1262, 0, 150, 81, 158, Tue Aug 20 22:28:08 2024
1180, 0, 139, 72, 126, Tue Aug 20 22:29:08 2024
1211, 0, 131, 58, 127, Tue Aug 20 22:30:08 2024
1211, 0, 147, 73, 158, Tue Aug 20 22:31:08 2024
1149, 0, 157, 69, 143, Tue Aug 20 22:32:08 2024
1291, 0, 142, 75, 164, Tue Aug 20 22:33:08 2024
1176, 0, 123, 66, 140, Tue Aug 20 22:34:08 2024
1261, 0, 161, 77, 148, Tue Aug 20 22:35:08 2024
1198, 0, 113, 51, 132, Tue Aug 20 22:36:08 2024
1178, 0, 162, 85, 150, Tue Aug 20 22:37:08 2024
1182, 0, 137, 74, 150, Tue Aug 20 22:38:08 2024
1217, 0, 147, 74, 151, Tue Aug 20 22:39:08 2024
1231, 0, 136, 63, 127, Tue Aug 20 22:40:08 2024
1244, 0, 133, 61, 139, Tue Aug 20 22:41:08 2024
1213, 0, 136, 53, 123, Tue Aug 20 22:42:08 2024
1191, 0, 162, 69, 137, Tue Aug 20 22:43:08 2024
1166, 0, 129, 68, 152, Tue Aug 20 22:44:08 2024
1249, 0, 162, 85, 158, Tue Aug 20 22:45:08 2024
1215, 0, 152, 77, 149, Tue Aug 20 22:46:08 2024
1290, 0, 140, 70, 155, Tue Aug 20 22:47:08 2024
1247, 0, 137, 71, 151, Tue Aug 20 22:48:08 2024
1253, 0, 132, 60, 138, Tue Aug 20 22:49:08 2024
1289, 0, 126, 63, 147, Tue Aug 20 22:50:08 2024
1198, 0, 157, 73, 133, Tue Aug 20 22:51:08 2024
1199, 0, 154, 63, 141, Tue Aug 20 22:52:08 2024
1264, 0, 133, 67, 171, Tue Aug 20 22:53:08 2024
1227, 0, 131, 63, 135, Tue Aug 20 22:54:08 2024
1246, 0, 123, 64, 143, Tue Aug 20 22:55:08 2024
1213, 0, 136, 73, 152, Tue Aug 20 22:56:08 2024
1203, 0, 147, 70, 146, Tue Aug 20 22:57:08 2024
1203, 0, 134, 57, 134, Tue Aug 20 22:58:08 2024
1210, 0, 138, 76, 140, Tue Aug 20 22:59:08 2024
1265, 0, 146, 67, 135, Tue Aug 20 23:00:08 2024
1181, 0, 136, 68, 119, Tue Aug 20 23:01:08 2024
1166, 0, 158, 80, 146, Tue Aug 20 23:02:08 2024
1164, 0, 131, 55, 119, Tue Aug 20 23:03:08 2024
1307, 0, 131, 69, 149, Tue Aug 20 23:04:08 2024
1191, 0, 139, 60, 140, Tue Aug 20 23:05:08 2024
1208, 0, 126, 64, 133, Tue Aug 20 23:06:08 2024
1192, 0, 133, 55, 112, Tue Aug 20 23:07:08 2024
1176, 0, 153, 74, 141, Tue Aug 20 23:08:08 2024
1263, 0, 131, 63, 137, Tue Aug 20 23:09:08 2024
1240, 0, 132, 56, 132, Tue Aug 20 23:10:08 2024
1239, 0, 138, 65, 134, Tue Aug 20 23:11:08 2024
1224, 0, 133, 62, 142, Tue Aug 20 23:12:08 2024
1190, 0, 133, 58, 115, Tue Aug 20 23:13:08 2024
1240, 0, 145, 64, 140, Tue Aug 20 23:14:08 2024
1242, 0, 149, 66, 133, Tue Aug 20 23:15:08 2024
1223, 0, 132, 68, 142, Tue Aug 20 23:16:08 2024
1184, 0, 133, 70, 138, Tue Aug 20 23:17:08 2024
1193, 0, 125, 57, 133, Tue Aug 20 23:18:08 2024
1171, 0, 136, 45, 127, Tue Aug 20 23:19:08 2024
1211, 0, 151, 74, 143, Tue Aug 20 23:20:08 2024
1241, 0, 135, 70, 140, Tue Aug 20 23:21:08 2024
1281, 0, 142, 62, 116, Tue Aug 20 23:22:08 2024
1212, 0, 140, 67, 136, Tue Aug 20 23:23:08 2024
1193, 0, 145, 75, 130, Tue Aug 20 23:24:08 2024
1204, 0, 142, 61, 122, Tue Aug 20 23:25:08 2024
1256, 0, 108, 49, 111, Tue Aug 20 23:26:08 2024
1203, 0, 155, 74, 135, Tue Aug 20 23:27:08 2024
1276, 0, 156, 60, 140, Tue Aug 20 23:28:08 2024
1235, 0, 144, 68, 129, Tue Aug 20 23:29:08 2024
1241, 0, 139, 62, 144, Tue Aug 20 23:30:08 2024
1261, 0, 159, 83, 153, Tue Aug 20 23:31:08 2024
1215, 0, 154, 70, 151, Tue Aug 20 23:32:08 2024
1225, 0, 124, 57, 121, Tue Aug 20 23:33:08 2024
1205, 0, 156, 75, 148, Tue Aug 20 23:34:08 2024
1167, 0, 137, 68, 149, Tue Aug 20 23:35:08 2024
1207, 0, 127, 62, 115, Tue Aug 20 23:36:08 2024
1193, 0, 140, 61, 125, Tue Aug 20 23:37:08 2024
1215, 0, 153, 79, 148, Tue Aug 20 23:38:08 2024
1178, 0, 126, 67, 135, Tue Aug 20 23:39:08 2024
1192, 0, 130, 58, 128, Tue Aug 20 23:40:08 2024
1221, 0, 146, 65, 137, Tue Aug 20 23:41:08 2024
1214, 0, 140, 64, 126, Tue Aug 20 23:42:08 2024
1222, 0, 132, 70, 147, Tue Aug 20 23:43:08 2024
1161, 0, 126, 70, 147, Tue Aug 20 23:44:08 2024
1235, 0, 140, 72, 136, Tue Aug 20 23:45:08 2024
1197, 0, 126, 59, 130, Tue Aug 20 23:46:08 2024
1250, 0, 112, 66, 130, Tue Aug 20 23:47:08 2024
1234, 0, 140, 72, 150, Tue Aug 20 23:48:08 2024
1243, 0, 144, 78, 134, Tue Aug 20 23:49:08 2024
1231, 0, 149, 62, 145, Tue Aug 20 23:50:08 2024
1239, 0, 144, 66, 135, Tue Aug 20 23:51:08 2024
1220, 0, 142, 61, 126, Tue Aug 20 23:52:08 2024
1267, 0, 127, 58, 138, Tue Aug 20 23:53:08 2024
1206, 0, 112, 54, 137, Tue Aug 20 23:54:08 2024
1228, 0, 137, 70, 143, Tue Aug 20 23:55:08 2024
1281, 0, 148, 75, 156, Tue Aug 20 23:56:08 2024
1208, 0, 152, 58, 145, Tue Aug 20 23:57:08 2024
1204, 0, 143, 68, 145, Tue Aug 20 23:58:08 2024
1277, 0, 161, 74, 143, Tue Aug 20 23:59:08 2024
1248, 0, 143, 72, 143, Wed Aug 21 00:00:08 2024
1224, 0, 135, 70, 131, Wed Aug 21 00:01:08 2024
1270, 0, 138, 84, 152, Wed Aug 21 00:02:08 2024
1227, 0, 132, 63, 139, Wed Aug 21 00:03:08 2024
1274, 0, 144, 69, 147, Wed Aug 21 00:04:08 2024
1210, 0, 147, 74, 138, Wed Aug 21 00:05:08 2024
1249, 0, 159, 68, 128, Wed Aug 21 00:06:08 2024
1221, 0, 143, 64, 131, Wed Aug 21 00:07:08 2024
1203, 0, 124, 59, 124, Wed Aug 21 00:08:08 2024
1206, 0, 138, 65, 134, Wed Aug 21 00:09:08 2024
1239, 0, 124, 52, 125, Wed Aug 21 00:10:08 2024
1240, 0, 147, 66, 122, Wed Aug 21 00:11:08 2024
1261, 0, 127, 67, 143, Wed Aug 21 00:12:08 2024
1258, 0, 148, 75, 144, Wed Aug 21 00:13:08 2024
1200, 0, 143, 63, 144, Wed Aug 21 00:14:08 2024
1224, 0, 122, 56, 121, Wed Aug 21 00:15:08 2024
1261, 0, 114, 53, 128, Wed Aug 21 00:16:08 2024
1215, 0, 147, 70, 153, Wed Aug 21 00:17:08 2024
1232, 0, 135, 74, 132, Wed Aug 21 00:18:08 2024
1216, 0, 155, 68, 148, Wed Aug 21 00:19:08 2024
1294, 0, 146, 70, 133, Wed Aug 21 00:20:08 2024
1265, 0, 143, 72, 135, Wed Aug 21 00:21:08 2024
1198, 0, 142, 69, 137, Wed Aug 21 00:22:08 2024
1202, 0, 140, 59, 131, Wed Aug 21 00:23:08 2024
1180, 0, 139, 69, 132, Wed Aug 21 00:24:08 2024
1271, 0, 147, 77, 145, Wed Aug 21 00:25:08 2024
1202, 0, 125, 63, 126, Wed Aug 21 00:26:08 2024
1256, 0, 153, 76, 162, Wed Aug 21 00:27:08 2024
1210, 0, 139, 61, 134, Wed Aug 21 00:28:08 2024
1228, 0, 133, 55, 115, Wed Aug 21 00:29:08 2024
1210, 0, 144, 67, 144, Wed Aug 21 00:30:08 2024
1304, 0, 140, 70, 124, Wed Aug 21 00:31:08 2024
1237, 0, 156, 84, 157, Wed Aug 21 00:32:08 2024
1240, 0, 124, 57, 133, Wed Aug 21 00:33:08 2024
1173, 0, 118, 53, 138, Wed Aug 21 00:34:08 2024
1245, 0, 119, 54, 125, Wed Aug 21 00:35:08 2024
1243, 0, 138, 67, 141, Wed Aug 21 00:36:08 2024
1148, 0, 119, 51, 141, Wed Aug 21 00:37:08 2024
1183, 0, 128, 65, 129, Wed Aug 21 00:38:08 2024
1208, 0, 156, 69, 148, Wed Aug 21 00:39:08 2024
1165, 0, 141, 62, 126, Wed Aug 21 00:40:08 2024
1213, 0, 151, 73, 154, Wed Aug 21 00:41:08 2024
1220, 0, 130, 71, 132, Wed Aug 21 00:42:08 2024
1192, 0, 137, 64, 130, Wed Aug 21 00:43:08 2024
1139, 0, 132, 59, 112, Wed Aug 21 00:44:08 2024
1216, 0, 134, 71, 149, Wed Aug 21 00:45:08 2024
1148, 0, 131, 76, 150, Wed Aug 21 00:46:08 2024
1250, 0, 98, 46, 136, Wed Aug 21 00:47:08 2024
1215, 0, 134, 64, 147, Wed Aug 21 00:48:08 2024
1207, 0, 160, 78, 147, Wed Aug 21 00:49:08 2024
1190, 0, 139, 70, 149, Wed Aug 21 00:50:08 2024
1198, 0, 134, 53, 108, Wed Aug 21 00:51:08 2024
1138, 0, 129, 59, 138, Wed Aug 21 00:52:08 2024
1228, 0, 147, 61, 132, Wed Aug 21 00:53:08 2024
1213, 0, 157, 76, 160, Wed Aug 21 00:54:08 2024
1186, 0, 140, 69, 143, Wed Aug 21 00:55:08 2024
1181, 0, 115, 52, 113, Wed Aug 21 00:56:08 2024
1262, 0, 124, 65, 140, Wed Aug 21 00:57:08 2024
1236, 0, 134, 64, 128, Wed Aug 21 00:58:08 2024
1200, 0, 152, 86, 170, Wed Aug 21 00:59:08 2024
1234, 0, 128, 56, 126, Wed Aug 21 01:00:08 2024
1159, 0, 134, 60, 130, Wed Aug 21 01:01:08 2024
1212, 0, 145, 70, 148, Wed Aug 21 01:02:08 2024
1189, 0, 147, 68, 127, Wed Aug 21 01:03:08 2024
1249, 0, 132, 58, 128, Wed Aug 21 01:04:08 2024
1237, 0, 126, 67, 142, Wed Aug 21 01:05:08 2024
1193, 0, 124, 56, 130, Wed Aug 21 01:06:08 2024
1192, 0, 121, 62, 128, Wed Aug 21 01:07:08 2024
1204, 0, 137, 80, 148, Wed Aug 21 01:08:08 2024
1241, 0, 142, 75, 152, Wed Aug 21 01:09:08 2024
1158, 0, 126, 69, 147, Wed Aug 21 01:10:08 2024
1266, 0, 164, 80, 153, Wed Aug 21 01:11:08 2024
1246, 0, 165, 70, 141, Wed Aug 21 01:12:08 2024
1307, 0, 152, 75, 150, Wed Aug 21 01:13:08 2024
1257, 0, 157, 73, 140, Wed Aug 21 01:14:08 2024
1252, 0, 121, 56, 145, Wed Aug 21 01:15:08 2024
1198, 0, 137, 60, 140, Wed Aug 21 01:16:08 2024
1266, 0, 130, 67, 139, Wed Aug 21 01:17:08 2024
1275, 0, 136, 68, 140, Wed Aug 21 01:18:08 2024
1237, 0, 142, 76, 146, Wed Aug 21 01:19:08 2024
1264, 0, 132, 67, 116, Wed Aug 21 01:20:08 2024
1186, 0, 135, 68, 146, Wed Aug 21 01:21:08 2024
1173, 0, 143, 60, 120, Wed Aug 21 01:22:08 2024
1231, 0, 152, 75, 154, Wed Aug 21 01:23:08 2024
1175, 0, 142, 70, 151, Wed Aug 21 01:24:08 2024
1247, 0, 134, 63, 138, Wed Aug 21 01:25:08 2024
1184, 0, 140, 68, 125, Wed Aug 21 01:26:08 2024
1233, 0, 138, 68, 138, Wed Aug 21 01:27:08 2024
1229, 0, 133, 58, 145, Wed Aug 21 01:28:08 2024
1184, 0, 104, 56, 123, Wed Aug 21 01:29:08 2024
1221, 0, 120, 58, 143, Wed Aug 21 01:30:08 2024
1156, 0, 142, 68, 124, Wed Aug 21 01:31:08 2024
1181, 0, 140, 64, 139, Wed Aug 21 01:32:08 2024
1165, 0, 165, 75, 149, Wed Aug 21 01:33:08 2024
1220, 0, 137, 64, 134, Wed Aug 21 01:34:08 2024
1248, 0, 145, 75, 154, Wed Aug 21 01:35:08 2024
1259, 0, 117, 64, 138, Wed Aug 21 01:36:08 2024
1152, 0, 132, 57, 132, Wed Aug 21 01:37:08 2024
1161, 0, 132, 56, 123, Wed Aug 21 01:38:08 2024
1150, 0, 118, 48, 124, Wed Aug 21 01:39:08 2024
1222, 0, 135, 66, 138, Wed Aug 21 01:40:08 2024
1193, 0, 143, 75, 130, Wed Aug 21 01:41:08 2024
1272, 0, 140, 77, 146, Wed Aug 21 01:42:08 2024
1225, 0, 144, 63, 137, Wed Aug 21 01:43:08 2024
1182, 0, 125, 61, 127, Wed Aug 21 01:44:08 2024
1196, 0, 136, 72, 138, Wed Aug 21 01:45:08 2024
1226, 0, 146, 82, 157, Wed Aug 21 01:46:08 2024
1258, 0, 138, 66, 128, Wed Aug 21 01:47:08 2024
1206, 0, 141, 77, 160, Wed Aug 21 01:48:08 2024
1190, 0, 135, 66, 134, Wed Aug 21 01:49:08 2024
1289, 0, 135, 58, 130, Wed Aug 21 01:50:08 2024
1208, 0, 125, 59, 121, Wed Aug 21 01:51:08 2024
1214, 0, 141, 62, 135, Wed Aug 21 01:52:08 2024
1178, 0, 127, 61, 131, Wed Aug 21 01:53:08 2024
1247, 0, 171, 87, 151, Wed Aug 21 01:54:08 2024
1212, 0, 113, 47, 110, Wed Aug 21 01:55:08 2024
1248, 0, 124, 65, 143, Wed Aug 21 01:56:08 2024
1217, 0, 123, 52, 118, Wed Aug 21 01:57:08 2024
1223, 0, 148, 69, 145, Wed Aug 21 01:58:08 2024
1200, 0, 144, 68, 144, Wed Aug 21 01:59:08 2024
1219, 0, 118, 66, 139, Wed Aug 21 02:00:08 2024
1208, 0, 138, 66, 130, Wed Aug 21 02:01:08 2024
1224, 0, 135, 70, 134, Wed Aug 21 02:02:08 2024
1194, 0, 133, 65, 146, Wed Aug 21 02:03:08 2024
1250, 0, 168, 76, 145, Wed Aug 21 02:04:08 2024
1243, 0, 125, 70, 144, Wed Aug 21 02:05:08 2024
1207, 0, 130, 71, 144, Wed Aug 21 02:06:08 2024
1208, 0, 136, 69, 135, Wed Aug 21 02:07:08 2024
1208, 0, 138, 55, 121, Wed Aug 21 02:08:08 2024
1148, 0, 116, 59, 127, Wed Aug 21 02:09:08 2024
1232, 0, 151, 74, 142, Wed Aug 21 02:10:08 2024
1200, 0, 141, 65, 144, Wed Aug 21 02:11:08 2024
1276, 0, 149, 67, 149, Wed Aug 21 02:12:08 2024
1198, 0, 142, 74, 148, Wed Aug 21 02:13:08 2024
1205, 0, 167, 74, 160, Wed Aug 21 02:14:08 2024
1225, 0, 149, 67, 154, Wed Aug 21 02:15:08 2024
1221, 0, 140, 68, 134, Wed Aug 21 02:16:08 2024
1160, 0, 136, 50, 115, Wed Aug 21 02:17:08 2024
1187, 0, 124, 60, 119, Wed Aug 21 02:18:08 2024
1225, 0, 149, 76, 138, Wed Aug 21 02:19:08 2024
1210, 0, 149, 65, 140, Wed Aug 21 02:20:08 2024
1197, 0, 144, 64, 145, Wed Aug 21 02:21:08 2024
1169, 0, 136, 65, 132, Wed Aug 21 02:22:08 2024
1156, 0, 137, 65, 140, Wed Aug 21 02:23:08 2024
1204, 0, 150, 71, 131, Wed Aug 21 02:24:08 2024
1228, 0, 124, 52, 105, Wed Aug 21 02:25:08 2024
1255, 0, 131, 64, 145, Wed Aug 21 02:26:08 2024
1215, 0, 131, 65, 129, Wed Aug 21 02:27:08 2024
1233, 0, 143, 65, 151, Wed Aug 21 02:28:08 2024
1282, 0, 131, 63, 133, Wed Aug 21 02:29:08 2024
1246, 0, 138, 65, 139, Wed Aug 21 02:30:08 2024
1202, 0, 107, 51, 137, Wed Aug 21 02:31:08 2024
1232, 0, 143, 65, 136, Wed Aug 21 02:32:08 2024
1244, 0, 133, 70, 137, Wed Aug 21 02:33:08 2024
1248, 0, 144, 68, 147, Wed Aug 21 02:34:08 2024
1141, 0, 163, 72, 149, Wed Aug 21 02:35:08 2024
1217, 0, 146, 70, 140, Wed Aug 21 02:36:08 2024
1207, 0, 126, 65, 132, Wed Aug 21 02:37:08 2024
1206, 0, 114, 49, 113, Wed Aug 21 02:38:08 2024
1209, 0, 159, 81, 147, Wed Aug 21 02:39:08 2024
1221, 0, 111, 54, 109, Wed Aug 21 02:40:08 2024
1233, 0, 157, 84, 157, Wed Aug 21 02:41:08 2024
1303, 0, 137, 71, 160, Wed Aug 21 02:42:08 2024
1274, 0, 141, 70, 140, Wed Aug 21 02:43:08 2024
1223, 0, 128, 66, 148, Wed Aug 21 02:44:08 2024
1246, 0, 130, 64, 135, Wed Aug 21 02:45:08 2024
1117, 0, 125, 60, 134, Wed Aug 21 02:46:08 2024
1169, 0, 127, 66, 141, Wed Aug 21 02:47:08 2024
1202, 0, 119, 57, 126, Wed Aug 21 02:48:08 2024
1166, 0, 136, 63, 132, Wed Aug 21 02:49:08 2024
1198, 0, 120, 54, 122, Wed Aug 21 02:50:08 2024
1189, 0, 132, 68, 143, Wed Aug 21 02:51:08 2024
1172, 0, 126, 46, 106, Wed Aug 21 02:52:08 2024
1173, 0, 144, 64, 112, Wed Aug 21 02:53:08 2024
1175, 0, 139, 66, 137, Wed Aug 21 02:54:08 2024
1211, 0, 146, 69, 135, Wed Aug 21 02:55:08 2024
1277, 0, 125, 77, 161, Wed Aug 21 02:56:08 2024
1144, 0, 157, 63, 136, Wed Aug 21 02:57:08 2024
1258, 0, 145, 79, 147, Wed Aug 21 02:58:08 2024
1173, 0, 117, 54, 120, Wed Aug 21 02:59:08 2024
1252, 0, 133, 61, 121, Wed Aug 21 03:00:08 2024
1208, 0, 140, 62, 148, Wed Aug 21 03:01:08 2024
1219, 0, 121, 57, 131, Wed Aug 21 03:02:08 2024
1184, 0, 134, 65, 133, Wed Aug 21 03:03:08 2024
1132, 0, 132, 56, 122, Wed Aug 21 03:04:08 2024
1147, 0, 144, 72, 141, Wed Aug 21 03:05:08 2024
1149, 0, 117, 51, 113, Wed Aug 21 03:06:08 2024
1214, 0, 150, 66, 147, Wed Aug 21 03:07:08 2024
1164, 0, 149, 66, 135, Wed Aug 21 03:08:08 2024
1194, 0, 130, 55, 119, Wed Aug 21 03:09:08 2024
1190, 0, 148, 72, 136, Wed Aug 21 03:10:08 2024
1269, 0, 147, 88, 167, Wed Aug 21 03:11:08 2024
1244, 0, 142, 66, 139, Wed Aug 21 03:12:08 2024
1238, 0, 138, 58, 143, Wed Aug 21 03:13:08 2024
1206, 0, 143, 59, 142, Wed Aug 21 03:14:08 2024
1233, 0, 123, 58, 125, Wed Aug 21 03:15:08 2024
1240, 0, 141, 64, 142, Wed Aug 21 03:16:08 2024
1270, 0, 145, 64, 139, Wed Aug 21 03:17:08 2024
1168, 0, 152, 72, 134, Wed Aug 21 03:18:08 2024
1234, 0, 135, 57, 132, Wed Aug 21 03:19:08 2024
1215, 0, 138, 67, 147, Wed Aug 21 03:20:08 2024
1185, 0, 128, 59, 127, Wed Aug 21 03:21:08 2024
1233, 0, 121, 63, 130, Wed Aug 21 03:22:08 2024
1191, 0, 151, 74, 127, Wed Aug 21 03:23:08 2024
1218, 0, 142, 65, 122, Wed Aug 21 03:24:08 2024
1254, 0, 132, 65, 145, Wed Aug 21 03:25:08 2024
1284, 0, 118, 74, 147, Wed Aug 21 03:26:08 2024
1248, 0, 135, 65, 137, Wed Aug 21 03:27:08 2024
1173, 0, 158, 68, 138, Wed Aug 21 03:28:08 2024
1204, 0, 153, 75, 153, Wed Aug 21 03:29:08 2024
1200, 0, 135, 64, 138, Wed Aug 21 03:30:08 2024
1278, 0, 154, 76, 143, Wed Aug 21 03:31:08 2024
1249, 0, 144, 67, 132, Wed Aug 21 03:32:08 2024
1259, 0, 135, 64, 133, Wed Aug 21 03:33:08 2024
1235, 0, 137, 55, 138, Wed Aug 21 03:34:08 2024
1237, 0, 173, 78, 146, Wed Aug 21 03:35:08 2024
1179, 0, 129, 60, 131, Wed Aug 21 03:36:08 2024
1238, 0, 144, 74, 149, Wed Aug 21 03:37:08 2024
1177, 0, 138, 64, 130, Wed Aug 21 03:38:08 2024
1164, 0, 117, 55, 115, Wed Aug 21 03:39:08 2024
1181, 0, 124, 53, 121, Wed Aug 21 03:40:08 2024
1257, 0, 131, 65, 125, Wed Aug 21 03:41:08 2024
1174, 0, 153, 67, 120, Wed Aug 21 03:42:08 2024
1156, 0, 134, 67, 128, Wed Aug 21 03:43:08 2024
1197, 0, 127, 63, 145, Wed Aug 21 03:44:08 2024
1294, 0, 125, 75, 142, Wed Aug 21 03:45:08 2024
1197, 0, 139, 70, 140, Wed Aug 21 03:46:08 2024
1241, 0, 151, 75, 125, Wed Aug 21 03:47:08 2024
1251, 0, 137, 61, 145, Wed Aug 21 03:48:08 2024
1181, 0, 118, 63, 144, Wed Aug 21 03:49:08 2024
1237, 0, 140, 68, 125, Wed Aug 21 03:50:08 2024
1264, 0, 151, 82, 161, Wed Aug 21 03:51:08 2024
1186, 0, 163, 74, 141, Wed Aug 21 03:52:08 2024
1236, 0, 146, 73, 125, Wed Aug 21 03:53:08 2024
1208, 0, 132, 71, 154, Wed Aug 21 03:54:08 2024
1162, 0, 133, 67, 145, Wed Aug 21 03:55:08 2024
1220, 0, 139, 73, 152, Wed Aug 21 03:56:08 2024
1195, 0, 141, 74, 136, Wed Aug 21 03:57:08 2024
1208, 0, 141, 51, 128, Wed Aug 21 03:58:08 2024
1291, 0, 137, 67, 136, Wed Aug 21 03:59:08 2024
1190, 0, 133, 63, 147, Wed Aug 21 04:00:08 2024
1189, 0, 125, 61, 129, Wed Aug 21 04:01:08 2024
1221, 0, 138, 72, 135, Wed Aug 21 04:02:08 2024
1209, 0, 147, 67, 129, Wed Aug 21 04:03:08 2024
1255, 0, 153, 72, 151, Wed Aug 21 04:04:08 2024
1218, 0, 120, 63, 133, Wed Aug 21 04:05:08 2024
1237, 0, 131, 66, 131, Wed Aug 21 04:06:08 2024
1157, 0, 121, 59, 126, Wed Aug 21 04:07:08 2024
1231, 0, 127, 66, 140, Wed Aug 21 04:08:08 2024
1223, 0, 141, 58, 130, Wed Aug 21 04:09:08 2024
1170, 0, 133, 58, 135, Wed Aug 21 04:10:08 2024
1224, 0, 119, 68, 133, Wed Aug 21 04:11:08 2024
1153, 0, 136, 48, 111, Wed Aug 21 04:12:08 2024
1182, 0, 138, 62, 126, Wed Aug 21 04:13:08 2024
1260, 0, 161, 85, 159, Wed Aug 21 04:14:08 2024
1240, 0, 149, 67, 136, Wed Aug 21 04:15:08 2024
1173, 0, 136, 66, 127, Wed Aug 21 04:16:08 2024
1204, 0, 125, 56, 129, Wed Aug 21 04:17:08 2024
1239, 0, 143, 64, 134, Wed Aug 21 04:18:08 2024
1263, 0, 142, 72, 143, Wed Aug 21 04:19:08 2024
1277, 0, 152, 76, 148, Wed Aug 21 04:20:08 2024
1276, 0, 146, 67, 153, Wed Aug 21 04:21:08 2024
1198, 0, 158, 70, 147, Wed Aug 21 04:22:08 2024
1195, 0, 135, 76, 132, Wed Aug 21 04:23:08 2024
1243, 0, 162, 74, 153, Wed Aug 21 04:24:08 2024
1167, 0, 122, 54, 128, Wed Aug 21 04:25:08 2024
1222, 0, 147, 68, 128, Wed Aug 21 04:26:08 2024
1175, 0, 142, 69, 139, Wed Aug 21 04:27:08 2024
1277, 0, 132, 56, 127, Wed Aug 21 04:28:08 2024
1198, 0, 127, 70, 141, Wed Aug 21 04:29:08 2024
1230, 0, 123, 63, 132, Wed Aug 21 04:30:08 2024
1199, 0, 153, 82, 143, Wed Aug 21 04:31:08 2024
1142, 0, 118, 56, 122, Wed Aug 21 04:32:08 2024
1210, 0, 138, 69, 136, Wed Aug 21 04:33:08 2024
1242, 0, 149, 75, 152, Wed Aug 21 04:34:08 2024
1242, 0, 153, 65, 134, Wed Aug 21 04:35:08 2024
1258, 0, 165, 77, 140, Wed Aug 21 04:36:08 2024
1248, 0, 113, 57, 130, Wed Aug 21 04:37:08 2024
1222, 0, 156, 73, 125, Wed Aug 21 04:38:08 2024
1157, 0, 143, 70, 133, Wed Aug 21 04:39:08 2024
1194, 0, 123, 61, 143, Wed Aug 21 04:40:08 2024
1213, 0, 142, 71, 161, Wed Aug 21 04:41:08 2024
1145, 0, 137, 74, 138, Wed Aug 21 04:42:08 2024
1200, 0, 132, 63, 136, Wed Aug 21 04:43:08 2024
1212, 0, 122, 60, 132, Wed Aug 21 04:44:08 2024
1224, 0, 132, 69, 139, Wed Aug 21 04:45:08 2024
1221, 0, 135, 66, 134, Wed Aug 21 04:46:08 2024
1176, 0, 116, 56, 119, Wed Aug 21 04:47:08 2024
1221, 0, 143, 67, 136, Wed Aug 21 04:48:08 2024
1321, 0, 122, 61, 147, Wed Aug 21 04:49:08 2024
1217, 0, 140, 65, 128, Wed Aug 21 04:50:08 2024
1186, 0, 139, 71, 135, Wed Aug 21 04:51:08 2024
1248, 0, 154, 69, 148, Wed Aug 21 04:52:08 2024
1235, 0, 154, 70, 138, Wed Aug 21 04:53:08 2024
1227, 0, 115, 61, 123, Wed Aug 21 04:54:08 2024
1237, 0, 162, 73, 148, Wed Aug 21 04:55:08 2024
1201, 0, 126, 51, 116, Wed Aug 21 04:56:08 2024
1244, 0, 150, 77, 153, Wed Aug 21 04:57:08 2024
1235, 0, 156, 83, 158, Wed Aug 21 04:58:08 2024
1185, 0, 124, 67, 146, Wed Aug 21 04:59:08 2024
1188, 0, 137, 68, 140, Wed Aug 21 05:00:08 2024
1229, 0, 140, 63, 140, Wed Aug 21 05:01:08 2024
1227, 0, 122, 57, 114, Wed Aug 21 05:02:08 2024
1127, 0, 117, 56, 125, Wed Aug 21 05:03:08 2024
1197, 0, 130, 68, 144, Wed Aug 21 05:04:08 2024
1210, 0, 154, 74, 161, Wed Aug 21 05:05:08 2024
1197, 0, 146, 63, 134, Wed Aug 21 05:06:08 2024
1240, 0, 153, 79, 153, Wed Aug 21 05:07:08 2024
1195, 0, 139, 69, 127, Wed Aug 21 05:08:08 2024
1225, 0, 118, 56, 128, Wed Aug 21 05:09:08 2024
1174, 0, 128, 65, 135, Wed Aug 21 05:10:08 2024
1233, 0, 129, 67, 145, Wed Aug 21 05:11:08 2024
1184, 0, 160, 68, 118, Wed Aug 21 05:12:08 2024
1230, 0, 147, 69, 151, Wed Aug 21 05:13:08 2024
1221, 0, 130, 59, 141, Wed Aug 21 05:14:08 2024
1204, 0, 161, 78, 143, Wed Aug 21 05:15:08 2024
1191, 0, 123, 50, 128, Wed Aug 21 05:16:08 2024
1253, 0, 130, 66, 151, Wed Aug 21 05:17:08 2024
1260, 0, 142, 77, 140, Wed Aug 21 05:18:08 2024
1197, 0, 134, 74, 135, Wed Aug 21 05:19:08 2024
1194, 0, 105, 43, 106, Wed Aug 21 05:20:08 2024
1220, 0, 139, 64, 145, Wed Aug 21 05:21:08 2024
1215, 0, 134, 55, 130, Wed Aug 21 05:22:08 2024
1209, 0, 133, 65, 122, Wed Aug 21 05:23:08 2024
1228, 0, 152, 74, 162, Wed Aug 21 05:24:08 2024
1152, 0, 113, 55, 121, Wed Aug 21 05:25:08 2024
1234, 0, 130, 56, 123, Wed Aug 21 05:26:08 2024
1231, 0, 132, 54, 132, Wed Aug 21 05:27:08 2024
1156, 0, 152, 77, 139, Wed Aug 21 05:28:08 2024
1261, 0, 140, 68, 152, Wed Aug 21 05:29:08 2024
1161, 0, 157, 67, 136, Wed Aug 21 05:30:08 2024
1219, 0, 132, 69, 137, Wed Aug 21 05:31:08 2024
1188, 0, 141, 81, 163, Wed Aug 21 05:32:08 2024
1223, 0, 131, 63, 131, Wed Aug 21 05:33:08 2024
1240, 0, 149, 76, 136, Wed Aug 21 05:34:08 2024
1269, 0, 139, 67, 136, Wed Aug 21 05:35:08 2024
1237, 0, 124, 59, 133, Wed Aug 21 05:36:08 2024
1204, 0, 112, 56, 127, Wed Aug 21 05:37:08 2024
1242, 0, 131, 64, 130, Wed Aug 21 05:38:08 2024
1237, 0, 146, 66, 132, Wed Aug 21 05:39:08 2024
1174, 0, 144, 75, 144, Wed Aug 21 05:40:08 2024
1233, 0, 153, 77, 134, Wed Aug 21 05:41:08 2024
1185, 0, 140, 73, 136, Wed Aug 21 05:42:08 2024
1211, 0, 136, 62, 125, Wed Aug 21 05:43:08 2024
1214, 0, 160, 74, 154, Wed Aug 21 05:44:08 2024
1178, 0, 154, 71, 151, Wed Aug 21 05:45:08 2024
1238, 0, 156, 65, 141, Wed Aug 21 05:46:08 2024
1214, 0, 132, 68, 145, Wed Aug 21 05:47:08 2024
1247, 0, 152, 78, 152, Wed Aug 21 05:48:08 2024
1202, 0, 136, 63, 128, Wed Aug 21 05:49:08 2024
1270, 0, 155, 72, 158, Wed Aug 21 05:50:08 2024
1176, 0, 135, 75, 161, Wed Aug 21 05:51:08 2024
1246, 0, 136, 59, 130, Wed Aug 21 05:52:08 2024
1168, 0, 138, 62, 129, Wed Aug 21 05:53:08 2024
1151, 0, 127, 60, 126, Wed Aug 21 05:54:08 2024
1205, 0, 142, 70, 126, Wed Aug 21 05:55:08 2024
1252, 0, 151, 81, 138, Wed Aug 21 05:56:08 2024
1176, 0, 133, 63, 134, Wed Aug 21 05:57:08 2024
1235, 0, 125, 59, 117, Wed Aug 21 05:58:08 2024
1233, 0, 138, 69, 144, Wed Aug 21 05:59:08 2024
1215, 0, 169, 78, 149, Wed Aug 21 06:00:08 2024
1145, 0, 128, 68, 145, Wed Aug 21 06:01:08 2024
1204, 0, 146, 70, 146, Wed Aug 21 06:02:08 2024
1118, 0, 102, 49, 109, Wed Aug 21 06:03:08 2024
1243, 0, 115, 62, 136, Wed Aug 21 06:04:08 2024
1209, 0, 139, 62, 151, Wed Aug 21 06:05:08 2024
1228, 0, 145, 77, 138, Wed Aug 21 06:06:08 2024
1168, 0, 141, 71, 133, Wed Aug 21 06:07:08 2024
1235, 0, 148, 66, 152, Wed Aug 21 06:08:08 2024
1206, 0, 151, 74, 142, Wed Aug 21 06:09:08 2024
1185, 0, 124, 67, 123, Wed Aug 21 06:10:08 2024
1205, 0, 137, 59, 136, Wed Aug 21 06:11:08 2024
1171, 0, 117, 54, 123, Wed Aug 21 06:12:08 2024
1214, 0, 158, 78, 137, Wed Aug 21 06:13:08 2024
1228, 0, 129, 54, 142, Wed Aug 21 06:14:08 2024
1224, 0, 115, 60, 138, Wed Aug 21 06:15:08 2024
1206, 0, 152, 77, 154, Wed Aug 21 06:16:08 2024
1199, 0, 130, 56, 123, Wed Aug 21 06:17:08 2024
1199, 0, 148, 81, 148, Wed Aug 21 06:18:08 2024
1209, 0, 162, 76, 152, Wed Aug 21 06:19:08 2024
1281, 0, 122, 64, 144, Wed Aug 21 06:20:08 2024
1166, 0, 137, 57, 126, Wed Aug 21 06:21:08 2024
1274, 0, 150, 81, 152, Wed Aug 21 06:22:08 2024
1237, 0, 125, 62, 133, Wed Aug 21 06:23:08 2024
1267, 0, 130, 64, 138, Wed Aug 21 06:24:08 2024
1170, 0, 131, 62, 125, Wed Aug 21 06:25:08 2024
1212, 0, 143, 68, 149, Wed Aug 21 06:26:08 2024
1265, 0, 127, 72, 147, Wed Aug 21 06:27:08 2024
1184, 0, 155, 76, 134, Wed Aug 21 06:28:08 2024
1197, 0, 156, 76, 146, Wed Aug 21 06:29:08 2024
1201, 0, 130, 72, 149, Wed Aug 21 06:30:08 2024
1245, 0, 159, 61, 136, Wed Aug 21 06:31:08 2024
1270, 0, 149, 66, 140, Wed Aug 21 06:32:08 2024
1206, 0, 153, 63, 122, Wed Aug 21 06:33:08 2024
1173, 0, 128, 52, 118, Wed Aug 21 06:34:08 2024
1242, 0, 142, 64, 162, Wed Aug 21 06:35:08 2024
1201, 0, 129, 49, 135, Wed Aug 21 06:36:08 2024
1232, 0, 126, 57, 139, Wed Aug 21 06:37:08 2024
1223, 0, 133, 74, 148, Wed Aug 21 06:38:08 2024
1234, 0, 130, 62, 134, Wed Aug 21 06:39:08 2024
1232, 0, 142, 80, 154, Wed Aug 21 06:40:08 2024
1267, 0, 139, 67, 138, Wed Aug 21 06:41:08 2024
1149, 0, 130, 70, 128, Wed Aug 21 06:42:08 2024
1260, 0, 141, 72, 145, Wed Aug 21 06:43:08 2024
1214, 0, 134, 60, 146, Wed Aug 21 06:44:08 2024
1141, 0, 141, 63, 117, Wed Aug 21 06:45:08 2024
1164, 0, 135, 65, 134, Wed Aug 21 06:46:08 2024
1160, 0, 139, 59, 140, Wed Aug 21 06:47:08 2024
1259, 0, 145, 69, 167, Wed Aug 21 06:48:08 2024
1268, 0, 163, 80, 157, Wed Aug 21 06:49:08 2024
1192, 0, 134, 63, 141, Wed Aug 21 06:50:08 2024
1281, 0, 143, 66, 137, Wed Aug 21 06:51:08 2024
1237, 0, 148, 74, 142, Wed Aug 21 06:52:08 2024
1155, 0, 143, 63, 131, Wed Aug 21 06:53:08 2024
1225, 0, 141, 72, 152, Wed Aug 21 06:54:08 2024
1208, 0, 124, 55, 135, Wed Aug 21 06:55:08 2024
1231, 0, 138, 70, 131, Wed Aug 21 06:56:08 2024
1199, 0, 163, 60, 129, Wed Aug 21 06:57:08 2024
1197, 0, 139, 59, 129, Wed Aug 21 06:58:08 2024
1190, 0, 133, 70, 136, Wed Aug 21 06:59:08 2024
1207, 0, 135, 63, 135, Wed Aug 21 07:00:08 2024
1244, 0, 165, 74, 155, Wed Aug 21 07:01:08 2024
1296, 0, 148, 76, 146, Wed Aug 21 07:02:08 2024
1279, 0, 126, 73, 149, Wed Aug 21 07:03:08 2024
1193, 0, 122, 60, 131, Wed Aug 21 07:04:08 2024
1227, 0, 156, 85, 162, Wed Aug 21 07:05:08 2024
1194, 0, 148, 69, 128, Wed Aug 21 07:06:08 2024
1210, 0, 131, 65, 132, Wed Aug 21 07:07:08 2024
1197, 0, 137, 62, 140, Wed Aug 21 07:08:08 2024
1200, 0, 122, 67, 140, Wed Aug 21 07:09:08 2024
1214, 0, 151, 65, 140, Wed Aug 21 07:10:08 2024
1226, 0, 150, 71, 134, Wed Aug 21 07:11:08 2024
1197, 0, 149, 61, 128, Wed Aug 21 07:12:08 2024
1256, 0, 134, 63, 130, Wed Aug 21 07:13:08 2024
1227, 0, 160, 90, 158, Wed Aug 21 07:14:08 2024
1210, 0, 126, 55, 117, Wed Aug 21 07:15:08 2024
1263, 0, 136, 64, 148, Wed Aug 21 07:16:08 2024
1160, 0, 128, 66, 131, Wed Aug 21 07:17:08 2024
1243, 0, 133, 66, 144, Wed Aug 21 07:18:08 2024
1279, 0, 134, 64, 126, Wed Aug 21 07:19:08 2024
1175, 0, 149, 73, 143, Wed Aug 21 07:20:08 2024
1228, 0, 156, 65, 128, Wed Aug 21 07:21:08 2024
1211, 0, 153, 80, 154, Wed Aug 21 07:22:08 2024
1226, 0, 137, 62, 160, Wed Aug 21 07:23:08 2024
1205, 0, 136, 64, 148, Wed Aug 21 07:24:08 2024
1145, 0, 153, 73, 143, Wed Aug 21 07:25:08 2024
1218, 0, 140, 80, 147, Wed Aug 21 07:26:08 2024
1232, 0, 155, 79, 154, Wed Aug 21 07:27:08 2024
1176, 0, 154, 82, 146, Wed Aug 21 07:28:08 2024
1233, 0, 128, 57, 137, Wed Aug 21 07:29:08 2024
1222, 0, 129, 61, 136, Wed Aug 21 07:30:08 2024
1203, 0, 143, 74, 142, Wed Aug 21 07:31:08 2024
1217, 0, 142, 61, 139, Wed Aug 21 07:32:08 2024
1219, 0, 123, 57, 132, Wed Aug 21 07:33:08 2024
1244, 0, 150, 69, 154, Wed Aug 21 07:34:08 2024
1199, 0, 150, 73, 137, Wed Aug 21 07:35:08 2024
1223, 0, 148, 73, 147, Wed Aug 21 07:36:08 2024
1161, 0, 154, 60, 144, Wed Aug 21 07:37:08 2024
1180, 0, 131, 62, 133, Wed Aug 21 07:38:08 2024
1182, 0, 147, 69, 136, Wed Aug 21 07:39:08 2024
1219, 0, 144, 75, 153, Wed Aug 21 07:40:08 2024
1193, 0, 148, 67, 139, Wed Aug 21 07:41:08 2024
1192, 0, 131, 61, 148, Wed Aug 21 07:42:08 2024
1298, 0, 136, 57, 134, Wed Aug 21 07:43:08 2024
1287, 0, 159, 77, 161, Wed Aug 21 07:44:08 2024
1215, 0, 125, 53, 136, Wed Aug 21 07:45:08 2024
1262, 0, 134, 63, 139, Wed Aug 21 07:46:08 2024
1199, 0, 124, 65, 125, Wed Aug 21 07:47:08 2024
1218, 0, 122, 52, 129, Wed Aug 21 07:48:08 2024
1181, 0, 146, 65, 158, Wed Aug 21 07:49:08 2024
1251, 0, 134, 65, 143, Wed Aug 21 07:50:08 2024
1269, 0, 124, 60, 138, Wed Aug 21 07:51:08 2024
1248, 0, 120, 55, 131, Wed Aug 21 07:52:08 2024
1190, 0, 130, 67, 144, Wed Aug 21 07:53:08 2024
1233, 0, 144, 84, 161, Wed Aug 21 07:54:08 2024
1218, 0, 125, 50, 122, Wed Aug 21 07:55:08 2024
1198, 0, 111, 54, 132, Wed Aug 21 07:56:08 2024
1211, 0, 128, 55, 131, Wed Aug 21 07:57:08 2024
1238, 0, 129, 63, 133, Wed Aug 21 07:58:08 2024
1168, 0, 132, 61, 130, Wed Aug 21 07:59:08 2024
1276, 0, 128, 62, 139, Wed Aug 21 08:00:08 2024
1242, 0, 141, 59, 126, Wed Aug 21 08:01:08 2024
1293, 0, 135, 73, 157, Wed Aug 21 08:02:08 2024
1244, 0, 122, 59, 132, Wed Aug 21 08:03:08 2024
1248, 0, 122, 51, 121, Wed Aug 21 08:04:08 2024
1271, 0, 138, 69, 132, Wed Aug 21 08:05:08 2024
1221, 0, 142, 66, 127, Wed Aug 21 08:06:08 2024
1267, 0, 135, 69, 130, Wed Aug 21 08:07:08 2024
1209, 0, 139, 57, 127, Wed Aug 21 08:08:08 2024
1259, 0, 148, 77, 145, Wed Aug 21 08:09:08 2024
1117, 0, 126, 65, 122, Wed Aug 21 08:10:08 2024
1190, 0, 146, 69, 149, Wed Aug 21 08:11:08 2024
1194, 0, 151, 70, 138, Wed Aug 21 08:12:08 2024
1230, 0, 136, 65, 139, Wed Aug 21 08:13:08 2024
1209, 0, 137, 77, 145, Wed Aug 21 08:14:08 2024
1205, 0, 156, 89, 159, Wed Aug 21 08:15:08 2024
1179, 0, 130, 56, 126, Wed Aug 21 08:16:08 2024
1240, 0, 157, 62, 127, Wed Aug 21 08:17:08 2024
1191, 0, 140, 62, 137, Wed Aug 21 08:18:08 2024
1216, 0, 124, 63, 146, Wed Aug 21 08:19:08 2024
1258, 0, 143, 56, 146, Wed Aug 21 08:20:08 2024
1206, 0, 155, 73, 140, Wed Aug 21 08:21:08 2024
1149, 0, 133, 61, 114, Wed Aug 21 08:22:08 2024
1204, 0, 130, 59, 126, Wed Aug 21 08:23:08 2024
1272, 0, 123, 56, 129, Wed Aug 21 08:24:08 2024
1229, 0, 148, 74, 141, Wed Aug 21 08:25:08 2024
1324, 0, 133, 59, 149, Wed Aug 21 08:26:08 2024
1270, 0, 152, 80, 155, Wed Aug 21 08:27:08 2024
1236, 0, 162, 76, 151, Wed Aug 21 08:28:08 2024
1234, 0, 126, 62, 149, Wed Aug 21 08:29:08 2024
1262, 0, 169, 83, 169, Wed Aug 21 08:30:08 2024
1264, 0, 147, 73, 144, Wed Aug 21 08:31:08 2024
1240, 0, 142, 70, 141, Wed Aug 21 08:32:08 2024
1206, 0, 125, 61, 116, Wed Aug 21 08:33:08 2024
1191, 0, 148, 61, 126, Wed Aug 21 08:34:08 2024
1163, 0, 140, 56, 123, Wed Aug 21 08:35:08 2024
1191, 0, 132, 61, 134, Wed Aug 21 08:36:08 2024
1179, 0, 130, 68, 132, Wed Aug 21 08:37:08 2024
1215, 0, 141, 66, 147, Wed Aug 21 08:38:08 2024
1262, 0, 142, 73, 141, Wed Aug 21 08:39:08 2024
1198, 0, 127, 55, 133, Wed Aug 21 08:40:08 2024
1126, 0, 160, 76, 137, Wed Aug 21 08:41:08 2024
1200, 0, 152, 73, 148, Wed Aug 21 08:42:08 2024
1176, 0, 134, 65, 132, Wed Aug 21 08:43:08 2024
1242, 0, 146, 82, 147, Wed Aug 21 08:44:08 2024
1219, 0, 157, 75, 157, Wed Aug 21 08:45:08 2024
1248, 0, 125, 59, 132, Wed Aug 21 08:46:08 2024
1290, 0, 159, 86, 168, Wed Aug 21 08:47:08 2024
1266, 0, 146, 72, 139, Wed Aug 21 08:48:08 2024
1245, 0, 132, 70, 143, Wed Aug 21 08:49:08 2024
1241, 0, 136, 69, 150, Wed Aug 21 08:50:08 2024
1214, 0, 115, 54, 120, Wed Aug 21 08:51:08 2024
1304, 0, 150, 74, 158, Wed Aug 21 08:52:08 2024
1213, 0, 134, 68, 120, Wed Aug 21 08:53:08 2024
1225, 0, 153, 69, 139, Wed Aug 21 08:54:08 2024
1193, 0, 145, 67, 142, Wed Aug 21 08:55:08 2024
1217, 0, 128, 63, 157, Wed Aug 21 08:56:08 2024
1185, 0, 138, 61, 127, Wed Aug 21 08:57:08 2024
1187, 0, 141, 62, 131, Wed Aug 21 08:58:08 2024
1247, 0, 120, 53, 114, Wed Aug 21 08:59:08 2024
1142, 0, 124, 52, 118, Wed Aug 21 09:00:08 2024
1188, 0, 140, 51, 116, Wed Aug 21 09:01:08 2024
1174, 0, 162, 84, 141, Wed Aug 21 09:02:08 2024
1165, 0, 153, 71, 138, Wed Aug 21 09:03:08 2024
1164, 0, 133, 54, 122, Wed Aug 21 09:04:08 2024
1197, 0, 131, 74, 143, Wed Aug 21 09:05:08 2024
1233, 0, 145, 74, 150, Wed Aug 21 09:06:08 2024
1233, 0, 148, 75, 133, Wed Aug 21 09:07:08 2024
1274, 0, 138, 74, 149, Wed Aug 21 09:08:08 2024
1225, 0, 145, 72, 148, Wed Aug 21 09:09:08 2024
1203, 0, 131, 65, 130, Wed Aug 21 09:10:08 2024
1257, 0, 147, 61, 145, Wed Aug 21 09:11:08 2024
1200, 0, 144, 66, 140, Wed Aug 21 09:12:08 2024
1171, 0, 161, 78, 144, Wed Aug 21 09:13:08 2024
1185, 0, 125, 50, 136, Wed Aug 21 09:14:08 2024
1200, 0, 129, 68, 126, Wed Aug 21 09:15:08 2024
1192, 0, 143, 67, 134, Wed Aug 21 09:16:08 2024
1218, 0, 133, 59, 137, Wed Aug 21 09:17:08 2024
1190, 0, 140, 70, 137, Wed Aug 21 09:18:08 2024
1195, 0, 131, 51, 115, Wed Aug 21 09:19:08 2024
1225, 0, 135, 61, 124, Wed Aug 21 09:20:08 2024
1232, 0, 151, 75, 154, Wed Aug 21 09:21:08 2024
1225, 0, 142, 64, 129, Wed Aug 21 09:22:08 2024
1182, 0, 133, 66, 147, Wed Aug 21 09:23:08 2024
1204, 0, 124, 63, 126, Wed Aug 21 09:24:08 2024
1214, 0, 142, 61, 125, Wed Aug 21 09:25:08 2024
1253, 0, 131, 51, 127, Wed Aug 21 09:26:08 2024
1256, 0, 140, 73, 135, Wed Aug 21 09:27:08 2024
1166, 0, 137, 59, 141, Wed Aug 21 09:28:08 2024
1234, 0, 123, 50, 125, Wed Aug 21 09:29:08 2024
1211, 0, 139, 73, 142, Wed Aug 21 09:30:08 2024
1228, 0, 134, 58, 133, Wed Aug 21 09:31:08 2024
1187, 0, 126, 61, 130, Wed Aug 21 09:32:08 2024
1216, 0, 127, 58, 120, Wed Aug 21 09:33:08 2024
1252, 0, 140, 59, 128, Wed Aug 21 09:34:08 2024
1230, 0, 146, 82, 150, Wed Aug 21 09:35:08 2024
1152, 0, 133, 59, 129, Wed Aug 21 09:36:08 2024
1171, 0, 106, 55, 135, Wed Aug 21 09:37:08 2024
1260, 0, 142, 73, 160, Wed Aug 21 09:38:08 2024
1169, 0, 130, 65, 129, Wed Aug 21 09:39:08 2024
1256, 0, 132, 79, 151, Wed Aug 21 09:40:08 2024
1262, 0, 132, 58, 125, Wed Aug 21 09:41:08 2024
1257, 0, 143, 69, 145, Wed Aug 21 09:42:08 2024
1246, 0, 150, 70, 128, Wed Aug 21 09:43:08 2024
1227, 0, 121, 52, 122, Wed Aug 21 09:44:08 2024
1189, 0, 135, 70, 136, Wed Aug 21 09:45:08 2024
1203, 0, 123, 59, 133, Wed Aug 21 09:46:08 2024
1231, 0, 145, 67, 146, Wed Aug 21 09:47:08 2024
1266, 0, 131, 60, 132, Wed Aug 21 09:48:08 2024
1185, 0, 126, 62, 119, Wed Aug 21 09:49:08 2024
1220, 0, 134, 62, 137, Wed Aug 21 09:50:08 2024
1157, 0, 127, 60, 145, Wed Aug 21 09:51:08 2024
1250, 0, 132, 62, 137, Wed Aug 21 09:52:08 2024
1151, 0, 140, 56, 126, Wed Aug 21 09:53:08 2024
1199, 0, 131, 55, 150, Wed Aug 21 09:54:08 2024
1258, 0, 133, 73, 131, Wed Aug 21 09:55:08 2024
1236, 0, 121, 62, 143, Wed Aug 21 09:56:08 2024
1242, 0, 146, 71, 148, Wed Aug 21 09:57:08 2024
1235, 0, 139, 74, 153, Wed Aug 21 09:58:08 2024
1216, 0, 146, 74, 149, Wed Aug 21 09:59:08 2024
1185, 0, 143, 68, 133, Wed Aug 21 10:00:08 2024
1204, 0, 143, 66, 152, Wed Aug 21 10:01:08 2024
1254, 0, 130, 67, 151, Wed Aug 21 10:02:08 2024
1281, 0, 119, 50, 139, Wed Aug 21 10:03:08 2024
1184, 0, 158, 83, 135, Wed Aug 21 10:04:08 2024
1318, 0, 146, 82, 157, Wed Aug 21 10:05:08 2024
1236, 0, 133, 72, 149, Wed Aug 21 10:06:08 2024
1152, 0, 132, 61, 137, Wed Aug 21 10:07:08 2024
1279, 0, 147, 64, 135, Wed Aug 21 10:08:08 2024
1225, 0, 140, 74, 146, Wed Aug 21 10:09:08 2024
1196, 0, 135, 70, 154, Wed Aug 21 10:10:08 2024
1268, 0, 149, 64, 141, Wed Aug 21 10:11:08 2024
1224, 0, 118, 59, 127, Wed Aug 21 10:12:08 2024
1172, 0, 126, 58, 123, Wed Aug 21 10:13:08 2024
1176, 0, 114, 63, 135, Wed Aug 21 10:14:08 2024
1159, 0, 119, 62, 125, Wed Aug 21 10:15:08 2024
1225, 0, 128, 63, 131, Wed Aug 21 10:16:08 2024
1199, 0, 140, 74, 149, Wed Aug 21 10:17:08 2024
1195, 0, 147, 63, 132, Wed Aug 21 10:18:08 2024
1233, 0, 170, 85, 152, Wed Aug 21 10:19:08 2024
1225, 0, 151, 74, 132, Wed Aug 21 10:20:08 2024
1240, 0, 159, 68, 139, Wed Aug 21 10:21:08 2024
1232, 0, 143, 81, 164, Wed Aug 21 10:22:08 2024
1299, 0, 165, 86, 152, Wed Aug 21 10:23:08 2024
1234, 0, 130, 66, 126, Wed Aug 21 10:24:08 2024
1207, 0, 154, 63, 136, Wed Aug 21 10:25:08 2024
1238, 0, 146, 69, 145, Wed Aug 21 10:26:08 2024
1201, 0, 140, 72, 137, Wed Aug 21 10:27:08 2024
1228, 0, 148, 65, 136, Wed Aug 21 10:28:08 2024
1217, 0, 131, 68, 136, Wed Aug 21 10:29:08 2024
1278, 0, 143, 74, 149, Wed Aug 21 10:30:08 2024
1323, 0, 162, 73, 151, Wed Aug 21 10:31:08 2024
1317, 0, 145, 62, 133, Wed Aug 21 10:32:08 2024
1444, 0, 125, 59, 136, Wed Aug 21 10:33:08 2024
1324, 0, 134, 63, 133, Wed Aug 21 10:34:08 2024
1269, 0, 126, 59, 135, Wed Aug 21 10:35:08 2024
1268, 0, 127, 59, 134, Wed Aug 21 10:36:08 2024
1359, 0, 161, 87, 165, Wed Aug 21 10:37:08 2024
1415, 0, 134, 69, 151, Wed Aug 21 10:38:08 2024
1311, 0, 104, 60, 123, Wed Aug 21 10:39:08 2024
1370, 0, 162, 79, 142, Wed Aug 21 10:40:08 2024
1287, 0, 132, 76, 143, Wed Aug 21 10:41:08 2024
1341, 0, 157, 77, 161, Wed Aug 21 10:42:08 2024
1377, 0, 143, 76, 148, Wed Aug 21 10:43:08 2024
1258, 0, 142, 66, 141, Wed Aug 21 10:44:08 2024
328056, 0, 84805, 204402, 56899, Wed Aug 21 10:45:08 2024
134, 0, 61, 22, 54, Wed Aug 21 10:46:08 2024
217, 0, 81, 39, 80, Wed Aug 21 10:47:08 2024
332, 0, 113, 49, 117, Wed Aug 21 10:48:08 2024
287, 0, 109, 44, 89, Wed Aug 21 10:49:08 2024
324, 0, 101, 51, 110, Wed Aug 21 10:50:08 2024
308, 0, 105, 32, 82, Wed Aug 21 10:51:08 2024
326, 0, 114, 53, 106, Wed Aug 21 10:52:08 2024
312, 0, 97, 41, 96, Wed Aug 21 10:53:08 2024
360, 0, 103, 51, 96, Wed Aug 21 10:54:08 2024
315, 0, 115, 43, 90, Wed Aug 21 10:55:08 2024
811, 0, 144, 56, 109, Wed Aug 21 10:56:08 2024
1056, 0, 103, 50, 119, Wed Aug 21 10:57:08 2024
362, 0, 139, 61, 106, Wed Aug 21 10:58:08 2024
426, 0, 122, 51, 101, Wed Aug 21 10:59:08 2024
1313, 0, 133, 63, 154, Wed Aug 21 11:00:08 2024
1285, 0, 147, 73, 143, Wed Aug 21 11:01:08 2024
1211, 0, 136, 67, 130, Wed Aug 21 11:02:08 2024
1281, 0, 131, 58, 122, Wed Aug 21 11:03:08 2024
1291, 0, 145, 68, 130, Wed Aug 21 11:04:08 2024
1289, 0, 140, 67, 124, Wed Aug 21 11:05:08 2024
1285, 0, 144, 70, 144, Wed Aug 21 11:06:08 2024
1246, 0, 142, 65, 133, Wed Aug 21 11:07:08 2024
1258, 0, 136, 70, 141, Wed Aug 21 11:08:08 2024
1267, 0, 148, 70, 143, Wed Aug 21 11:09:08 2024
1312, 0, 122, 62, 143, Wed Aug 21 11:10:08 2024
1340, 0, 126, 62, 133, Wed Aug 21 11:11:08 2024
1318, 0, 117, 56, 126, Wed Aug 21 11:12:08 2024
1255, 0, 114, 45, 119, Wed Aug 21 11:13:08 2024
1313, 0, 140, 81, 141, Wed Aug 21 11:14:08 2024
1320, 0, 113, 55, 135, Wed Aug 21 11:15:08 2024
1263, 0, 145, 68, 137, Wed Aug 21 11:16:08 2024
1264, 0, 146, 63, 136, Wed Aug 21 11:17:08 2024
1214, 0, 133, 58, 131, Wed Aug 21 11:18:08 2024
1246, 0, 160, 85, 147, Wed Aug 21 11:19:08 2024
1286, 0, 137, 69, 146, Wed Aug 21 11:20:08 2024
1243, 0, 126, 64, 134, Wed Aug 21 11:21:08 2024
1242, 0, 141, 76, 145, Wed Aug 21 11:22:08 2024
1246, 0, 140, 48, 108, Wed Aug 21 11:23:08 2024
1195, 0, 136, 59, 120, Wed Aug 21 11:24:08 2024
1309, 0, 135, 60, 132, Wed Aug 21 11:25:08 2024
1280, 0, 153, 79, 147, Wed Aug 21 11:26:08 2024
1279, 0, 139, 69, 146, Wed Aug 21 11:27:08 2024
1208, 0, 121, 51, 129, Wed Aug 21 11:28:08 2024
1259, 0, 125, 58, 129, Wed Aug 21 11:29:08 2024
1355, 0, 145, 74, 142, Wed Aug 21 11:30:08 2024
1347, 0, 134, 75, 157, Wed Aug 21 11:31:08 2024
1282, 0, 134, 62, 151, Wed Aug 21 11:32:08 2024
1242, 0, 139, 71, 145, Wed Aug 21 11:33:08 2024
1217, 0, 138, 63, 132, Wed Aug 21 11:34:08 2024
1348, 0, 142, 73, 154, Wed Aug 21 11:35:08 2024
1275, 0, 153, 73, 145, Wed Aug 21 11:36:08 2024
1323, 0, 124, 71, 140, Wed Aug 21 11:37:08 2024
1259, 0, 144, 61, 138, Wed Aug 21 11:38:08 2024
1258, 0, 136, 68, 134, Wed Aug 21 11:39:08 2024
1317, 0, 144, 73, 166, Wed Aug 21 11:40:08 2024
1248, 0, 132, 67, 138, Wed Aug 21 11:41:08 2024
1287, 0, 145, 66, 151, Wed Aug 21 11:42:08 2024
1296, 0, 133, 63, 131, Wed Aug 21 11:43:08 2024
1332, 0, 136, 69, 133, Wed Aug 21 11:44:08 2024
1309, 0, 120, 61, 140, Wed Aug 21 11:45:08 2024
1259, 0, 123, 59, 123, Wed Aug 21 11:46:08 2024
1314, 0, 146, 68, 136, Wed Aug 21 11:47:08 2024
1220, 0, 116, 51, 134, Wed Aug 21 11:48:08 2024
1287, 0, 124, 51, 115, Wed Aug 21 11:49:08 2024
1232, 0, 131, 69, 139, Wed Aug 21 11:50:08 2024
1268, 0, 141, 81, 148, Wed Aug 21 11:51:08 2024
1260, 0, 137, 67, 153, Wed Aug 21 11:52:08 2024
1278, 0, 154, 75, 166, Wed Aug 21 11:53:08 2024
1293, 0, 134, 78, 152, Wed Aug 21 11:54:08 2024
1187, 0, 139, 75, 154, Wed Aug 21 11:55:08 2024
1223, 0, 112, 48, 115, Wed Aug 21 11:56:08 2024
1225, 0, 132, 64, 143, Wed Aug 21 11:57:08 2024
1219, 0, 148, 76, 140, Wed Aug 21 11:58:08 2024
1247, 0, 140, 63, 132, Wed Aug 21 11:59:08 2024
1296, 0, 175, 79, 147, Wed Aug 21 12:00:08 2024
1243, 0, 135, 71, 143, Wed Aug 21 12:01:08 2024
1251, 0, 140, 56, 129, Wed Aug 21 12:02:08 2024
1251, 0, 121, 66, 138, Wed Aug 21 12:03:08 2024
1289, 0, 141, 61, 123, Wed Aug 21 12:04:08 2024
1276, 0, 125, 56, 115, Wed Aug 21 12:05:08 2024
1166, 0, 150, 73, 138, Wed Aug 21 12:06:08 2024
1077, 0, 130, 70, 153, Wed Aug 21 12:07:08 2024
1093, 0, 138, 72, 149, Wed Aug 21 12:08:08 2024
1129, 0, 126, 55, 134, Wed Aug 21 12:09:08 2024
1035, 0, 129, 64, 142, Wed Aug 21 12:10:08 2024
1078, 0, 128, 66, 130, Wed Aug 21 12:11:08 2024
1103, 0, 152, 73, 144, Wed Aug 21 12:12:08 2024
1060, 0, 139, 67, 139, Wed Aug 21 12:13:08 2024
1106, 0, 143, 70, 134, Wed Aug 21 12:14:08 2024
1120, 0, 138, 72, 137, Wed Aug 21 12:15:08 2024
1140, 0, 142, 71, 141, Wed Aug 21 12:16:08 2024
1121, 0, 140, 53, 130, Wed Aug 21 12:17:08 2024
1083, 0, 148, 71, 146, Wed Aug 21 12:18:08 2024
1109, 0, 134, 67, 135, Wed Aug 21 12:19:08 2024
1134, 0, 134, 58, 111, Wed Aug 21 12:20:08 2024
1060, 0, 134, 61, 124, Wed Aug 21 12:21:08 2024
1097, 0, 152, 69, 145, Wed Aug 21 12:22:08 2024
1121, 0, 137, 69, 148, Wed Aug 21 12:23:08 2024
1064, 0, 129, 59, 122, Wed Aug 21 12:24:08 2024
1051, 0, 106, 45, 115, Wed Aug 21 12:25:08 2024
1079, 0, 110, 63, 126, Wed Aug 21 12:26:08 2024
1104, 0, 135, 64, 132, Wed Aug 21 12:27:08 2024
1086, 0, 141, 73, 141, Wed Aug 21 12:28:08 2024
1104, 0, 129, 69, 133, Wed Aug 21 12:29:08 2024
1125, 0, 134, 63, 145, Wed Aug 21 12:30:08 2024
1138, 0, 134, 83, 155, Wed Aug 21 12:31:08 2024
1097, 0, 122, 61, 129, Wed Aug 21 12:32:08 2024
1118, 0, 125, 54, 124, Wed Aug 21 12:33:08 2024
1116, 0, 129, 62, 136, Wed Aug 21 12:34:08 2024
1143, 0, 136, 58, 125, Wed Aug 21 12:35:08 2024
1117, 0, 124, 62, 130, Wed Aug 21 12:36:08 2024
1145, 0, 144, 71, 148, Wed Aug 21 12:37:08 2024
1123, 0, 134, 61, 133, Wed Aug 21 12:38:08 2024
1130, 0, 162, 76, 150, Wed Aug 21 12:39:08 2024
1160, 0, 139, 75, 157, Wed Aug 21 12:40:08 2024
1137, 0, 129, 65, 146, Wed Aug 21 12:41:08 2024
1094, 0, 141, 66, 128, Wed Aug 21 12:42:08 2024
1115, 0, 135, 74, 145, Wed Aug 21 12:43:08 2024
1093, 0, 139, 67, 135, Wed Aug 21 12:44:08 2024
1105, 0, 126, 60, 128, Wed Aug 21 12:45:08 2024
1138, 0, 144, 59, 126, Wed Aug 21 12:46:08 2024
1111, 0, 134, 64, 122, Wed Aug 21 12:47:08 2024
1098, 0, 122, 58, 129, Wed Aug 21 12:48:08 2024
1153, 0, 116, 64, 133, Wed Aug 21 12:49:08 2024
1106, 0, 130, 64, 133, Wed Aug 21 12:50:08 2024
1108, 0, 147, 74, 140, Wed Aug 21 12:51:08 2024
1093, 0, 120, 57, 131, Wed Aug 21 12:52:08 2024
1129, 0, 143, 61, 126, Wed Aug 21 12:53:08 2024
1096, 0, 130, 60, 135, Wed Aug 21 12:54:08 2024
1133, 0, 113, 58, 133, Wed Aug 21 12:55:08 2024
1156, 0, 128, 49, 118, Wed Aug 21 12:56:08 2024
1104, 0, 129, 62, 125, Wed Aug 21 12:57:08 2024
1105, 0, 134, 66, 134, Wed Aug 21 12:58:08 2024
1133, 0, 109, 57, 129, Wed Aug 21 12:59:08 2024
1135, 0, 140, 66, 132, Wed Aug 21 13:00:08 2024
1172, 0, 124, 66, 141, Wed Aug 21 13:01:08 2024
1125, 0, 133, 76, 139, Wed Aug 21 13:02:08 2024
1097, 0, 150, 84, 144, Wed Aug 21 13:03:08 2024
1135, 0, 126, 59, 144, Wed Aug 21 13:04:08 2024
1113, 0, 134, 72, 130, Wed Aug 21 13:05:08 2024
1107, 0, 133, 63, 140, Wed Aug 21 13:06:08 2024
1122, 0, 146, 73, 137, Wed Aug 21 13:07:08 2024
1121, 0, 111, 56, 131, Wed Aug 21 13:08:08 2024
1132, 0, 141, 70, 132, Wed Aug 21 13:09:08 2024
1056, 0, 117, 45, 113, Wed Aug 21 13:10:08 2024
1090, 0, 127, 63, 131, Wed Aug 21 13:11:08 2024
1085, 0, 134, 61, 125, Wed Aug 21 13:12:08 2024
1151, 0, 159, 79, 153, Wed Aug 21 13:13:08 2024
1109, 0, 147, 73, 153, Wed Aug 21 13:14:08 2024
1160, 0, 132, 65, 126, Wed Aug 21 13:15:08 2024
1072, 0, 152, 68, 140, Wed Aug 21 13:16:08 2024
1093, 0, 125, 55, 131, Wed Aug 21 13:17:08 2024
1070, 0, 147, 69, 129, Wed Aug 21 13:18:08 2024
1094, 0, 118, 55, 125, Wed Aug 21 13:19:08 2024
1162, 0, 131, 63, 128, Wed Aug 21 13:20:08 2024
1070, 0, 127, 52, 124, Wed Aug 21 13:21:08 2024
1120, 0, 146, 65, 132, Wed Aug 21 13:22:08 2024
1120, 0, 134, 56, 124, Wed Aug 21 13:23:08 2024
1192, 0, 125, 59, 131, Wed Aug 21 13:24:08 2024
1079, 0, 138, 69, 123, Wed Aug 21 13:25:08 2024
1189, 0, 135, 63, 138, Wed Aug 21 13:26:08 2024
1057, 0, 130, 62, 138, Wed Aug 21 13:27:08 2024
1099, 0, 120, 64, 130, Wed Aug 21 13:28:08 2024
1113, 0, 121, 49, 123, Wed Aug 21 13:29:08 2024
1086, 0, 143, 71, 137, Wed Aug 21 13:30:08 2024
1102, 0, 119, 71, 158, Wed Aug 21 13:31:08 2024
1051, 0, 133, 57, 130, Wed Aug 21 13:32:08 2024
1081, 0, 130, 61, 131, Wed Aug 21 13:33:08 2024
1110, 0, 135, 68, 127, Wed Aug 21 13:34:08 2024
1093, 0, 148, 67, 124, Wed Aug 21 13:35:08 2024
1124, 0, 125, 51, 126, Wed Aug 21 13:36:08 2024
1097, 0, 149, 76, 158, Wed Aug 21 13:37:08 2024
1111, 0, 122, 62, 146, Wed Aug 21 13:38:08 2024
1158, 0, 144, 70, 135, Wed Aug 21 13:39:08 2024
1058, 0, 121, 47, 133, Wed Aug 21 13:40:08 2024
1050, 0, 133, 67, 120, Wed Aug 21 13:41:08 2024
1146, 0, 116, 59, 132, Wed Aug 21 13:42:08 2024
1190, 0, 109, 55, 129, Wed Aug 21 13:43:08 2024
1163, 0, 167, 82, 152, Wed Aug 21 13:44:08 2024
1084, 0, 137, 58, 127, Wed Aug 21 13:45:08 2024
1128, 0, 115, 63, 131, Wed Aug 21 13:46:08 2024
1122, 0, 141, 65, 131, Wed Aug 21 13:47:08 2024
1169, 0, 149, 66, 138, Wed Aug 21 13:48:08 2024
1159, 0, 120, 67, 156, Wed Aug 21 13:49:08 2024
1063, 0, 134, 63, 130, Wed Aug 21 13:50:08 2024
1086, 0, 146, 72, 130, Wed Aug 21 13:51:08 2024
1093, 0, 141, 63, 131, Wed Aug 21 13:52:08 2024
1133, 0, 156, 81, 163, Wed Aug 21 13:53:08 2024
1069, 0, 125, 65, 132, Wed Aug 21 13:54:08 2024
1082, 0, 126, 76, 132, Wed Aug 21 13:55:08 2024
1132, 0, 133, 60, 142, Wed Aug 21 13:56:08 2024
1118, 0, 143, 77, 141, Wed Aug 21 13:57:08 2024
1104, 0, 151, 69, 145, Wed Aug 21 13:58:08 2024
1068, 0, 159, 66, 134, Wed Aug 21 13:59:08 2024
1116, 0, 121, 52, 132, Wed Aug 21 14:00:08 2024
1105, 0, 145, 74, 135, Wed Aug 21 14:01:08 2024
1093, 0, 136, 85, 161, Wed Aug 21 14:02:08 2024
1072, 0, 160, 85, 142, Wed Aug 21 14:03:08 2024
1086, 0, 140, 80, 145, Wed Aug 21 14:04:08 2024
1054, 0, 133, 62, 130, Wed Aug 21 14:05:08 2024
1145, 0, 150, 72, 143, Wed Aug 21 14:06:08 2024
1092, 0, 138, 71, 135, Wed Aug 21 14:07:08 2024
1112, 0, 128, 65, 116, Wed Aug 21 14:08:08 2024
1150, 0, 123, 61, 145, Wed Aug 21 14:09:08 2024
1119, 0, 144, 74, 139, Wed Aug 21 14:10:08 2024
1086, 0, 124, 58, 132, Wed Aug 21 14:11:08 2024
1084, 0, 143, 65, 129, Wed Aug 21 14:12:08 2024
1098, 0, 152, 68, 136, Wed Aug 21 14:13:08 2024
1059, 0, 152, 77, 128, Wed Aug 21 14:14:08 2024
1147, 0, 149, 74, 144, Wed Aug 21 14:15:08 2024
1091, 0, 140, 66, 116, Wed Aug 21 14:16:08 2024
1043, 0, 126, 54, 114, Wed Aug 21 14:17:08 2024
1109, 0, 154, 71, 146, Wed Aug 21 14:18:08 2024
1083, 0, 134, 57, 125, Wed Aug 21 14:19:08 2024
1056, 0, 137, 52, 114, Wed Aug 21 14:20:08 2024
1019, 0, 133, 64, 129, Wed Aug 21 14:21:08 2024
1075, 0, 150, 77, 149, Wed Aug 21 14:22:08 2024
1172, 0, 125, 58, 123, Wed Aug 21 14:23:08 2024
1053, 0, 124, 56, 118, Wed Aug 21 14:24:08 2024
1087, 0, 133, 66, 131, Wed Aug 21 14:25:08 2024
1111, 0, 165, 78, 146, Wed Aug 21 14:26:08 2024
1066, 0, 123, 61, 125, Wed Aug 21 14:27:08 2024
1107, 0, 150, 78, 145, Wed Aug 21 14:28:08 2024
1086, 0, 138, 66, 140, Wed Aug 21 14:29:08 2024
1091, 0, 132, 64, 133, Wed Aug 21 14:30:08 2024
1111, 0, 115, 53, 121, Wed Aug 21 14:31:08 2024
1155, 0, 139, 66, 135, Wed Aug 21 14:32:08 2024
1223, 0, 124, 71, 152, Wed Aug 21 14:33:08 2024
1105, 0, 116, 51, 107, Wed Aug 21 14:34:08 2024
1106, 0, 120, 56, 113, Wed Aug 21 14:35:08 2024
1070, 0, 150, 67, 142, Wed Aug 21 14:36:08 2024
1083, 0, 128, 63, 131, Wed Aug 21 14:37:08 2024
1088, 0, 137, 59, 125, Wed Aug 21 14:38:08 2024
1046, 0, 161, 92, 161, Wed Aug 21 14:39:08 2024
1009, 0, 127, 57, 122, Wed Aug 21 14:40:08 2024
1123, 0, 137, 65, 134, Wed Aug 21 14:41:08 2024
