1056, 0, 150, 78, 155, Wed Aug 21 14:44:03 2024
1099, 0, 120, 52, 125, Wed Aug 21 14:45:03 2024
1029, 0, 136, 61, 121, Wed Aug 21 14:46:03 2024
1016, 0, 131, 48, 114, Wed Aug 21 14:47:03 2024
1104, 0, 151, 78, 149, Wed Aug 21 14:48:03 2024
1016, 0, 138, 59, 118, Wed Aug 21 14:49:03 2024
1088, 0, 151, 75, 148, Wed Aug 21 14:50:03 2024
1070, 0, 144, 64, 141, Wed Aug 21 14:51:03 2024
1070, 0, 128, 71, 145, Wed Aug 21 14:52:03 2024
1023, 0, 159, 74, 137, Wed Aug 21 14:53:03 2024
1005, 0, 111, 51, 106, Wed Aug 21 14:54:03 2024
1067, 0, 138, 60, 122, Wed Aug 21 14:55:03 2024
1033, 0, 127, 52, 122, Wed Aug 21 14:56:03 2024
1013, 0, 138, 80, 144, Wed Aug 21 14:57:03 2024
1025, 0, 142, 70, 146, Wed Aug 21 14:58:03 2024
1133, 0, 140, 75, 144, Wed Aug 21 14:59:03 2024
1134, 0, 157, 75, 141, Wed Aug 21 15:00:03 2024
1131, 0, 133, 62, 137, Wed Aug 21 15:01:03 2024
1125, 0, 139, 67, 144, Wed Aug 21 15:02:03 2024
1102, 0, 115, 62, 129, Wed Aug 21 15:03:03 2024
1116, 0, 133, 67, 134, Wed Aug 21 15:04:03 2024
1120, 0, 131, 73, 145, Wed Aug 21 15:05:03 2024
1099, 0, 150, 62, 134, Wed Aug 21 15:06:03 2024
1087, 0, 136, 67, 125, Wed Aug 21 15:07:03 2024
1077, 0, 145, 70, 148, Wed Aug 21 15:08:03 2024
1079, 0, 133, 72, 142, Wed Aug 21 15:09:03 2024
1104, 0, 149, 75, 140, Wed Aug 21 15:10:03 2024
1083, 0, 136, 66, 140, Wed Aug 21 15:11:03 2024
1155, 0, 169, 69, 142, Wed Aug 21 15:12:03 2024
1127, 0, 137, 82, 150, Wed Aug 21 15:13:03 2024
1052, 0, 152, 71, 140, Wed Aug 21 15:14:03 2024
1126, 0, 155, 71, 134, Wed Aug 21 15:15:03 2024
1126, 0, 134, 63, 123, Wed Aug 21 15:16:03 2024
1152, 0, 142, 78, 153, Wed Aug 21 15:17:03 2024
1120, 0, 123, 52, 134, Wed Aug 21 15:18:03 2024
1150, 0, 165, 88, 156, Wed Aug 21 15:19:03 2024
1092, 0, 139, 67, 144, Wed Aug 21 15:20:03 2024
1155, 0, 149, 64, 136, Wed Aug 21 15:55:57 2024
1175, 0, 128, 64, 130, Wed Aug 21 15:56:57 2024
1204, 0, 143, 64, 140, Wed Aug 21 15:57:57 2024
1167, 0, 148, 64, 149, Wed Aug 21 15:58:57 2024
1205, 0, 138, 75, 151, Wed Aug 21 15:59:57 2024
1147, 0, 118, 56, 133, Wed Aug 21 16:00:57 2024
1155, 0, 148, 68, 144, Wed Aug 21 16:01:57 2024
1121, 0, 146, 74, 133, Wed Aug 21 16:02:57 2024
1170, 0, 133, 63, 137, Wed Aug 21 16:03:57 2024
1208, 0, 140, 54, 116, Wed Aug 21 16:04:57 2024
1179, 0, 161, 76, 156, Wed Aug 21 16:05:57 2024
1162, 0, 133, 72, 146, Wed Aug 21 16:06:57 2024
1194, 0, 134, 66, 133, Wed Aug 21 16:07:57 2024
1122, 0, 131, 68, 133, Wed Aug 21 16:08:57 2024
1110, 0, 140, 60, 121, Wed Aug 21 16:09:57 2024
1188, 0, 122, 64, 146, Wed Aug 21 16:10:57 2024
1171, 0, 129, 58, 134, Wed Aug 21 16:11:57 2024
1219, 0, 125, 58, 123, Wed Aug 21 16:12:57 2024
1147, 0, 140, 69, 140, Wed Aug 21 16:13:57 2024
1215, 0, 146, 67, 146, Wed Aug 21 16:14:57 2024
1199, 0, 139, 66, 127, Wed Aug 21 16:15:57 2024
1127, 0, 140, 55, 124, Wed Aug 21 16:16:57 2024
1172, 0, 133, 70, 136, Wed Aug 21 16:17:57 2024
1189, 0, 131, 59, 137, Wed Aug 21 16:18:57 2024
1187, 0, 128, 57, 120, Wed Aug 21 16:19:57 2024
1212, 0, 156, 77, 154, Wed Aug 21 16:20:57 2024
1245, 0, 146, 77, 154, Wed Aug 21 16:21:57 2024
1206, 0, 134, 54, 132, Wed Aug 21 16:22:57 2024
1197, 0, 116, 60, 125, Wed Aug 21 16:23:57 2024
1219, 0, 153, 68, 143, Wed Aug 21 16:24:57 2024
1164, 0, 143, 73, 155, Wed Aug 21 16:25:57 2024
1206, 0, 131, 65, 146, Wed Aug 21 16:26:57 2024
1192, 0, 130, 49, 120, Wed Aug 21 16:27:57 2024
1200, 0, 111, 45, 115, Wed Aug 21 16:28:57 2024
1304, 0, 151, 80, 140, Wed Aug 21 16:29:57 2024
1249, 0, 141, 68, 148, Wed Aug 21 16:30:57 2024
1172, 0, 126, 66, 143, Wed Aug 21 16:31:57 2024
1240, 0, 163, 68, 135, Wed Aug 21 16:32:57 2024
1158, 0, 122, 53, 124, Wed Aug 21 16:33:57 2024
1229, 0, 137, 60, 143, Wed Aug 21 16:34:57 2024
1240, 0, 156, 66, 149, Wed Aug 21 16:35:57 2024
1155, 0, 136, 57, 123, Wed Aug 21 16:36:57 2024
1206, 0, 149, 71, 138, Wed Aug 21 16:37:57 2024
1222, 0, 120, 50, 123, Wed Aug 21 16:38:57 2024
1284, 0, 144, 74, 140, Wed Aug 21 16:39:57 2024
1186, 0, 129, 59, 127, Wed Aug 21 16:40:57 2024
1205, 0, 137, 73, 144, Wed Aug 21 16:41:57 2024
1187, 0, 133, 69, 132, Wed Aug 21 16:42:57 2024
1205, 0, 148, 59, 118, Wed Aug 21 16:43:57 2024
1121, 0, 127, 54, 123, Wed Aug 21 16:44:57 2024
1266, 0, 138, 71, 156, Wed Aug 21 16:45:57 2024
1231, 0, 129, 70, 136, Wed Aug 21 16:46:57 2024
1187, 0, 140, 74, 143, Wed Aug 21 16:47:57 2024
1216, 0, 157, 80, 152, Wed Aug 21 16:48:57 2024
1201, 0, 120, 51, 115, Wed Aug 21 16:49:57 2024
1213, 0, 151, 59, 123, Wed Aug 21 16:50:57 2024
1227, 0, 142, 70, 148, Wed Aug 21 16:51:57 2024
1244, 0, 120, 56, 140, Wed Aug 21 16:52:57 2024
1161, 0, 143, 73, 131, Wed Aug 21 16:53:57 2024
1267, 0, 148, 77, 155, Wed Aug 21 16:54:57 2024
1250, 0, 128, 71, 144, Wed Aug 21 16:55:57 2024
1183, 0, 151, 71, 128, Wed Aug 21 16:56:57 2024
1201, 0, 156, 88, 147, Wed Aug 21 16:57:57 2024
1179, 0, 140, 69, 135, Wed Aug 21 16:58:57 2024
1194, 0, 147, 74, 148, Wed Aug 21 16:59:57 2024
1215, 0, 136, 74, 148, Wed Aug 21 17:00:57 2024
1261, 0, 127, 68, 135, Wed Aug 21 17:01:57 2024
1268, 0, 134, 70, 152, Wed Aug 21 17:02:57 2024
1245, 0, 137, 69, 134, Wed Aug 21 17:03:57 2024
1178, 0, 138, 66, 151, Wed Aug 21 17:04:57 2024
1189, 0, 128, 60, 143, Wed Aug 21 17:05:57 2024
1220, 0, 132, 69, 157, Wed Aug 21 17:06:57 2024
1222, 0, 122, 54, 135, Wed Aug 21 17:07:57 2024
1270, 0, 140, 71, 150, Wed Aug 21 17:08:57 2024
1189, 0, 152, 67, 139, Wed Aug 21 17:09:57 2024
1224, 0, 119, 59, 143, Wed Aug 21 17:10:57 2024
1224, 0, 132, 58, 137, Wed Aug 21 17:11:57 2024
1251, 0, 145, 77, 160, Wed Aug 21 17:12:57 2024
1249, 0, 148, 72, 141, Wed Aug 21 17:13:57 2024
1202, 0, 157, 69, 129, Wed Aug 21 17:14:57 2024
1199, 0, 134, 64, 134, Wed Aug 21 17:15:57 2024
1243, 0, 133, 69, 131, Wed Aug 21 17:16:57 2024
1213, 0, 124, 61, 133, Wed Aug 21 17:17:57 2024
1203, 0, 146, 79, 143, Wed Aug 21 17:18:57 2024
1235, 0, 134, 66, 134, Wed Aug 21 17:19:57 2024
1200, 0, 138, 57, 122, Wed Aug 21 17:20:57 2024
1244, 0, 128, 54, 116, Wed Aug 21 17:21:57 2024
1272, 0, 128, 63, 138, Wed Aug 21 17:22:57 2024
1209, 0, 172, 81, 142, Wed Aug 21 17:23:57 2024
1205, 0, 142, 76, 156, Wed Aug 21 17:24:57 2024
1211, 0, 132, 63, 140, Wed Aug 21 17:25:57 2024
1206, 0, 145, 69, 130, Wed Aug 21 17:26:57 2024
1186, 0, 136, 67, 132, Wed Aug 21 17:27:57 2024
1185, 0, 133, 59, 123, Wed Aug 21 17:28:57 2024
1221, 0, 129, 64, 131, Wed Aug 21 17:29:57 2024
1215, 0, 123, 66, 138, Wed Aug 21 17:30:57 2024
1301, 0, 139, 70, 148, Wed Aug 21 17:31:57 2024
1243, 0, 142, 70, 143, Wed Aug 21 17:32:57 2024
1189, 0, 134, 73, 144, Wed Aug 21 17:33:57 2024
1220, 0, 126, 69, 145, Wed Aug 21 17:34:57 2024
1243, 0, 137, 55, 141, Wed Aug 21 17:35:57 2024
1222, 0, 142, 61, 145, Wed Aug 21 17:36:57 2024
1210, 0, 137, 64, 128, Wed Aug 21 17:37:57 2024
1198, 0, 124, 60, 144, Wed Aug 21 17:38:57 2024
1233, 0, 139, 69, 143, Wed Aug 21 17:39:57 2024
1181, 0, 152, 67, 138, Wed Aug 21 17:40:57 2024
1286, 0, 137, 62, 147, Wed Aug 21 17:41:57 2024
1192, 0, 140, 64, 116, Wed Aug 21 17:42:57 2024
1190, 0, 151, 68, 127, Wed Aug 21 17:43:57 2024
1189, 0, 148, 75, 134, Wed Aug 21 17:44:57 2024
1225, 0, 163, 89, 159, Wed Aug 21 17:45:57 2024
1235, 0, 152, 70, 158, Wed Aug 21 17:46:57 2024
1223, 0, 118, 56, 117, Wed Aug 21 17:47:57 2024
1160, 0, 132, 60, 130, Wed Aug 21 17:48:57 2024
1260, 0, 135, 77, 145, Wed Aug 21 17:49:57 2024
1207, 0, 147, 71, 145, Wed Aug 21 17:50:57 2024
1259, 0, 116, 59, 127, Wed Aug 21 17:51:57 2024
1182, 0, 129, 66, 123, Wed Aug 21 17:52:57 2024
1239, 0, 134, 60, 132, Wed Aug 21 17:53:57 2024
1220, 0, 141, 76, 151, Wed Aug 21 17:54:57 2024
1217, 0, 130, 71, 141, Wed Aug 21 17:55:57 2024
1194, 0, 145, 64, 117, Wed Aug 21 17:56:57 2024
1096, 0, 146, 68, 128, Wed Aug 21 17:57:57 2024
1291, 0, 143, 81, 152, Wed Aug 21 17:58:57 2024
1249, 0, 134, 54, 129, Wed Aug 21 17:59:57 2024
1236, 0, 150, 71, 128, Wed Aug 21 18:00:57 2024
1267, 0, 138, 60, 134, Wed Aug 21 18:01:57 2024
1241, 0, 124, 58, 129, Wed Aug 21 18:02:57 2024
1220, 0, 130, 55, 110, Wed Aug 21 18:03:57 2024
1196, 0, 135, 64, 133, Wed Aug 21 18:04:57 2024
1189, 0, 133, 67, 136, Wed Aug 21 18:05:57 2024
1204, 0, 146, 70, 141, Wed Aug 21 18:06:57 2024
1274, 0, 137, 66, 145, Wed Aug 21 18:07:57 2024
1205, 0, 161, 76, 132, Wed Aug 21 18:08:57 2024
1225, 0, 144, 73, 151, Wed Aug 21 18:09:57 2024
1298, 0, 142, 60, 119, Wed Aug 21 18:10:57 2024
1226, 0, 142, 70, 133, Wed Aug 21 18:11:57 2024
1202, 0, 139, 55, 112, Wed Aug 21 18:12:57 2024
1200, 0, 151, 75, 142, Wed Aug 21 18:13:57 2024
1240, 0, 136, 72, 162, Wed Aug 21 18:14:57 2024
1219, 0, 157, 71, 134, Wed Aug 21 18:15:57 2024
1252, 0, 140, 70, 151, Wed Aug 21 18:16:57 2024
1315, 0, 145, 71, 157, Wed Aug 21 18:17:57 2024
1250, 0, 136, 67, 133, Wed Aug 21 18:18:57 2024
1259, 0, 148, 68, 157, Wed Aug 21 18:19:57 2024
1221, 0, 133, 65, 136, Wed Aug 21 18:20:57 2024
1232, 0, 141, 62, 125, Wed Aug 21 18:21:57 2024
1211, 0, 144, 63, 127, Wed Aug 21 18:22:57 2024
1257, 0, 150, 81, 162, Wed Aug 21 18:23:57 2024
1231, 0, 129, 66, 125, Wed Aug 21 18:24:57 2024
1259, 0, 162, 82, 145, Wed Aug 21 18:25:57 2024
1269, 0, 130, 56, 122, Wed Aug 21 18:26:57 2024
1188, 0, 137, 69, 123, Wed Aug 21 18:27:57 2024
1197, 0, 130, 60, 148, Wed Aug 21 18:28:57 2024
1183, 0, 148, 74, 158, Wed Aug 21 18:29:57 2024
1194, 0, 150, 69, 142, Wed Aug 21 18:30:57 2024
1184, 0, 137, 70, 138, Wed Aug 21 18:31:57 2024
1205, 0, 138, 58, 125, Wed Aug 21 18:32:57 2024
1247, 0, 140, 67, 146, Wed Aug 21 18:33:57 2024
1222, 0, 147, 73, 152, Wed Aug 21 18:34:57 2024
1134, 0, 160, 70, 135, Wed Aug 21 18:35:57 2024
1199, 0, 137, 70, 134, Wed Aug 21 18:36:57 2024
1190, 0, 139, 66, 140, Wed Aug 21 18:37:57 2024
1197, 0, 141, 72, 149, Wed Aug 21 18:38:57 2024
1233, 0, 136, 63, 137, Wed Aug 21 18:39:57 2024
1216, 0, 144, 63, 146, Wed Aug 21 18:40:57 2024
1286, 0, 151, 67, 155, Wed Aug 21 18:41:57 2024
1214, 0, 121, 57, 133, Wed Aug 21 18:42:57 2024
1215, 0, 134, 70, 137, Wed Aug 21 18:43:57 2024
1197, 0, 133, 60, 133, Wed Aug 21 18:44:57 2024
1213, 0, 139, 62, 143, Wed Aug 21 18:45:57 2024
1238, 0, 138, 70, 139, Wed Aug 21 18:46:57 2024
1212, 0, 126, 68, 142, Wed Aug 21 18:47:57 2024
1340, 0, 138, 63, 155, Wed Aug 21 18:48:57 2024
1241, 0, 144, 66, 144, Wed Aug 21 18:49:57 2024
1244, 0, 122, 54, 120, Wed Aug 21 18:50:57 2024
1175, 0, 112, 51, 114, Wed Aug 21 18:51:57 2024
1256, 0, 135, 71, 134, Wed Aug 21 18:52:57 2024
1189, 0, 138, 62, 125, Wed Aug 21 18:53:57 2024
1156, 0, 129, 57, 116, Wed Aug 21 18:54:57 2024
1238, 0, 131, 63, 122, Wed Aug 21 18:55:57 2024
1161, 0, 153, 69, 132, Wed Aug 21 18:56:57 2024
1269, 0, 167, 88, 157, Wed Aug 21 18:57:57 2024
1249, 0, 141, 72, 139, Wed Aug 21 18:58:57 2024
1193, 0, 143, 56, 129, Wed Aug 21 18:59:57 2024
1213, 0, 133, 66, 133, Wed Aug 21 19:00:57 2024
1197, 0, 153, 71, 129, Wed Aug 21 19:01:57 2024
1222, 0, 140, 63, 133, Wed Aug 21 19:02:57 2024
1214, 0, 128, 56, 122, Wed Aug 21 19:03:57 2024
1261, 0, 149, 75, 156, Wed Aug 21 19:04:57 2024
1267, 0, 133, 66, 138, Wed Aug 21 19:05:57 2024
1194, 0, 165, 70, 141, Wed Aug 21 19:06:57 2024
1236, 0, 154, 69, 162, Wed Aug 21 19:07:57 2024
1267, 0, 116, 51, 133, Wed Aug 21 19:08:57 2024
1253, 0, 132, 65, 127, Wed Aug 21 19:09:57 2024
1212, 0, 131, 66, 133, Wed Aug 21 19:10:57 2024
1248, 0, 165, 70, 140, Wed Aug 21 19:11:57 2024
1244, 0, 131, 70, 150, Wed Aug 21 19:12:57 2024
1229, 0, 144, 79, 151, Wed Aug 21 19:13:57 2024
1203, 0, 136, 71, 128, Wed Aug 21 19:14:57 2024
1258, 0, 134, 67, 127, Wed Aug 21 19:15:57 2024
1280, 0, 133, 80, 149, Wed Aug 21 19:16:57 2024
1265, 0, 158, 69, 150, Wed Aug 21 19:17:57 2024
1210, 0, 135, 63, 138, Wed Aug 21 19:18:57 2024
1147, 0, 130, 59, 115, Wed Aug 21 19:19:57 2024
1201, 0, 134, 54, 136, Wed Aug 21 19:20:57 2024
1226, 0, 138, 68, 141, Wed Aug 21 19:21:57 2024
1265, 0, 132, 50, 130, Wed Aug 21 19:22:57 2024
1211, 0, 139, 63, 134, Wed Aug 21 19:23:57 2024
1217, 0, 134, 70, 144, Wed Aug 21 19:24:57 2024
1219, 0, 138, 58, 128, Wed Aug 21 19:25:57 2024
1185, 0, 137, 58, 132, Wed Aug 21 19:26:57 2024
1290, 0, 129, 65, 132, Wed Aug 21 19:27:57 2024
1229, 0, 133, 66, 142, Wed Aug 21 19:28:57 2024
1284, 0, 130, 65, 157, Wed Aug 21 19:29:57 2024
1259, 0, 141, 72, 139, Wed Aug 21 19:30:57 2024
1208, 0, 137, 58, 122, Wed Aug 21 19:31:57 2024
1190, 0, 133, 62, 134, Wed Aug 21 19:32:57 2024
1189, 0, 128, 57, 138, Wed Aug 21 19:33:57 2024
1263, 0, 138, 67, 159, Wed Aug 21 19:34:57 2024
1228, 0, 156, 73, 145, Wed Aug 21 19:35:57 2024
1236, 0, 137, 58, 140, Wed Aug 21 19:36:57 2024
1219, 0, 156, 79, 145, Wed Aug 21 19:37:57 2024
1219, 0, 148, 74, 127, Wed Aug 21 19:38:57 2024
1343, 0, 158, 80, 147, Wed Aug 21 19:39:57 2024
1234, 0, 137, 76, 136, Wed Aug 21 19:40:57 2024
1220, 0, 114, 60, 142, Wed Aug 21 19:41:57 2024
1195, 0, 139, 68, 131, Wed Aug 21 19:42:57 2024
1246, 0, 131, 62, 121, Wed Aug 21 19:43:57 2024
1190, 0, 136, 57, 128, Wed Aug 21 19:44:57 2024
1234, 0, 138, 68, 146, Wed Aug 21 19:45:57 2024
1287, 0, 119, 57, 123, Wed Aug 21 19:46:57 2024
1254, 0, 121, 63, 131, Wed Aug 21 19:47:57 2024
1198, 0, 113, 64, 122, Wed Aug 21 19:48:57 2024
1241, 0, 134, 74, 151, Wed Aug 21 19:49:57 2024
1286, 0, 154, 64, 154, Wed Aug 21 19:50:57 2024
1169, 0, 141, 57, 126, Wed Aug 21 19:51:57 2024
1211, 0, 127, 55, 128, Wed Aug 21 19:52:57 2024
1283, 0, 131, 66, 118, Wed Aug 21 19:53:57 2024
1258, 0, 137, 67, 139, Wed Aug 21 19:54:57 2024
1226, 0, 155, 72, 139, Wed Aug 21 19:55:57 2024
1258, 0, 140, 60, 144, Wed Aug 21 19:56:57 2024
1291, 0, 141, 64, 131, Wed Aug 21 19:57:57 2024
1203, 0, 129, 56, 126, Wed Aug 21 19:58:57 2024
1238, 0, 135, 59, 130, Wed Aug 21 19:59:57 2024
1223, 0, 133, 51, 131, Wed Aug 21 20:00:57 2024
1270, 0, 137, 64, 132, Wed Aug 21 20:01:57 2024
1229, 0, 144, 71, 156, Wed Aug 21 20:02:57 2024
1251, 0, 147, 71, 143, Wed Aug 21 20:03:57 2024
1230, 0, 146, 68, 149, Wed Aug 21 20:04:57 2024
1237, 0, 125, 53, 143, Wed Aug 21 20:05:57 2024
1293, 0, 147, 64, 139, Wed Aug 21 20:06:57 2024
1280, 0, 126, 58, 131, Wed Aug 21 20:07:57 2024
1186, 0, 159, 67, 131, Wed Aug 21 20:08:57 2024
1275, 0, 138, 63, 131, Wed Aug 21 20:09:57 2024
1240, 0, 134, 65, 150, Wed Aug 21 20:10:57 2024
1238, 0, 139, 69, 147, Wed Aug 21 20:11:57 2024
1271, 0, 138, 71, 146, Wed Aug 21 20:12:57 2024
1186, 0, 142, 63, 128, Wed Aug 21 20:13:57 2024
1235, 0, 148, 64, 132, Wed Aug 21 20:14:57 2024
1262, 0, 156, 82, 144, Wed Aug 21 20:15:57 2024
1247, 0, 135, 76, 143, Wed Aug 21 20:16:57 2024
1230, 0, 143, 70, 142, Wed Aug 21 20:17:57 2024
1310, 0, 145, 74, 146, Wed Aug 21 20:18:57 2024
1317, 0, 139, 80, 149, Wed Aug 21 20:19:57 2024
1244, 0, 144, 71, 141, Wed Aug 21 20:20:57 2024
1287, 0, 140, 67, 142, Wed Aug 21 20:21:57 2024
1288, 0, 120, 62, 134, Wed Aug 21 20:22:57 2024
1252, 0, 135, 67, 137, Wed Aug 21 20:23:57 2024
1230, 0, 114, 67, 134, Wed Aug 21 20:24:57 2024
1285, 0, 124, 60, 133, Wed Aug 21 20:25:57 2024
1295, 0, 138, 77, 154, Wed Aug 21 20:26:57 2024
1224, 0, 143, 72, 140, Wed Aug 21 20:27:57 2024
1211, 0, 138, 62, 124, Wed Aug 21 20:28:57 2024
1187, 0, 133, 59, 120, Wed Aug 21 20:29:57 2024
1275, 0, 141, 71, 158, Wed Aug 21 20:30:57 2024
1246, 0, 151, 72, 135, Wed Aug 21 20:31:57 2024
1265, 0, 143, 81, 160, Wed Aug 21 20:32:57 2024
1237, 0, 149, 75, 137, Wed Aug 21 20:33:57 2024
1285, 0, 141, 69, 125, Wed Aug 21 20:34:57 2024
1248, 0, 131, 50, 121, Wed Aug 21 20:35:57 2024
1301, 0, 115, 60, 128, Wed Aug 21 20:36:57 2024
1154, 0, 127, 63, 130, Wed Aug 21 20:37:57 2024
1213, 0, 151, 68, 127, Wed Aug 21 20:38:57 2024
1298, 0, 134, 64, 133, Wed Aug 21 20:39:57 2024
1224, 0, 134, 55, 128, Wed Aug 21 20:40:57 2024
1251, 0, 152, 75, 150, Wed Aug 21 20:41:57 2024
1169, 0, 134, 55, 127, Wed Aug 21 20:42:57 2024
1266, 0, 130, 69, 136, Wed Aug 21 20:43:57 2024
1263, 0, 148, 73, 137, Wed Aug 21 20:44:57 2024
1213, 0, 151, 62, 131, Wed Aug 21 20:45:57 2024
1255, 0, 108, 55, 133, Wed Aug 21 20:46:57 2024
1311, 0, 144, 66, 140, Wed Aug 21 20:47:57 2024
1343, 0, 142, 73, 142, Wed Aug 21 20:48:57 2024
1229, 0, 164, 58, 133, Wed Aug 21 20:49:57 2024
1243, 0, 137, 68, 134, Wed Aug 21 20:50:57 2024
1264, 0, 140, 79, 148, Wed Aug 21 20:51:57 2024
1255, 0, 139, 61, 125, Wed Aug 21 20:52:57 2024
1211, 0, 137, 72, 136, Wed Aug 21 20:53:57 2024
1174, 0, 110, 46, 118, Wed Aug 21 20:54:57 2024
1274, 0, 138, 65, 122, Wed Aug 21 20:55:57 2024
1253, 0, 118, 58, 131, Wed Aug 21 20:56:57 2024
1282, 0, 144, 68, 135, Wed Aug 21 20:57:57 2024
1307, 0, 136, 56, 135, Wed Aug 21 20:58:57 2024
1258, 0, 126, 58, 127, Wed Aug 21 20:59:57 2024
1180, 0, 129, 63, 124, Wed Aug 21 21:00:57 2024
1262, 0, 141, 73, 149, Wed Aug 21 21:01:57 2024
1240, 0, 130, 67, 133, Wed Aug 21 21:02:57 2024
1232, 0, 156, 77, 161, Wed Aug 21 21:03:57 2024
1219, 0, 128, 70, 147, Wed Aug 21 21:04:57 2024
1192, 0, 128, 58, 112, Wed Aug 21 21:05:57 2024
1326, 0, 128, 70, 145, Wed Aug 21 21:06:57 2024
1250, 0, 126, 63, 132, Wed Aug 21 21:07:57 2024
1244, 0, 140, 63, 114, Wed Aug 21 21:08:57 2024
1302, 0, 141, 69, 133, Wed Aug 21 21:09:57 2024
1192, 0, 149, 67, 147, Wed Aug 21 21:10:57 2024
1275, 0, 145, 71, 137, Wed Aug 21 21:11:57 2024
1218, 0, 119, 59, 139, Wed Aug 21 21:12:57 2024
1218, 0, 133, 72, 142, Wed Aug 21 21:13:57 2024
1234, 0, 136, 60, 128, Wed Aug 21 21:14:57 2024
1287, 0, 136, 66, 124, Wed Aug 21 21:15:57 2024
1246, 0, 134, 72, 145, Wed Aug 21 21:16:57 2024
1234, 0, 126, 63, 139, Wed Aug 21 21:17:57 2024
1267, 0, 140, 66, 129, Wed Aug 21 21:18:57 2024
1276, 0, 153, 78, 166, Wed Aug 21 21:19:57 2024
1285, 0, 143, 62, 140, Wed Aug 21 21:20:57 2024
1255, 0, 118, 44, 116, Wed Aug 21 21:21:57 2024
1218, 0, 139, 67, 141, Wed Aug 21 21:22:57 2024
1304, 0, 124, 67, 140, Wed Aug 21 21:23:57 2024
1242, 0, 145, 75, 140, Wed Aug 21 21:24:57 2024
1228, 0, 130, 56, 127, Wed Aug 21 21:25:57 2024
1176, 0, 113, 56, 118, Wed Aug 21 21:26:57 2024
1265, 0, 133, 73, 148, Wed Aug 21 21:27:57 2024
1245, 0, 142, 67, 131, Wed Aug 21 21:28:57 2024
1207, 0, 152, 72, 144, Wed Aug 21 21:29:57 2024
1281, 0, 121, 55, 121, Wed Aug 21 21:30:57 2024
1231, 0, 152, 76, 151, Wed Aug 21 21:31:57 2024
1270, 0, 144, 72, 135, Wed Aug 21 21:32:57 2024
1224, 0, 155, 72, 137, Wed Aug 21 21:33:57 2024
1215, 0, 126, 62, 125, Wed Aug 21 21:34:57 2024
1204, 0, 135, 59, 132, Wed Aug 21 21:35:57 2024
1290, 0, 114, 63, 124, Wed Aug 21 21:36:57 2024
1237, 0, 151, 71, 140, Wed Aug 21 21:37:57 2024
1257, 0, 137, 61, 119, Wed Aug 21 21:38:57 2024
1244, 0, 142, 68, 139, Wed Aug 21 21:39:57 2024
1247, 0, 139, 70, 143, Wed Aug 21 21:40:57 2024
1290, 0, 139, 69, 141, Wed Aug 21 21:41:57 2024
1231, 0, 127, 63, 135, Wed Aug 21 21:42:57 2024
1236, 0, 126, 65, 129, Wed Aug 21 21:43:57 2024
1274, 0, 126, 56, 122, Wed Aug 21 21:44:57 2024
1225, 0, 135, 65, 137, Wed Aug 21 21:45:57 2024
1253, 0, 133, 73, 145, Wed Aug 21 21:46:57 2024
1247, 0, 142, 69, 143, Wed Aug 21 21:47:57 2024
1268, 0, 131, 66, 138, Wed Aug 21 21:48:57 2024
1293, 0, 151, 72, 137, Wed Aug 21 21:49:57 2024
1225, 0, 129, 63, 134, Wed Aug 21 21:50:57 2024
1353, 0, 143, 72, 154, Wed Aug 21 21:51:57 2024
1195, 0, 170, 68, 147, Wed Aug 21 21:52:57 2024
1234, 0, 124, 51, 112, Wed Aug 21 21:53:57 2024
1290, 0, 135, 55, 119, Wed Aug 21 21:54:57 2024
1253, 0, 138, 62, 146, Wed Aug 21 21:55:57 2024
1229, 0, 125, 66, 142, Wed Aug 21 21:56:57 2024
1282, 0, 144, 65, 139, Wed Aug 21 21:57:57 2024
1265, 0, 146, 77, 140, Wed Aug 21 21:58:57 2024
1239, 0, 139, 72, 155, Wed Aug 21 21:59:57 2024
1253, 0, 139, 62, 128, Wed Aug 21 22:00:57 2024
1250, 0, 136, 65, 135, Wed Aug 21 22:01:57 2024
1262, 0, 148, 70, 131, Wed Aug 21 22:02:57 2024
1243, 0, 134, 69, 148, Wed Aug 21 22:03:57 2024
1254, 0, 128, 61, 136, Wed Aug 21 22:04:57 2024
1225, 0, 127, 56, 139, Wed Aug 21 22:05:57 2024
1275, 0, 146, 70, 141, Wed Aug 21 22:06:57 2024
1227, 0, 137, 68, 138, Wed Aug 21 22:07:57 2024
1224, 0, 132, 65, 131, Wed Aug 21 22:08:57 2024
1186, 0, 155, 76, 134, Wed Aug 21 22:09:57 2024
1291, 0, 160, 77, 159, Wed Aug 21 22:10:57 2024
1280, 0, 139, 73, 153, Wed Aug 21 22:11:57 2024
1243, 0, 131, 60, 134, Wed Aug 21 22:12:57 2024
1232, 0, 148, 72, 142, Wed Aug 21 22:13:57 2024
1284, 0, 124, 59, 136, Wed Aug 21 22:14:57 2024
1210, 0, 135, 52, 130, Wed Aug 21 22:15:57 2024
1241, 0, 148, 67, 147, Wed Aug 21 22:16:57 2024
1218, 0, 122, 61, 143, Wed Aug 21 22:17:57 2024
1224, 0, 126, 57, 116, Wed Aug 21 22:18:57 2024
1222, 0, 133, 65, 135, Wed Aug 21 22:19:57 2024
1160, 0, 127, 57, 133, Wed Aug 21 22:20:57 2024
1257, 0, 162, 77, 147, Wed Aug 21 22:21:57 2024
1284, 0, 159, 79, 148, Wed Aug 21 22:22:57 2024
1250, 0, 124, 52, 108, Wed Aug 21 22:23:57 2024
1214, 0, 123, 52, 122, Wed Aug 21 22:24:57 2024
1176, 0, 128, 65, 120, Wed Aug 21 22:25:57 2024
1214, 0, 149, 71, 129, Wed Aug 21 22:26:57 2024
1253, 0, 132, 60, 134, Wed Aug 21 22:27:57 2024
1321, 0, 153, 72, 148, Wed Aug 21 22:28:57 2024
1293, 0, 132, 75, 148, Wed Aug 21 22:29:57 2024
1291, 0, 142, 69, 166, Wed Aug 21 22:30:57 2024
1281, 0, 149, 66, 133, Wed Aug 21 22:31:57 2024
1285, 0, 158, 75, 159, Wed Aug 21 22:32:57 2024
1271, 0, 143, 68, 138, Wed Aug 21 22:33:57 2024
1224, 0, 157, 73, 133, Wed Aug 21 22:34:57 2024
1277, 0, 130, 51, 116, Wed Aug 21 22:35:57 2024
1264, 0, 137, 66, 150, Wed Aug 21 22:36:57 2024
1279, 0, 116, 58, 127, Wed Aug 21 22:37:57 2024
1209, 0, 137, 63, 121, Wed Aug 21 22:38:57 2024
1279, 0, 122, 60, 136, Wed Aug 21 22:39:57 2024
1211, 0, 160, 79, 152, Wed Aug 21 22:40:57 2024
1249, 0, 150, 70, 139, Wed Aug 21 22:41:57 2024
1222, 0, 158, 77, 153, Wed Aug 21 22:42:57 2024
1241, 0, 131, 66, 148, Wed Aug 21 22:43:57 2024
1288, 0, 164, 83, 172, Wed Aug 21 22:44:57 2024
1198, 0, 126, 62, 134, Wed Aug 21 22:45:57 2024
1200, 0, 149, 61, 115, Wed Aug 21 22:46:57 2024
1208, 0, 131, 53, 129, Wed Aug 21 22:47:57 2024
1257, 0, 138, 63, 148, Wed Aug 21 22:48:57 2024
1243, 0, 156, 82, 148, Wed Aug 21 22:49:57 2024
1260, 0, 152, 70, 151, Wed Aug 21 22:50:57 2024
1250, 0, 157, 68, 134, Wed Aug 21 22:51:57 2024
1216, 0, 129, 67, 126, Wed Aug 21 22:52:57 2024
1311, 0, 143, 72, 147, Wed Aug 21 22:53:57 2024
1139, 0, 135, 74, 127, Wed Aug 21 22:54:57 2024
1259, 0, 131, 70, 132, Wed Aug 21 22:55:57 2024
1253, 0, 124, 70, 143, Wed Aug 21 22:56:57 2024
1208, 0, 116, 56, 129, Wed Aug 21 22:57:57 2024
1302, 0, 154, 83, 163, Wed Aug 21 22:58:57 2024
1227, 0, 125, 63, 139, Wed Aug 21 22:59:57 2024
1265, 0, 131, 61, 141, Wed Aug 21 23:00:57 2024
1242, 0, 139, 58, 132, Wed Aug 21 23:01:57 2024
1211, 0, 143, 76, 133, Wed Aug 21 23:02:57 2024
1296, 0, 131, 61, 119, Wed Aug 21 23:03:57 2024
1277, 0, 140, 78, 152, Wed Aug 21 23:04:57 2024
1235, 0, 141, 75, 134, Wed Aug 21 23:05:57 2024
1273, 0, 155, 78, 156, Wed Aug 21 23:06:57 2024
1211, 0, 130, 63, 130, Wed Aug 21 23:07:57 2024
1231, 0, 141, 72, 130, Wed Aug 21 23:08:57 2024
1172, 0, 138, 70, 124, Wed Aug 21 23:09:57 2024
1279, 0, 125, 62, 134, Wed Aug 21 23:10:57 2024
1258, 0, 156, 71, 143, Wed Aug 21 23:11:57 2024
1239, 0, 144, 71, 135, Wed Aug 21 23:12:57 2024
1237, 0, 164, 75, 134, Wed Aug 21 23:13:57 2024
1229, 0, 157, 76, 133, Wed Aug 21 23:14:57 2024
1185, 0, 126, 59, 117, Wed Aug 21 23:15:57 2024
1206, 0, 147, 65, 147, Wed Aug 21 23:16:57 2024
1282, 0, 130, 66, 150, Wed Aug 21 23:17:57 2024
1269, 0, 143, 70, 139, Wed Aug 21 23:18:57 2024
1278, 0, 153, 73, 156, Wed Aug 21 23:19:57 2024
1202, 0, 138, 65, 124, Wed Aug 21 23:20:57 2024
1230, 0, 145, 61, 150, Wed Aug 21 23:21:57 2024
1272, 0, 170, 86, 160, Wed Aug 21 23:22:57 2024
1239, 0, 132, 56, 125, Wed Aug 21 23:23:57 2024
1261, 0, 145, 72, 147, Wed Aug 21 23:24:57 2024
1202, 0, 110, 53, 126, Wed Aug 21 23:25:57 2024
1251, 0, 146, 75, 136, Wed Aug 21 23:26:57 2024
1242, 0, 134, 60, 139, Wed Aug 21 23:27:57 2024
1277, 0, 140, 74, 140, Wed Aug 21 23:28:57 2024
1276, 0, 144, 71, 151, Wed Aug 21 23:29:57 2024
1202, 0, 124, 47, 107, Wed Aug 21 23:30:57 2024
1247, 0, 145, 72, 119, Wed Aug 21 23:31:57 2024
1263, 0, 125, 60, 134, Wed Aug 21 23:32:57 2024
1266, 0, 137, 65, 133, Wed Aug 21 23:33:57 2024
1214, 0, 138, 66, 127, Wed Aug 21 23:34:57 2024
1254, 0, 145, 70, 150, Wed Aug 21 23:35:57 2024
1261, 0, 143, 71, 138, Wed Aug 21 23:36:57 2024
1280, 0, 144, 71, 137, Wed Aug 21 23:37:57 2024
1275, 0, 146, 72, 145, Wed Aug 21 23:38:57 2024
1192, 0, 177, 81, 145, Wed Aug 21 23:39:57 2024
1267, 0, 146, 71, 148, Wed Aug 21 23:40:57 2024
1288, 0, 123, 65, 131, Wed Aug 21 23:41:57 2024
1204, 0, 150, 71, 147, Wed Aug 21 23:42:57 2024
1235, 0, 140, 58, 126, Wed Aug 21 23:43:57 2024
1266, 0, 138, 61, 123, Wed Aug 21 23:44:57 2024
1214, 0, 133, 69, 126, Wed Aug 21 23:45:57 2024
1291, 0, 159, 84, 146, Wed Aug 21 23:46:57 2024
1215, 0, 136, 65, 146, Wed Aug 21 23:47:57 2024
1210, 0, 139, 72, 133, Wed Aug 21 23:48:57 2024
1199, 0, 125, 55, 126, Wed Aug 21 23:49:57 2024
1231, 0, 116, 53, 125, Wed Aug 21 23:50:57 2024
1287, 0, 156, 71, 141, Wed Aug 21 23:51:57 2024
1235, 0, 141, 60, 129, Wed Aug 21 23:52:57 2024
1195, 0, 143, 61, 143, Wed Aug 21 23:53:57 2024
1261, 0, 131, 61, 124, Wed Aug 21 23:54:57 2024
1218, 0, 135, 69, 162, Wed Aug 21 23:55:57 2024
1200, 0, 139, 59, 136, Wed Aug 21 23:56:57 2024
1248, 0, 134, 55, 132, Wed Aug 21 23:57:57 2024
1276, 0, 134, 63, 146, Wed Aug 21 23:58:57 2024
1301, 0, 146, 67, 139, Wed Aug 21 23:59:57 2024
1187, 0, 130, 65, 130, Thu Aug 22 00:00:57 2024
1194, 0, 140, 58, 125, Thu Aug 22 00:01:57 2024
1255, 0, 133, 67, 153, Thu Aug 22 00:02:57 2024
1244, 0, 125, 64, 132, Thu Aug 22 00:03:57 2024
1235, 0, 133, 65, 137, Thu Aug 22 00:04:57 2024
1238, 0, 154, 70, 135, Thu Aug 22 00:05:57 2024
1239, 0, 162, 80, 153, Thu Aug 22 00:06:57 2024
1209, 0, 138, 63, 128, Thu Aug 22 00:07:57 2024
1214, 0, 154, 80, 147, Thu Aug 22 00:08:57 2024
1299, 0, 119, 52, 135, Thu Aug 22 00:09:57 2024
1299, 0, 145, 76, 147, Thu Aug 22 00:10:57 2024
1333, 0, 157, 81, 162, Thu Aug 22 00:11:57 2024
1191, 0, 122, 50, 103, Thu Aug 22 00:12:57 2024
1265, 0, 138, 69, 133, Thu Aug 22 00:13:57 2024
1263, 0, 128, 61, 128, Thu Aug 22 00:14:57 2024
1264, 0, 131, 66, 154, Thu Aug 22 00:15:57 2024
1262, 0, 140, 58, 133, Thu Aug 22 00:16:57 2024
1332, 0, 158, 83, 156, Thu Aug 22 00:17:57 2024
1201, 0, 148, 72, 148, Thu Aug 22 00:18:57 2024
1204, 0, 144, 77, 140, Thu Aug 22 00:19:57 2024
1141, 0, 122, 57, 138, Thu Aug 22 00:20:57 2024
1191, 0, 136, 62, 132, Thu Aug 22 00:21:57 2024
1270, 0, 122, 57, 142, Thu Aug 22 00:22:57 2024
1216, 0, 148, 67, 133, Thu Aug 22 00:23:57 2024
1287, 0, 142, 68, 155, Thu Aug 22 00:24:57 2024
1273, 0, 142, 71, 138, Thu Aug 22 00:25:57 2024
1287, 0, 145, 62, 126, Thu Aug 22 00:26:57 2024
1293, 0, 135, 68, 133, Thu Aug 22 00:27:57 2024
1223, 0, 141, 70, 163, Thu Aug 22 00:28:57 2024
1265, 0, 130, 76, 146, Thu Aug 22 00:29:57 2024
1239, 0, 145, 66, 123, Thu Aug 22 00:30:57 2024
1265, 0, 132, 73, 131, Thu Aug 22 00:31:57 2024
1249, 0, 134, 63, 140, Thu Aug 22 00:32:57 2024
1268, 0, 144, 82, 135, Thu Aug 22 00:33:57 2024
1268, 0, 138, 55, 139, Thu Aug 22 00:34:57 2024
1249, 0, 137, 75, 129, Thu Aug 22 00:35:57 2024
1242, 0, 133, 67, 141, Thu Aug 22 00:36:57 2024
1289, 0, 172, 89, 159, Thu Aug 22 00:37:57 2024
1228, 0, 146, 71, 137, Thu Aug 22 00:38:57 2024
1278, 0, 129, 53, 124, Thu Aug 22 00:39:57 2024
1254, 0, 111, 48, 117, Thu Aug 22 00:40:57 2024
1220, 0, 121, 60, 126, Thu Aug 22 00:41:57 2024
1282, 0, 128, 57, 119, Thu Aug 22 00:42:57 2024
1201, 0, 134, 69, 131, Thu Aug 22 00:43:57 2024
1306, 0, 155, 72, 139, Thu Aug 22 00:44:57 2024
1280, 0, 153, 69, 134, Thu Aug 22 00:45:57 2024
1262, 0, 124, 50, 122, Thu Aug 22 00:46:57 2024
1227, 0, 140, 63, 129, Thu Aug 22 00:47:57 2024
1237, 0, 143, 63, 125, Thu Aug 22 00:48:57 2024
1238, 0, 136, 71, 130, Thu Aug 22 00:49:57 2024
1244, 0, 135, 71, 143, Thu Aug 22 00:50:57 2024
1336, 0, 153, 76, 143, Thu Aug 22 00:51:57 2024
1222, 0, 123, 54, 128, Thu Aug 22 00:52:57 2024
1292, 0, 154, 81, 143, Thu Aug 22 00:53:57 2024
1288, 0, 138, 63, 133, Thu Aug 22 00:54:57 2024
1253, 0, 112, 50, 117, Thu Aug 22 00:55:57 2024
1273, 0, 140, 70, 149, Thu Aug 22 00:56:57 2024
1303, 0, 142, 63, 136, Thu Aug 22 00:57:57 2024
1291, 0, 131, 66, 147, Thu Aug 22 00:58:57 2024
1264, 0, 145, 62, 140, Thu Aug 22 00:59:57 2024
1174, 0, 132, 59, 112, Thu Aug 22 01:00:57 2024
1250, 0, 135, 61, 136, Thu Aug 22 01:01:57 2024
1264, 0, 142, 74, 153, Thu Aug 22 01:02:57 2024
1226, 0, 148, 70, 148, Thu Aug 22 01:03:57 2024
1228, 0, 113, 56, 148, Thu Aug 22 01:04:57 2024
1293, 0, 154, 77, 136, Thu Aug 22 01:05:57 2024
1234, 0, 125, 54, 133, Thu Aug 22 01:06:57 2024
1331, 0, 162, 77, 144, Thu Aug 22 01:07:57 2024
1283, 0, 132, 65, 128, Thu Aug 22 01:08:57 2024
1239, 0, 146, 71, 150, Thu Aug 22 01:09:57 2024
1257, 0, 136, 67, 134, Thu Aug 22 01:10:57 2024
1255, 0, 138, 59, 115, Thu Aug 22 01:11:57 2024
1334, 0, 142, 75, 140, Thu Aug 22 01:12:57 2024
1247, 0, 124, 68, 143, Thu Aug 22 01:13:57 2024
1188, 0, 130, 56, 123, Thu Aug 22 01:14:57 2024
1166, 0, 142, 69, 130, Thu Aug 22 01:15:57 2024
1243, 0, 135, 78, 132, Thu Aug 22 01:16:57 2024
1284, 0, 141, 67, 151, Thu Aug 22 01:17:57 2024
1252, 0, 123, 59, 136, Thu Aug 22 01:18:57 2024
1235, 0, 134, 59, 129, Thu Aug 22 01:19:57 2024
1248, 0, 126, 54, 127, Thu Aug 22 01:20:57 2024
1238, 0, 139, 67, 126, Thu Aug 22 01:21:57 2024
1233, 0, 143, 68, 134, Thu Aug 22 01:22:57 2024
1254, 0, 124, 64, 144, Thu Aug 22 01:23:57 2024
1216, 0, 137, 61, 130, Thu Aug 22 01:24:57 2024
1248, 0, 149, 59, 130, Thu Aug 22 01:25:57 2024
1272, 0, 135, 65, 131, Thu Aug 22 01:26:57 2024
1279, 0, 153, 82, 152, Thu Aug 22 01:27:57 2024
1287, 0, 135, 63, 137, Thu Aug 22 01:28:57 2024
1218, 0, 120, 45, 107, Thu Aug 22 01:29:57 2024
1223, 0, 133, 56, 122, Thu Aug 22 01:30:57 2024
1263, 0, 131, 61, 135, Thu Aug 22 01:31:57 2024
1225, 0, 140, 54, 135, Thu Aug 22 01:32:57 2024
1313, 0, 155, 77, 152, Thu Aug 22 01:33:57 2024
1204, 0, 146, 65, 137, Thu Aug 22 01:34:57 2024
1291, 0, 111, 43, 120, Thu Aug 22 01:35:57 2024
1302, 0, 142, 78, 143, Thu Aug 22 01:36:57 2024
1219, 0, 130, 66, 143, Thu Aug 22 01:37:57 2024
1215, 0, 139, 68, 141, Thu Aug 22 01:38:57 2024
1246, 0, 149, 68, 136, Thu Aug 22 01:39:57 2024
1321, 0, 165, 78, 156, Thu Aug 22 01:40:57 2024
1292, 0, 143, 76, 144, Thu Aug 22 01:41:57 2024
1261, 0, 163, 82, 151, Thu Aug 22 01:42:57 2024
1215, 0, 143, 59, 127, Thu Aug 22 01:43:57 2024
1248, 0, 142, 71, 142, Thu Aug 22 01:44:57 2024
1264, 0, 152, 81, 147, Thu Aug 22 01:45:57 2024
1282, 0, 129, 59, 132, Thu Aug 22 01:46:57 2024
1208, 0, 138, 73, 122, Thu Aug 22 01:47:57 2024
1228, 0, 130, 63, 132, Thu Aug 22 01:48:57 2024
1249, 0, 143, 70, 142, Thu Aug 22 01:49:57 2024
1262, 0, 160, 76, 129, Thu Aug 22 01:50:57 2024
1176, 0, 133, 69, 134, Thu Aug 22 01:51:57 2024
1317, 0, 150, 82, 156, Thu Aug 22 01:52:57 2024
1317, 0, 148, 71, 150, Thu Aug 22 01:53:57 2024
1315, 0, 136, 67, 137, Thu Aug 22 01:54:57 2024
1252, 0, 144, 64, 132, Thu Aug 22 01:55:57 2024
1298, 0, 137, 63, 139, Thu Aug 22 01:56:57 2024
1226, 0, 134, 61, 143, Thu Aug 22 01:57:57 2024
1300, 0, 140, 74, 140, Thu Aug 22 01:58:57 2024
1256, 0, 145, 71, 141, Thu Aug 22 01:59:57 2024
1193, 0, 128, 67, 145, Thu Aug 22 02:00:57 2024
1235, 0, 155, 78, 152, Thu Aug 22 02:01:57 2024
1244, 0, 136, 73, 147, Thu Aug 22 02:02:57 2024
1231, 0, 131, 66, 128, Thu Aug 22 02:03:57 2024
1259, 0, 134, 66, 141, Thu Aug 22 02:04:57 2024
1244, 0, 139, 66, 145, Thu Aug 22 02:05:57 2024
1276, 0, 149, 57, 136, Thu Aug 22 02:06:57 2024
1251, 0, 135, 71, 149, Thu Aug 22 02:07:57 2024
1280, 0, 138, 77, 150, Thu Aug 22 02:08:57 2024
1271, 0, 143, 74, 150, Thu Aug 22 02:09:57 2024
1209, 0, 139, 65, 145, Thu Aug 22 02:10:57 2024
1263, 0, 135, 63, 130, Thu Aug 22 02:11:57 2024
1239, 0, 144, 54, 131, Thu Aug 22 02:12:57 2024
1219, 0, 131, 63, 131, Thu Aug 22 02:13:57 2024
1236, 0, 139, 63, 135, Thu Aug 22 02:14:57 2024
1202, 0, 119, 60, 120, Thu Aug 22 02:15:57 2024
1291, 0, 129, 60, 141, Thu Aug 22 02:16:57 2024
1230, 0, 134, 60, 133, Thu Aug 22 02:17:57 2024
1219, 0, 122, 65, 143, Thu Aug 22 02:18:57 2024
1286, 0, 125, 61, 130, Thu Aug 22 02:19:57 2024
1310, 0, 151, 76, 134, Thu Aug 22 02:20:57 2024
1247, 0, 112, 56, 126, Thu Aug 22 02:21:57 2024
1323, 0, 127, 62, 142, Thu Aug 22 02:22:57 2024
1244, 0, 132, 61, 135, Thu Aug 22 02:23:57 2024
1180, 0, 129, 54, 113, Thu Aug 22 02:24:57 2024
1273, 0, 134, 62, 134, Thu Aug 22 02:25:57 2024
1231, 0, 116, 69, 128, Thu Aug 22 02:26:57 2024
1297, 0, 126, 59, 127, Thu Aug 22 02:27:57 2024
1272, 0, 158, 71, 140, Thu Aug 22 02:28:57 2024
1263, 0, 127, 56, 126, Thu Aug 22 02:29:57 2024
1220, 0, 140, 66, 141, Thu Aug 22 02:30:57 2024
1274, 0, 148, 61, 127, Thu Aug 22 02:31:57 2024
1236, 0, 121, 56, 130, Thu Aug 22 02:32:57 2024
1274, 0, 132, 65, 139, Thu Aug 22 02:33:57 2024
1279, 0, 144, 65, 146, Thu Aug 22 02:34:57 2024
1239, 0, 135, 61, 141, Thu Aug 22 02:35:57 2024
1188, 0, 133, 65, 129, Thu Aug 22 02:36:57 2024
1266, 0, 137, 70, 152, Thu Aug 22 02:37:57 2024
1214, 0, 127, 50, 102, Thu Aug 22 02:38:57 2024
1243, 0, 146, 76, 144, Thu Aug 22 02:39:57 2024
1185, 0, 140, 60, 131, Thu Aug 22 02:40:57 2024
1281, 0, 150, 64, 132, Thu Aug 22 02:41:57 2024
1263, 0, 123, 66, 126, Thu Aug 22 02:42:57 2024
1195, 0, 143, 66, 131, Thu Aug 22 02:43:57 2024
1288, 0, 152, 75, 150, Thu Aug 22 02:44:57 2024
1274, 0, 136, 58, 127, Thu Aug 22 02:45:57 2024
1180, 0, 135, 60, 118, Thu Aug 22 02:46:57 2024
1190, 0, 153, 64, 128, Thu Aug 22 02:47:57 2024
1251, 0, 136, 71, 132, Thu Aug 22 02:48:57 2024
1280, 0, 150, 66, 135, Thu Aug 22 02:49:57 2024
1171, 0, 142, 62, 141, Thu Aug 22 02:50:57 2024
1289, 0, 136, 66, 146, Thu Aug 22 02:51:57 2024
1266, 0, 129, 57, 126, Thu Aug 22 02:52:57 2024
1319, 0, 128, 60, 143, Thu Aug 22 02:53:57 2024
1296, 0, 127, 54, 129, Thu Aug 22 02:54:57 2024
1262, 0, 135, 58, 125, Thu Aug 22 02:55:57 2024
1239, 0, 137, 64, 131, Thu Aug 22 02:56:57 2024
1250, 0, 159, 78, 148, Thu Aug 22 02:57:57 2024
1243, 0, 128, 65, 128, Thu Aug 22 02:58:57 2024
1262, 0, 142, 61, 144, Thu Aug 22 02:59:57 2024
1258, 0, 134, 66, 140, Thu Aug 22 03:00:57 2024
1264, 0, 143, 70, 133, Thu Aug 22 03:01:57 2024
1275, 0, 158, 76, 147, Thu Aug 22 03:02:57 2024
1256, 0, 155, 81, 139, Thu Aug 22 03:03:57 2024
1262, 0, 144, 65, 124, Thu Aug 22 03:04:57 2024
1282, 0, 139, 53, 114, Thu Aug 22 03:05:57 2024
1213, 0, 113, 58, 147, Thu Aug 22 03:06:57 2024
1216, 0, 141, 70, 142, Thu Aug 22 03:07:57 2024
1262, 0, 135, 60, 129, Thu Aug 22 03:08:57 2024
1208, 0, 123, 56, 131, Thu Aug 22 03:09:57 2024
1204, 0, 147, 69, 144, Thu Aug 22 03:10:57 2024
1299, 0, 144, 75, 142, Thu Aug 22 03:11:57 2024
1248, 0, 137, 70, 143, Thu Aug 22 03:12:57 2024
1297, 0, 127, 57, 130, Thu Aug 22 03:13:57 2024
1274, 0, 128, 58, 143, Thu Aug 22 03:14:57 2024
1201, 0, 134, 58, 122, Thu Aug 22 03:15:57 2024
1173, 0, 128, 63, 120, Thu Aug 22 03:16:57 2024
1241, 0, 130, 63, 135, Thu Aug 22 03:17:57 2024
1228, 0, 129, 65, 132, Thu Aug 22 03:18:57 2024
1220, 0, 138, 78, 154, Thu Aug 22 03:19:57 2024
1234, 0, 177, 78, 145, Thu Aug 22 03:20:57 2024
1228, 0, 123, 59, 126, Thu Aug 22 03:21:57 2024
1249, 0, 140, 68, 125, Thu Aug 22 03:22:57 2024
1282, 0, 127, 67, 142, Thu Aug 22 03:23:57 2024
1234, 0, 146, 79, 145, Thu Aug 22 03:24:57 2024
1249, 0, 149, 72, 140, Thu Aug 22 03:25:57 2024
1189, 0, 124, 57, 122, Thu Aug 22 03:26:57 2024
1338, 0, 123, 62, 141, Thu Aug 22 03:27:57 2024
1235, 0, 122, 55, 139, Thu Aug 22 03:28:57 2024
1210, 0, 119, 59, 116, Thu Aug 22 03:29:57 2024
1290, 0, 114, 58, 126, Thu Aug 22 03:30:57 2024
1228, 0, 149, 71, 144, Thu Aug 22 03:31:57 2024
1299, 0, 147, 69, 126, Thu Aug 22 03:32:57 2024
1227, 0, 128, 56, 123, Thu Aug 22 03:33:57 2024
1210, 0, 117, 53, 116, Thu Aug 22 03:34:57 2024
1246, 0, 144, 61, 132, Thu Aug 22 03:35:57 2024
1258, 0, 130, 59, 138, Thu Aug 22 03:36:57 2024
1238, 0, 122, 55, 128, Thu Aug 22 03:37:57 2024
1266, 0, 149, 69, 134, Thu Aug 22 03:38:57 2024
1197, 0, 143, 71, 143, Thu Aug 22 03:39:57 2024
1243, 0, 126, 54, 142, Thu Aug 22 03:40:57 2024
1250, 0, 149, 60, 124, Thu Aug 22 03:41:57 2024
1239, 0, 150, 75, 142, Thu Aug 22 03:42:57 2024
1316, 0, 161, 69, 142, Thu Aug 22 03:43:57 2024
1208, 0, 148, 68, 134, Thu Aug 22 03:44:57 2024
1253, 0, 150, 80, 140, Thu Aug 22 03:45:57 2024
1208, 0, 140, 68, 146, Thu Aug 22 03:46:57 2024
1267, 0, 150, 66, 129, Thu Aug 22 03:47:57 2024
1255, 0, 145, 77, 139, Thu Aug 22 03:48:57 2024
1218, 0, 141, 64, 120, Thu Aug 22 03:49:57 2024
1192, 0, 130, 58, 121, Thu Aug 22 03:50:57 2024
1246, 0, 116, 49, 112, Thu Aug 22 03:51:57 2024
1252, 0, 146, 68, 135, Thu Aug 22 03:52:57 2024
1261, 0, 148, 72, 144, Thu Aug 22 03:53:57 2024
1303, 0, 141, 68, 136, Thu Aug 22 03:54:57 2024
1215, 0, 154, 66, 137, Thu Aug 22 03:55:57 2024
1283, 0, 127, 63, 122, Thu Aug 22 03:56:57 2024
1311, 0, 163, 91, 159, Thu Aug 22 03:57:57 2024
1280, 0, 135, 67, 134, Thu Aug 22 03:58:57 2024
1266, 0, 114, 55, 137, Thu Aug 22 03:59:57 2024
1225, 0, 140, 65, 138, Thu Aug 22 04:00:57 2024
1304, 0, 139, 71, 156, Thu Aug 22 04:01:57 2024
1283, 0, 144, 74, 134, Thu Aug 22 04:02:57 2024
1201, 0, 126, 64, 143, Thu Aug 22 04:03:57 2024
1266, 0, 146, 74, 154, Thu Aug 22 04:04:57 2024
1277, 0, 148, 79, 168, Thu Aug 22 04:05:57 2024
1233, 0, 146, 71, 129, Thu Aug 22 04:06:57 2024
1212, 0, 137, 64, 131, Thu Aug 22 04:07:57 2024
1250, 0, 124, 53, 126, Thu Aug 22 04:08:57 2024
1257, 0, 134, 67, 135, Thu Aug 22 04:09:57 2024
1220, 0, 153, 68, 132, Thu Aug 22 04:10:57 2024
1254, 0, 132, 65, 158, Thu Aug 22 04:11:57 2024
1245, 0, 128, 77, 141, Thu Aug 22 04:12:57 2024
1173, 0, 142, 67, 130, Thu Aug 22 04:13:57 2024
1261, 0, 138, 62, 130, Thu Aug 22 04:14:57 2024
1270, 0, 147, 70, 139, Thu Aug 22 04:15:57 2024
1280, 0, 137, 64, 151, Thu Aug 22 04:16:57 2024
1253, 0, 138, 65, 139, Thu Aug 22 04:17:57 2024
1353, 0, 142, 79, 137, Thu Aug 22 04:18:57 2024
1285, 0, 129, 63, 124, Thu Aug 22 04:19:57 2024
1249, 0, 135, 65, 129, Thu Aug 22 04:20:57 2024
1286, 0, 154, 73, 151, Thu Aug 22 04:21:57 2024
1211, 0, 134, 67, 145, Thu Aug 22 04:22:57 2024
1219, 0, 133, 55, 130, Thu Aug 22 04:23:57 2024
1203, 0, 126, 60, 143, Thu Aug 22 04:24:57 2024
1219, 0, 129, 62, 131, Thu Aug 22 04:25:57 2024
1245, 0, 142, 61, 137, Thu Aug 22 04:26:57 2024
1197, 0, 154, 60, 147, Thu Aug 22 04:27:57 2024
1207, 0, 130, 59, 118, Thu Aug 22 04:28:57 2024
1232, 0, 130, 65, 134, Thu Aug 22 04:29:57 2024
1211, 0, 139, 65, 129, Thu Aug 22 04:30:57 2024
1233, 0, 159, 77, 141, Thu Aug 22 04:31:57 2024
1196, 0, 124, 59, 125, Thu Aug 22 04:32:57 2024
1276, 0, 132, 64, 138, Thu Aug 22 04:33:57 2024
1287, 0, 138, 67, 136, Thu Aug 22 04:34:57 2024
1250, 0, 128, 62, 150, Thu Aug 22 04:35:57 2024
1230, 0, 149, 73, 160, Thu Aug 22 04:36:57 2024
1225, 0, 136, 66, 131, Thu Aug 22 04:37:57 2024
1258, 0, 153, 66, 130, Thu Aug 22 04:38:57 2024
1335, 0, 137, 64, 134, Thu Aug 22 04:39:57 2024
1231, 0, 143, 65, 140, Thu Aug 22 04:40:57 2024
1249, 0, 138, 64, 118, Thu Aug 22 04:41:57 2024
1290, 0, 140, 72, 153, Thu Aug 22 04:42:57 2024
1284, 0, 160, 79, 152, Thu Aug 22 04:43:57 2024
1272, 0, 146, 73, 143, Thu Aug 22 04:44:57 2024
1241, 0, 122, 65, 120, Thu Aug 22 04:45:57 2024
1210, 0, 146, 70, 153, Thu Aug 22 04:46:57 2024
1232, 0, 137, 68, 121, Thu Aug 22 04:47:57 2024
1210, 0, 147, 70, 132, Thu Aug 22 04:48:57 2024
1211, 0, 130, 52, 119, Thu Aug 22 04:49:57 2024
1283, 0, 154, 86, 156, Thu Aug 22 04:50:57 2024
1252, 0, 152, 63, 139, Thu Aug 22 04:51:57 2024
1265, 0, 131, 63, 136, Thu Aug 22 04:52:57 2024
1258, 0, 148, 73, 145, Thu Aug 22 04:53:57 2024
1242, 0, 133, 60, 116, Thu Aug 22 04:54:57 2024
1304, 0, 143, 83, 147, Thu Aug 22 04:55:57 2024
1279, 0, 136, 70, 132, Thu Aug 22 04:56:57 2024
1229, 0, 142, 66, 145, Thu Aug 22 04:57:57 2024
1201, 0, 126, 52, 125, Thu Aug 22 04:58:57 2024
1244, 0, 135, 73, 124, Thu Aug 22 04:59:57 2024
1184, 0, 115, 46, 113, Thu Aug 22 05:00:57 2024
1304, 0, 154, 66, 147, Thu Aug 22 05:01:57 2024
1223, 0, 134, 65, 128, Thu Aug 22 05:02:57 2024
1268, 0, 143, 70, 153, Thu Aug 22 05:03:57 2024
1212, 0, 147, 73, 131, Thu Aug 22 05:04:57 2024
1255, 0, 120, 42, 107, Thu Aug 22 05:05:57 2024
1199, 0, 129, 49, 117, Thu Aug 22 05:06:57 2024
1327, 0, 140, 76, 148, Thu Aug 22 05:07:57 2024
1271, 0, 144, 69, 145, Thu Aug 22 05:08:57 2024
1237, 0, 132, 62, 136, Thu Aug 22 05:09:57 2024
1276, 0, 139, 67, 145, Thu Aug 22 05:10:57 2024
1237, 0, 130, 59, 130, Thu Aug 22 05:11:57 2024
1247, 0, 140, 73, 130, Thu Aug 22 05:12:57 2024
1197, 0, 134, 76, 151, Thu Aug 22 05:13:57 2024
1234, 0, 135, 60, 127, Thu Aug 22 05:14:57 2024
1275, 0, 131, 72, 132, Thu Aug 22 05:15:57 2024
1225, 0, 113, 62, 141, Thu Aug 22 05:16:57 2024
1204, 0, 145, 66, 130, Thu Aug 22 05:17:57 2024
1265, 0, 157, 78, 153, Thu Aug 22 05:18:57 2024
1260, 0, 145, 73, 144, Thu Aug 22 05:19:57 2024
1286, 0, 153, 72, 151, Thu Aug 22 05:20:57 2024
1229, 0, 122, 55, 108, Thu Aug 22 05:21:57 2024
1248, 0, 143, 68, 124, Thu Aug 22 05:22:57 2024
1234, 0, 125, 58, 123, Thu Aug 22 05:23:57 2024
1222, 0, 157, 74, 136, Thu Aug 22 05:24:57 2024
1317, 0, 143, 65, 138, Thu Aug 22 05:25:57 2024
1177, 0, 141, 69, 137, Thu Aug 22 05:26:57 2024
1220, 0, 155, 69, 146, Thu Aug 22 05:27:57 2024
1223, 0, 159, 68, 150, Thu Aug 22 05:28:57 2024
1276, 0, 135, 49, 119, Thu Aug 22 05:29:57 2024
1204, 0, 148, 69, 139, Thu Aug 22 05:30:57 2024
1281, 0, 142, 71, 165, Thu Aug 22 05:31:57 2024
1322, 0, 131, 67, 140, Thu Aug 22 05:32:57 2024
1258, 0, 145, 80, 148, Thu Aug 22 05:33:57 2024
1285, 0, 136, 70, 135, Thu Aug 22 05:34:57 2024
1182, 0, 138, 71, 136, Thu Aug 22 05:35:57 2024
1217, 0, 124, 49, 116, Thu Aug 22 05:36:57 2024
1290, 0, 157, 81, 156, Thu Aug 22 05:37:57 2024
1218, 0, 122, 57, 127, Thu Aug 22 05:38:57 2024
1253, 0, 137, 62, 138, Thu Aug 22 05:39:57 2024
1275, 0, 137, 68, 132, Thu Aug 22 05:40:57 2024
1219, 0, 113, 50, 120, Thu Aug 22 05:41:57 2024
1239, 0, 137, 59, 135, Thu Aug 22 05:42:57 2024
1245, 0, 149, 67, 129, Thu Aug 22 05:43:57 2024
1240, 0, 131, 58, 121, Thu Aug 22 05:44:57 2024
1189, 0, 126, 59, 121, Thu Aug 22 05:45:57 2024
1246, 0, 124, 58, 126, Thu Aug 22 05:46:57 2024
1270, 0, 148, 70, 144, Thu Aug 22 05:47:57 2024
1226, 0, 136, 69, 137, Thu Aug 22 05:48:57 2024
1252, 0, 133, 64, 132, Thu Aug 22 05:49:57 2024
1254, 0, 110, 50, 126, Thu Aug 22 05:50:57 2024
1204, 0, 113, 51, 131, Thu Aug 22 05:51:57 2024
1234, 0, 135, 60, 130, Thu Aug 22 05:52:57 2024
1206, 0, 160, 77, 149, Thu Aug 22 05:53:57 2024
1207, 0, 137, 66, 141, Thu Aug 22 05:54:57 2024
1241, 0, 127, 61, 136, Thu Aug 22 05:55:57 2024
1255, 0, 146, 68, 129, Thu Aug 22 05:56:57 2024
1286, 0, 144, 71, 158, Thu Aug 22 05:57:57 2024
1239, 0, 129, 68, 145, Thu Aug 22 05:58:57 2024
1252, 0, 136, 61, 125, Thu Aug 22 05:59:57 2024
1268, 0, 147, 79, 149, Thu Aug 22 06:00:57 2024
1221, 0, 127, 61, 141, Thu Aug 22 06:01:57 2024
1302, 0, 141, 64, 122, Thu Aug 22 06:02:57 2024
1256, 0, 119, 61, 133, Thu Aug 22 06:03:57 2024
1252, 0, 135, 67, 130, Thu Aug 22 06:04:57 2024
1243, 0, 139, 66, 127, Thu Aug 22 06:05:57 2024
1295, 0, 126, 50, 144, Thu Aug 22 06:06:57 2024
1235, 0, 140, 61, 124, Thu Aug 22 06:07:57 2024
1195, 0, 133, 57, 118, Thu Aug 22 06:08:57 2024
1265, 0, 137, 62, 123, Thu Aug 22 06:09:57 2024
1254, 0, 148, 85, 155, Thu Aug 22 06:10:57 2024
1178, 0, 127, 59, 147, Thu Aug 22 06:11:57 2024
1214, 0, 141, 64, 129, Thu Aug 22 06:12:57 2024
1269, 0, 128, 60, 137, Thu Aug 22 06:13:57 2024
1259, 0, 132, 64, 138, Thu Aug 22 06:14:57 2024
1256, 0, 126, 66, 144, Thu Aug 22 06:15:57 2024
1296, 0, 142, 72, 154, Thu Aug 22 06:16:57 2024
1313, 0, 135, 72, 140, Thu Aug 22 06:17:57 2024
1217, 0, 116, 54, 141, Thu Aug 22 06:18:57 2024
1324, 0, 126, 65, 144, Thu Aug 22 06:19:57 2024
1215, 0, 127, 67, 127, Thu Aug 22 06:20:57 2024
1294, 0, 111, 61, 141, Thu Aug 22 06:21:57 2024
1230, 0, 122, 68, 136, Thu Aug 22 06:22:57 2024
1274, 0, 149, 73, 137, Thu Aug 22 06:23:57 2024
1280, 0, 132, 65, 136, Thu Aug 22 06:24:57 2024
1291, 0, 140, 74, 165, Thu Aug 22 06:25:57 2024
1213, 0, 151, 68, 145, Thu Aug 22 06:26:57 2024
1187, 0, 128, 61, 116, Thu Aug 22 06:27:57 2024
1235, 0, 131, 59, 125, Thu Aug 22 06:28:57 2024
1341, 0, 131, 58, 127, Thu Aug 22 06:29:57 2024
1221, 0, 138, 70, 130, Thu Aug 22 06:30:57 2024
1275, 0, 132, 58, 126, Thu Aug 22 06:31:57 2024
1168, 0, 115, 53, 115, Thu Aug 22 06:32:57 2024
1318, 0, 140, 68, 142, Thu Aug 22 06:33:57 2024
1241, 0, 143, 71, 143, Thu Aug 22 06:34:57 2024
1275, 0, 134, 53, 123, Thu Aug 22 06:35:57 2024
1244, 0, 130, 61, 138, Thu Aug 22 06:36:57 2024
1242, 0, 148, 68, 151, Thu Aug 22 06:37:57 2024
1250, 0, 148, 78, 136, Thu Aug 22 06:38:57 2024
1326, 0, 163, 80, 153, Thu Aug 22 06:39:57 2024
1256, 0, 146, 67, 142, Thu Aug 22 06:40:57 2024
1276, 0, 144, 66, 147, Thu Aug 22 06:41:57 2024
1228, 0, 135, 59, 140, Thu Aug 22 06:42:57 2024
1290, 0, 136, 65, 145, Thu Aug 22 06:43:57 2024
1288, 0, 129, 55, 117, Thu Aug 22 06:44:57 2024
1226, 0, 136, 64, 132, Thu Aug 22 06:45:57 2024
1292, 0, 152, 82, 152, Thu Aug 22 06:46:57 2024
1263, 0, 132, 49, 106, Thu Aug 22 06:47:57 2024
1250, 0, 127, 60, 131, Thu Aug 22 06:48:57 2024
1245, 0, 139, 65, 114, Thu Aug 22 06:49:57 2024
1195, 0, 138, 65, 129, Thu Aug 22 06:50:57 2024
1200, 0, 122, 61, 128, Thu Aug 22 06:51:57 2024
1249, 0, 150, 73, 134, Thu Aug 22 06:52:57 2024
1249, 0, 145, 73, 139, Thu Aug 22 06:53:57 2024
1253, 0, 132, 67, 156, Thu Aug 22 06:54:57 2024
1206, 0, 107, 57, 123, Thu Aug 22 06:55:57 2024
1243, 0, 139, 65, 143, Thu Aug 22 06:56:57 2024
1249, 0, 161, 75, 158, Thu Aug 22 06:57:57 2024
1244, 0, 150, 66, 134, Thu Aug 22 06:58:57 2024
1254, 0, 147, 71, 133, Thu Aug 22 06:59:57 2024
1233, 0, 127, 58, 128, Thu Aug 22 07:00:57 2024
1235, 0, 148, 63, 135, Thu Aug 22 07:01:57 2024
1216, 0, 155, 82, 147, Thu Aug 22 07:02:57 2024
1241, 0, 151, 71, 145, Thu Aug 22 07:03:57 2024
1194, 0, 113, 62, 142, Thu Aug 22 07:04:57 2024
1239, 0, 131, 66, 132, Thu Aug 22 07:05:57 2024
1271, 0, 134, 62, 124, Thu Aug 22 07:06:57 2024
1208, 0, 114, 54, 128, Thu Aug 22 07:07:57 2024
1176, 0, 112, 46, 111, Thu Aug 22 07:08:57 2024
1236, 0, 149, 72, 145, Thu Aug 22 07:09:57 2024
1224, 0, 144, 73, 143, Thu Aug 22 07:10:57 2024
1261, 0, 143, 66, 145, Thu Aug 22 07:11:57 2024
1262, 0, 127, 73, 136, Thu Aug 22 07:12:57 2024
1221, 0, 139, 63, 139, Thu Aug 22 07:13:57 2024
1252, 0, 149, 76, 149, Thu Aug 22 07:14:57 2024
1223, 0, 135, 52, 123, Thu Aug 22 07:15:57 2024
1301, 0, 137, 81, 158, Thu Aug 22 07:16:57 2024
1235, 0, 142, 62, 132, Thu Aug 22 07:17:57 2024
1266, 0, 132, 62, 138, Thu Aug 22 07:18:57 2024
1224, 0, 126, 62, 140, Thu Aug 22 07:19:57 2024
1258, 0, 121, 60, 128, Thu Aug 22 07:20:57 2024
1206, 0, 150, 81, 141, Thu Aug 22 07:21:57 2024
1252, 0, 137, 70, 152, Thu Aug 22 07:22:57 2024
1213, 0, 142, 68, 141, Thu Aug 22 07:23:57 2024
1194, 0, 137, 77, 136, Thu Aug 22 07:24:57 2024
1252, 0, 139, 72, 137, Thu Aug 22 07:25:57 2024
1246, 0, 132, 68, 138, Thu Aug 22 07:26:57 2024
1332, 0, 136, 69, 139, Thu Aug 22 07:27:57 2024
1342, 0, 138, 65, 148, Thu Aug 22 07:28:57 2024
1192, 0, 140, 62, 130, Thu Aug 22 07:29:57 2024
1190, 0, 121, 56, 118, Thu Aug 22 07:30:57 2024
1323, 0, 131, 71, 135, Thu Aug 22 07:31:57 2024
1257, 0, 135, 72, 143, Thu Aug 22 07:32:57 2024
1279, 0, 142, 68, 141, Thu Aug 22 07:33:57 2024
1240, 0, 154, 70, 144, Thu Aug 22 07:34:57 2024
1212, 0, 135, 64, 143, Thu Aug 22 07:35:57 2024
1269, 0, 146, 73, 150, Thu Aug 22 07:36:57 2024
1211, 0, 129, 63, 123, Thu Aug 22 07:37:57 2024
1288, 0, 175, 90, 152, Thu Aug 22 07:38:57 2024
1274, 0, 136, 70, 137, Thu Aug 22 07:39:57 2024
1272, 0, 140, 63, 153, Thu Aug 22 07:40:57 2024
1278, 0, 139, 61, 117, Thu Aug 22 07:41:57 2024
1240, 0, 141, 74, 145, Thu Aug 22 07:42:57 2024
1233, 0, 143, 63, 146, Thu Aug 22 07:43:57 2024
1248, 0, 160, 70, 135, Thu Aug 22 07:44:57 2024
1287, 0, 161, 77, 153, Thu Aug 22 07:45:57 2024
1259, 0, 130, 57, 142, Thu Aug 22 07:46:57 2024
1234, 0, 134, 60, 126, Thu Aug 22 07:47:57 2024
1238, 0, 139, 64, 136, Thu Aug 22 07:48:57 2024
1227, 0, 136, 73, 134, Thu Aug 22 07:49:57 2024
1311, 0, 115, 52, 135, Thu Aug 22 07:50:57 2024
1271, 0, 122, 51, 122, Thu Aug 22 07:51:57 2024
1274, 0, 151, 79, 157, Thu Aug 22 07:52:57 2024
1225, 0, 132, 61, 133, Thu Aug 22 07:53:57 2024
1203, 0, 117, 54, 127, Thu Aug 22 07:54:57 2024
1285, 0, 134, 59, 149, Thu Aug 22 07:55:57 2024
1219, 0, 138, 64, 130, Thu Aug 22 07:56:57 2024
1253, 0, 136, 61, 141, Thu Aug 22 07:57:57 2024
1227, 0, 130, 48, 114, Thu Aug 22 07:58:57 2024
1304, 0, 132, 65, 137, Thu Aug 22 07:59:57 2024
1235, 0, 137, 72, 135, Thu Aug 22 08:00:57 2024
1246, 0, 124, 63, 130, Thu Aug 22 08:01:57 2024
1216, 0, 152, 67, 126, Thu Aug 22 08:02:57 2024
1245, 0, 142, 65, 141, Thu Aug 22 08:03:57 2024
1214, 0, 122, 55, 128, Thu Aug 22 08:04:57 2024
1265, 0, 112, 48, 124, Thu Aug 22 08:05:57 2024
1285, 0, 149, 78, 142, Thu Aug 22 08:06:57 2024
1250, 0, 123, 65, 149, Thu Aug 22 08:07:57 2024
1246, 0, 136, 64, 136, Thu Aug 22 08:08:57 2024
1220, 0, 117, 58, 120, Thu Aug 22 08:09:57 2024
1261, 0, 127, 59, 132, Thu Aug 22 08:10:57 2024
1237, 0, 144, 76, 148, Thu Aug 22 08:11:57 2024
1269, 0, 144, 74, 141, Thu Aug 22 08:12:57 2024
1246, 0, 144, 69, 143, Thu Aug 22 08:13:57 2024
1226, 0, 150, 67, 128, Thu Aug 22 08:14:57 2024
1260, 0, 169, 68, 122, Thu Aug 22 08:15:57 2024
1268, 0, 131, 58, 143, Thu Aug 22 08:16:57 2024
1194, 0, 160, 68, 139, Thu Aug 22 08:17:57 2024
1251, 0, 154, 73, 149, Thu Aug 22 08:18:57 2024
1239, 0, 110, 48, 114, Thu Aug 22 08:19:57 2024
1199, 0, 111, 48, 129, Thu Aug 22 08:20:57 2024
1207, 0, 140, 68, 124, Thu Aug 22 08:21:57 2024
1243, 0, 116, 55, 124, Thu Aug 22 08:22:57 2024
1266, 0, 129, 58, 132, Thu Aug 22 08:23:57 2024
1142, 0, 134, 53, 120, Thu Aug 22 08:24:57 2024
1293, 0, 135, 55, 114, Thu Aug 22 08:25:57 2024
1223, 0, 129, 56, 139, Thu Aug 22 08:26:57 2024
1236, 0, 130, 70, 146, Thu Aug 22 08:27:57 2024
1282, 0, 139, 78, 152, Thu Aug 22 08:28:57 2024
1231, 0, 122, 57, 128, Thu Aug 22 08:29:57 2024
1226, 0, 141, 54, 123, Thu Aug 22 08:30:57 2024
1272, 0, 140, 65, 133, Thu Aug 22 08:31:57 2024
1254, 0, 140, 67, 139, Thu Aug 22 08:32:57 2024
1178, 0, 149, 74, 138, Thu Aug 22 08:33:57 2024
1281, 0, 122, 57, 139, Thu Aug 22 08:34:57 2024
1256, 0, 150, 80, 142, Thu Aug 22 08:35:57 2024
1227, 0, 148, 64, 138, Thu Aug 22 08:36:57 2024
1250, 0, 133, 61, 137, Thu Aug 22 08:37:57 2024
1248, 0, 137, 66, 137, Thu Aug 22 08:38:57 2024
1249, 0, 140, 65, 143, Thu Aug 22 08:39:57 2024
1215, 0, 119, 55, 125, Thu Aug 22 08:40:57 2024
1306, 0, 136, 70, 139, Thu Aug 22 08:41:57 2024
1269, 0, 130, 69, 144, Thu Aug 22 08:42:57 2024
1276, 0, 138, 72, 148, Thu Aug 22 08:43:57 2024
1230, 0, 122, 55, 127, Thu Aug 22 08:44:57 2024
1236, 0, 132, 64, 130, Thu Aug 22 08:45:57 2024
1244, 0, 126, 65, 144, Thu Aug 22 08:46:57 2024
1205, 0, 121, 57, 112, Thu Aug 22 08:47:57 2024
1255, 0, 139, 70, 147, Thu Aug 22 08:48:57 2024
1229, 0, 148, 69, 148, Thu Aug 22 08:49:57 2024
1316, 0, 136, 71, 157, Thu Aug 22 08:50:57 2024
1226, 0, 127, 69, 137, Thu Aug 22 08:51:57 2024
1195, 0, 137, 56, 128, Thu Aug 22 08:52:57 2024
1207, 0, 125, 65, 134, Thu Aug 22 08:53:57 2024
1309, 0, 132, 64, 137, Thu Aug 22 08:54:57 2024
1274, 0, 155, 79, 164, Thu Aug 22 08:55:57 2024
1253, 0, 126, 60, 153, Thu Aug 22 08:56:57 2024
1261, 0, 139, 58, 132, Thu Aug 22 08:57:57 2024
1288, 0, 129, 53, 129, Thu Aug 22 08:58:57 2024
1200, 0, 123, 65, 133, Thu Aug 22 08:59:57 2024
1233, 0, 147, 68, 144, Thu Aug 22 09:00:57 2024
1228, 0, 140, 67, 131, Thu Aug 22 09:01:57 2024
1214, 0, 129, 64, 148, Thu Aug 22 09:02:57 2024
1235, 0, 128, 54, 135, Thu Aug 22 09:03:57 2024
1277, 0, 129, 61, 148, Thu Aug 22 09:04:57 2024
1191, 0, 141, 62, 119, Thu Aug 22 09:05:57 2024
1320, 0, 146, 70, 140, Thu Aug 22 09:06:57 2024
1270, 0, 136, 72, 152, Thu Aug 22 09:07:57 2024
1280, 0, 140, 70, 143, Thu Aug 22 09:08:57 2024
1175, 0, 158, 83, 142, Thu Aug 22 09:09:57 2024
1287, 0, 133, 60, 154, Thu Aug 22 09:10:57 2024
1226, 0, 141, 71, 137, Thu Aug 22 09:11:57 2024
1291, 0, 137, 65, 142, Thu Aug 22 09:12:57 2024
1278, 0, 145, 72, 143, Thu Aug 22 09:13:57 2024
1249, 0, 137, 54, 122, Thu Aug 22 09:14:57 2024
1174, 0, 142, 70, 124, Thu Aug 22 09:15:57 2024
1301, 0, 127, 70, 135, Thu Aug 22 09:16:57 2024
1239, 0, 143, 84, 150, Thu Aug 22 09:17:57 2024
1222, 0, 148, 68, 135, Thu Aug 22 09:18:57 2024
1184, 0, 123, 60, 123, Thu Aug 22 09:19:57 2024
1228, 0, 130, 63, 141, Thu Aug 22 09:20:57 2024
1233, 0, 114, 61, 119, Thu Aug 22 09:21:57 2024
1276, 0, 152, 79, 160, Thu Aug 22 09:22:57 2024
1180, 0, 131, 59, 132, Thu Aug 22 09:23:57 2024
1245, 0, 135, 68, 144, Thu Aug 22 09:24:57 2024
1258, 0, 135, 65, 131, Thu Aug 22 09:25:57 2024
1244, 0, 119, 57, 133, Thu Aug 22 09:26:57 2024
1268, 0, 128, 55, 112, Thu Aug 22 09:27:57 2024
1207, 0, 135, 58, 133, Thu Aug 22 09:28:57 2024
1170, 0, 130, 56, 123, Thu Aug 22 09:29:57 2024
1236, 0, 111, 48, 134, Thu Aug 22 09:30:57 2024
1232, 0, 144, 64, 134, Thu Aug 22 09:31:57 2024
1226, 0, 133, 73, 138, Thu Aug 22 09:32:57 2024
1248, 0, 139, 66, 131, Thu Aug 22 09:33:57 2024
1248, 0, 152, 72, 135, Thu Aug 22 09:34:57 2024
1280, 0, 141, 65, 138, Thu Aug 22 09:35:57 2024
1324, 0, 140, 65, 135, Thu Aug 22 09:36:57 2024
1261, 0, 121, 61, 140, Thu Aug 22 09:37:57 2024
1304, 0, 124, 58, 116, Thu Aug 22 09:38:57 2024
1209, 0, 145, 64, 128, Thu Aug 22 09:39:57 2024
1291, 0, 137, 61, 139, Thu Aug 22 09:40:57 2024
1241, 0, 140, 71, 149, Thu Aug 22 09:41:57 2024
1261, 0, 129, 55, 121, Thu Aug 22 09:42:57 2024
1296, 0, 129, 65, 139, Thu Aug 22 09:43:57 2024
1252, 0, 120, 60, 134, Thu Aug 22 09:44:57 2024
1271, 0, 136, 70, 149, Thu Aug 22 09:45:57 2024
1309, 0, 152, 86, 168, Thu Aug 22 09:46:57 2024
1307, 0, 140, 65, 149, Thu Aug 22 09:47:57 2024
1171, 0, 121, 58, 118, Thu Aug 22 09:48:57 2024
1190, 0, 142, 64, 144, Thu Aug 22 09:49:57 2024
1251, 0, 143, 69, 140, Thu Aug 22 09:50:57 2024
1247, 0, 145, 76, 147, Thu Aug 22 09:51:57 2024
1241, 0, 127, 59, 140, Thu Aug 22 09:52:57 2024
1209, 0, 127, 61, 115, Thu Aug 22 09:53:57 2024
1262, 0, 140, 69, 138, Thu Aug 22 09:54:57 2024
1283, 0, 152, 75, 134, Thu Aug 22 09:55:57 2024
1205, 0, 155, 69, 145, Thu Aug 22 09:56:57 2024
1267, 0, 138, 61, 135, Thu Aug 22 09:57:57 2024
1272, 0, 133, 78, 142, Thu Aug 22 09:58:57 2024
1240, 0, 125, 56, 120, Thu Aug 22 09:59:57 2024
1316, 0, 137, 65, 134, Thu Aug 22 10:00:57 2024
1257, 0, 130, 71, 132, Thu Aug 22 10:01:57 2024
1170, 0, 133, 56, 119, Thu Aug 22 10:02:57 2024
1221, 0, 145, 71, 137, Thu Aug 22 10:03:57 2024
1254, 0, 129, 56, 136, Thu Aug 22 10:04:57 2024
1221, 0, 148, 82, 147, Thu Aug 22 10:05:57 2024
1225, 0, 145, 70, 132, Thu Aug 22 10:06:57 2024
1294, 0, 156, 69, 136, Thu Aug 22 10:07:57 2024
1248, 0, 150, 70, 136, Thu Aug 22 10:08:57 2024
1282, 0, 127, 68, 128, Thu Aug 22 10:09:57 2024
1259, 0, 146, 77, 158, Thu Aug 22 10:10:57 2024
1247, 0, 145, 68, 136, Thu Aug 22 10:11:57 2024
1242, 0, 122, 60, 134, Thu Aug 22 10:12:57 2024
1274, 0, 134, 80, 139, Thu Aug 22 10:13:57 2024
1187, 0, 143, 63, 118, Thu Aug 22 10:14:57 2024
1253, 0, 116, 47, 134, Thu Aug 22 10:15:57 2024
1235, 0, 140, 68, 146, Thu Aug 22 10:16:57 2024
1256, 0, 137, 68, 146, Thu Aug 22 10:17:57 2024
1239, 0, 125, 59, 115, Thu Aug 22 10:18:57 2024
1224, 0, 141, 67, 135, Thu Aug 22 10:19:57 2024
1244, 0, 114, 57, 127, Thu Aug 22 10:20:57 2024
1211, 0, 112, 57, 133, Thu Aug 22 10:21:57 2024
1197, 0, 145, 64, 121, Thu Aug 22 10:22:57 2024
1239, 0, 148, 69, 141, Thu Aug 22 10:23:57 2024
1266, 0, 121, 62, 138, Thu Aug 22 10:24:57 2024
1275, 0, 133, 52, 121, Thu Aug 22 10:25:57 2024
1277, 0, 119, 49, 127, Thu Aug 22 10:26:57 2024
1258, 0, 153, 77, 158, Thu Aug 22 10:27:57 2024
1221, 0, 127, 66, 147, Thu Aug 22 10:28:57 2024
1235, 0, 139, 76, 141, Thu Aug 22 10:29:57 2024
1287, 0, 157, 85, 151, Thu Aug 22 10:30:57 2024
1228, 0, 149, 64, 133, Thu Aug 22 10:31:57 2024
1221, 0, 130, 62, 129, Thu Aug 22 10:32:57 2024
1198, 0, 127, 60, 127, Thu Aug 22 10:33:57 2024
1219, 0, 132, 57, 141, Thu Aug 22 10:34:57 2024
1282, 0, 155, 77, 156, Thu Aug 22 10:35:57 2024
1275, 0, 132, 68, 119, Thu Aug 22 10:36:57 2024
1221, 0, 125, 59, 126, Thu Aug 22 10:37:57 2024
1269, 0, 141, 69, 147, Thu Aug 22 10:38:57 2024
1271, 0, 140, 68, 135, Thu Aug 22 10:39:57 2024
1304, 0, 116, 57, 128, Thu Aug 22 10:40:57 2024
1256, 0, 122, 64, 146, Thu Aug 22 10:41:57 2024
1191, 0, 131, 57, 137, Thu Aug 22 10:42:57 2024
1230, 0, 163, 74, 157, Thu Aug 22 10:43:57 2024
1227, 0, 122, 69, 130, Thu Aug 22 10:44:57 2024
1215, 0, 127, 57, 127, Thu Aug 22 10:45:57 2024
1273, 0, 151, 82, 161, Thu Aug 22 10:46:57 2024
1229, 0, 122, 50, 120, Thu Aug 22 10:47:57 2024
1299, 0, 139, 69, 157, Thu Aug 22 10:48:57 2024
1291, 0, 145, 71, 156, Thu Aug 22 10:49:57 2024
1265, 0, 151, 65, 138, Thu Aug 22 10:50:57 2024
1240, 0, 132, 70, 149, Thu Aug 22 10:51:57 2024
1217, 0, 116, 63, 126, Thu Aug 22 10:52:57 2024
1206, 0, 133, 61, 137, Thu Aug 22 10:53:57 2024
1256, 0, 144, 69, 134, Thu Aug 22 10:54:57 2024
1261, 0, 131, 58, 130, Thu Aug 22 10:55:57 2024
1259, 0, 133, 56, 123, Thu Aug 22 10:56:57 2024
1183, 0, 126, 46, 122, Thu Aug 22 10:57:57 2024
1279, 0, 137, 68, 138, Thu Aug 22 10:58:57 2024
1268, 0, 135, 67, 133, Thu Aug 22 10:59:57 2024
1349, 0, 147, 66, 140, Thu Aug 22 11:00:57 2024
1209, 0, 118, 51, 130, Thu Aug 22 11:01:57 2024
1339, 0, 143, 73, 149, Thu Aug 22 11:02:57 2024
1237, 0, 126, 45, 101, Thu Aug 22 11:03:57 2024
1205, 0, 135, 68, 133, Thu Aug 22 11:04:57 2024
1284, 0, 133, 69, 152, Thu Aug 22 11:05:57 2024
1236, 0, 158, 75, 147, Thu Aug 22 11:06:57 2024
1210, 0, 120, 66, 136, Thu Aug 22 11:07:57 2024
1242, 0, 150, 75, 158, Thu Aug 22 11:08:57 2024
1346, 0, 148, 79, 169, Thu Aug 22 11:09:57 2024
1277, 0, 139, 80, 156, Thu Aug 22 11:10:57 2024
1265, 0, 148, 72, 137, Thu Aug 22 11:11:57 2024
1278, 0, 147, 79, 169, Thu Aug 22 11:12:57 2024
1272, 0, 148, 75, 144, Thu Aug 22 11:13:57 2024
1282, 0, 136, 75, 135, Thu Aug 22 11:14:57 2024
1220, 0, 132, 59, 121, Thu Aug 22 11:15:57 2024
1258, 0, 128, 67, 128, Thu Aug 22 11:16:57 2024
1209, 0, 125, 60, 139, Thu Aug 22 11:17:57 2024
1222, 0, 136, 57, 145, Thu Aug 22 11:18:57 2024
1271, 0, 131, 63, 147, Thu Aug 22 11:19:57 2024
1210, 0, 115, 52, 117, Thu Aug 22 11:20:57 2024
1232, 0, 131, 61, 135, Thu Aug 22 11:21:57 2024
1327, 0, 142, 58, 141, Thu Aug 22 11:22:57 2024
1251, 0, 145, 67, 134, Thu Aug 22 11:23:57 2024
1266, 0, 147, 76, 145, Thu Aug 22 11:24:57 2024
1208, 0, 129, 63, 126, Thu Aug 22 11:25:57 2024
1258, 0, 144, 67, 153, Thu Aug 22 11:26:57 2024
1212, 0, 138, 57, 138, Thu Aug 22 11:27:57 2024
1234, 0, 128, 61, 146, Thu Aug 22 11:28:57 2024
1170, 0, 136, 65, 124, Thu Aug 22 11:29:57 2024
1278, 0, 143, 75, 147, Thu Aug 22 11:30:57 2024
1220, 0, 128, 62, 124, Thu Aug 22 11:31:57 2024
1242, 0, 139, 83, 155, Thu Aug 22 11:32:57 2024
1252, 0, 147, 72, 148, Thu Aug 22 11:33:57 2024
1264, 0, 146, 67, 146, Thu Aug 22 11:34:57 2024
1249, 0, 137, 65, 144, Thu Aug 22 11:35:57 2024
1226, 0, 126, 62, 121, Thu Aug 22 11:36:57 2024
1237, 0, 151, 75, 121, Thu Aug 22 11:37:57 2024
1306, 0, 133, 72, 141, Thu Aug 22 11:38:57 2024
1292, 0, 165, 83, 153, Thu Aug 22 11:39:57 2024
1307, 0, 151, 79, 145, Thu Aug 22 11:40:57 2024
1296, 0, 145, 62, 128, Thu Aug 22 11:41:57 2024
1396, 0, 113, 55, 130, Thu Aug 22 11:42:57 2024
1319, 0, 145, 68, 138, Thu Aug 22 11:43:57 2024
1317, 0, 139, 75, 146, Thu Aug 22 11:44:57 2024
1342, 0, 137, 58, 126, Thu Aug 22 11:45:57 2024
1306, 0, 163, 75, 158, Thu Aug 22 11:46:57 2024
1331, 0, 158, 77, 153, Thu Aug 22 11:47:57 2024
1354, 0, 132, 64, 135, Thu Aug 22 11:48:57 2024
1301, 0, 134, 62, 130, Thu Aug 22 11:49:57 2024
1344, 0, 124, 69, 139, Thu Aug 22 11:50:57 2024
1355, 0, 171, 89, 169, Thu Aug 22 11:51:57 2024
1350, 0, 126, 65, 130, Thu Aug 22 11:52:57 2024
1396, 0, 144, 71, 162, Thu Aug 22 11:53:57 2024
1386, 0, 149, 77, 152, Thu Aug 22 11:54:57 2024
1318, 0, 120, 66, 124, Thu Aug 22 11:55:57 2024
1370, 0, 128, 65, 133, Thu Aug 22 11:56:57 2024
1274, 0, 135, 71, 129, Thu Aug 22 11:57:57 2024
1373, 0, 149, 74, 138, Thu Aug 22 11:58:57 2024
1262, 0, 130, 64, 131, Thu Aug 22 11:59:57 2024
1347, 0, 163, 79, 147, Thu Aug 22 12:00:57 2024
1263, 0, 123, 61, 141, Thu Aug 22 12:01:57 2024
1282, 0, 142, 70, 152, Thu Aug 22 12:02:57 2024
1398, 0, 119, 58, 135, Thu Aug 22 12:03:57 2024
1227, 0, 139, 61, 127, Thu Aug 22 12:04:57 2024
1274, 0, 139, 58, 145, Thu Aug 22 12:05:57 2024
1271, 0, 148, 61, 118, Thu Aug 22 12:06:57 2024
1306, 0, 132, 63, 134, Thu Aug 22 12:07:57 2024
1327, 0, 138, 73, 151, Thu Aug 22 12:08:57 2024
1297, 0, 134, 63, 132, Thu Aug 22 12:09:57 2024
1305, 0, 144, 81, 151, Thu Aug 22 12:10:57 2024
1283, 0, 143, 70, 145, Thu Aug 22 12:11:57 2024
1276, 0, 136, 64, 132, Thu Aug 22 12:12:57 2024
1361, 0, 127, 66, 140, Thu Aug 22 12:13:57 2024
1275, 0, 138, 61, 126, Thu Aug 22 12:14:57 2024
1300, 0, 134, 56, 117, Thu Aug 22 12:15:57 2024
1269, 0, 140, 69, 137, Thu Aug 22 12:16:57 2024
1278, 0, 161, 88, 155, Thu Aug 22 12:17:57 2024
1298, 0, 144, 61, 147, Thu Aug 22 12:18:57 2024
1252, 0, 138, 66, 120, Thu Aug 22 12:19:57 2024
1248, 0, 125, 46, 123, Thu Aug 22 12:20:57 2024
1229, 0, 127, 70, 123, Thu Aug 22 12:21:57 2024
1203, 0, 126, 56, 121, Thu Aug 22 12:22:57 2024
1311, 0, 141, 59, 143, Thu Aug 22 12:23:57 2024
1253, 0, 120, 49, 112, Thu Aug 22 12:24:57 2024
1276, 0, 126, 50, 123, Thu Aug 22 12:25:57 2024
1248, 0, 157, 77, 151, Thu Aug 22 12:26:57 2024
1297, 0, 134, 63, 130, Thu Aug 22 12:27:57 2024
1259, 0, 118, 48, 121, Thu Aug 22 12:28:57 2024
1340, 0, 150, 68, 145, Thu Aug 22 12:29:57 2024
1230, 0, 140, 69, 132, Thu Aug 22 12:30:57 2024
1297, 0, 125, 59, 129, Thu Aug 22 12:31:57 2024
